[0.174s] Invoking command in '/home/rds/Desktop/git_ws/ROS_ws/build/first_package_msgs': CMAKE_PREFIX_PATH=${CMAKE_PREFIX_PATH}:/home/rds/Desktop/git_ws/ROS_ws/install/first_package:/opt/ros/humble /usr/bin/cmake --build /home/rds/Desktop/git_ws/ROS_ws/build/first_package_msgs -- -j8 -l8
[0.190s] -- Found ament_cmake: 1.3.8 (/opt/ros/humble/share/ament_cmake/cmake)
[0.269s] -- Found rosidl_default_generators: 1.2.0 (/opt/ros/humble/share/rosidl_default_generators/cmake)
[0.269s] -- Using all available rosidl_typesupport_c: rosidl_typesupport_fastrtps_c;rosidl_typesupport_introspection_c
[0.271s] -- Found rosidl_adapter: 3.1.5 (/opt/ros/humble/share/rosidl_adapter/cmake)
[0.288s] -- Using all available rosidl_typesupport_cpp: rosidl_typesupport_fastrtps_cpp;rosidl_typesupport_introspection_cpp
[0.563s] -- Found ament_cmake_ros: 0.10.0 (/opt/ros/humble/share/ament_cmake_ros/cmake)
[0.693s] -- Using all available rosidl_typesupport_c: rosidl_typesupport_fastrtps_c;rosidl_typesupport_introspection_c
[0.854s] -- Using all available rosidl_typesupport_cpp: rosidl_typesupport_fastrtps_cpp;rosidl_typesupport_introspection_cpp
[0.868s] -- Found python_cmake_module: 0.10.0 (/opt/ros/humble/share/python_cmake_module/cmake)
[0.881s] -- Using PYTHON_EXECUTABLE: /usr/bin/python3
[0.881s] -- Using PYTHON_INCLUDE_DIRS: /usr/include/python3.10
[0.882s] -- Using PYTHON_LIBRARIES: /usr/lib/x86_64-linux-gnu/libpython3.10.so
[0.892s] -- Found ament_lint_auto: 0.12.10 (/opt/ros/humble/share/ament_lint_auto/cmake)
[0.897s] -- Added test 'lint_cmake' to check CMake code style
[0.898s] -- Added test 'xmllint' to check XML markup files
[0.899s] -- Configuring done
[0.919s] -- Generating done
[0.921s] -- Build files have been written to: /home/rds/Desktop/git_ws/ROS_ws/build/first_package_msgs
[0.940s] [  2%] [34m[1mGenerating C code for ROS interfaces[0m
[0.946s] [  4%] [34m[1mGenerating C++ code for ROS interfaces[0m
[0.954s] [  4%] Built target ament_cmake_python_copy_first_package_msgs
[1.119s] running egg_info
[1.120s] writing first_package_msgs.egg-info/PKG-INFO
[1.120s] writing dependency_links to first_package_msgs.egg-info/dependency_links.txt
[1.120s] writing top-level names to first_package_msgs.egg-info/top_level.txt
[1.122s] reading manifest file 'first_package_msgs.egg-info/SOURCES.txt'
[1.122s] writing manifest file 'first_package_msgs.egg-info/SOURCES.txt'
[1.143s] [  4%] Built target ament_cmake_python_build_first_package_msgs_egg
[1.316s] [  4%] Built target first_package_msgs__cpp
[1.323s] [  6%] [34m[1mGenerating C++ introspection for ROS interfaces[0m
[1.324s] [  8%] [34m[1mGenerating C++ type support dispatch for ROS interfaces[0m
[1.324s] [ 10%] [34m[1mGenerating C++ type support for eProsima Fast-RTPS[0m
[1.329s] [35m[1mConsolidate compiler generated dependencies of target first_package_msgs__rosidl_generator_c[0m
[1.339s] [ 12%] [32mBuilding C object CMakeFiles/first_package_msgs__rosidl_generator_c.dir/rosidl_generator_c/first_package_msgs/msg/detail/cmd_and_pose_vel__functions.c.o[0m
[1.342s] [ 14%] [32mBuilding C object CMakeFiles/first_package_msgs__rosidl_generator_c.dir/rosidl_generator_c/first_package_msgs/srv/detail/multi_spawn__functions.c.o[0m
[1.343s] [ 17%] [32mBuilding C object CMakeFiles/first_package_msgs__rosidl_generator_c.dir/rosidl_generator_c/first_package_msgs/action/detail/dist_turtle__functions.c.o[0m
[1.477s] [ 19%] [32m[1mLinking C shared library libfirst_package_msgs__rosidl_generator_c.so[0m
[1.505s] [ 19%] Built target first_package_msgs__rosidl_generator_c
[1.513s] [ 21%] [34m[1mGenerating C introspection for ROS interfaces[0m
[1.515s] [ 25%] [34m[1mGenerating C type support for eProsima Fast-RTPS[0m
[1.515s] [ 25%] [34m[1mGenerating C type support dispatch for ROS interfaces[0m
[1.665s] [35m[1mConsolidate compiler generated dependencies of target first_package_msgs__rosidl_typesupport_cpp[0m
[1.679s] [ 31%] [32mBuilding CXX object CMakeFiles/first_package_msgs__rosidl_typesupport_cpp.dir/rosidl_typesupport_cpp/first_package_msgs/srv/multi_spawn__type_support.cpp.o[0m
[1.679s] [ 31%] [32mBuilding CXX object CMakeFiles/first_package_msgs__rosidl_typesupport_cpp.dir/rosidl_typesupport_cpp/first_package_msgs/action/dist_turtle__type_support.cpp.o[0m
[1.679s] [ 31%] [32mBuilding CXX object CMakeFiles/first_package_msgs__rosidl_typesupport_cpp.dir/rosidl_typesupport_cpp/first_package_msgs/msg/cmd_and_pose_vel__type_support.cpp.o[0m
[1.744s] [35m[1mConsolidate compiler generated dependencies of target first_package_msgs__rosidl_typesupport_fastrtps_cpp[0m
[1.762s] [ 34%] [32mBuilding CXX object CMakeFiles/first_package_msgs__rosidl_typesupport_fastrtps_cpp.dir/rosidl_typesupport_fastrtps_cpp/first_package_msgs/msg/detail/dds_fastrtps/cmd_and_pose_vel__type_support.cpp.o[0m
[1.853s] [35m[1mConsolidate compiler generated dependencies of target first_package_msgs__rosidl_typesupport_introspection_cpp[0m
[1.882s] [ 36%] [32mBuilding CXX object CMakeFiles/first_package_msgs__rosidl_typesupport_introspection_cpp.dir/rosidl_typesupport_introspection_cpp/first_package_msgs/msg/detail/cmd_and_pose_vel__type_support.cpp.o[0m
[1.929s] [35m[1mConsolidate compiler generated dependencies of target first_package_msgs__rosidl_typesupport_c[0m
[1.954s] [ 38%] [32mBuilding CXX object CMakeFiles/first_package_msgs__rosidl_typesupport_c.dir/rosidl_typesupport_c/first_package_msgs/msg/cmd_and_pose_vel__type_support.cpp.o[0m
[1.957s] [ 40%] [32mBuilding CXX object CMakeFiles/first_package_msgs__rosidl_typesupport_fastrtps_cpp.dir/rosidl_typesupport_fastrtps_cpp/first_package_msgs/action/detail/dds_fastrtps/dist_turtle__type_support.cpp.o[0m
[1.958s] [ 42%] [32mBuilding CXX object CMakeFiles/first_package_msgs__rosidl_typesupport_introspection_cpp.dir/rosidl_typesupport_introspection_cpp/first_package_msgs/action/detail/dist_turtle__type_support.cpp.o[0m
[1.985s] [ 44%] [32mBuilding CXX object CMakeFiles/first_package_msgs__rosidl_typesupport_c.dir/rosidl_typesupport_c/first_package_msgs/action/dist_turtle__type_support.cpp.o[0m
[1.997s] [35m[1mConsolidate compiler generated dependencies of target first_package_msgs__rosidl_typesupport_introspection_c[0m
[2.012s] [ 46%] [32mBuilding C object CMakeFiles/first_package_msgs__rosidl_typesupport_introspection_c.dir/rosidl_typesupport_introspection_c/first_package_msgs/msg/detail/cmd_and_pose_vel__type_support.c.o[0m
[2.038s] [ 48%] [32mBuilding CXX object CMakeFiles/first_package_msgs__rosidl_typesupport_c.dir/rosidl_typesupport_c/first_package_msgs/srv/multi_spawn__type_support.cpp.o[0m
[2.049s] [ 51%] [32mBuilding C object CMakeFiles/first_package_msgs__rosidl_typesupport_introspection_c.dir/rosidl_typesupport_introspection_c/first_package_msgs/action/detail/dist_turtle__type_support.c.o[0m
[2.072s] [ 53%] [32m[1mLinking CXX shared library libfirst_package_msgs__rosidl_typesupport_c.so[0m
[2.102s] [ 55%] [32mBuilding C object CMakeFiles/first_package_msgs__rosidl_typesupport_introspection_c.dir/rosidl_typesupport_introspection_c/first_package_msgs/srv/detail/multi_spawn__type_support.c.o[0m
[2.118s] [ 55%] Built target first_package_msgs__rosidl_typesupport_c
[2.128s] [ 57%] [32mBuilding CXX object CMakeFiles/first_package_msgs__rosidl_typesupport_introspection_cpp.dir/rosidl_typesupport_introspection_cpp/first_package_msgs/srv/detail/multi_spawn__type_support.cpp.o[0m
[2.131s] [35m[1mConsolidate compiler generated dependencies of target first_package_msgs__rosidl_typesupport_fastrtps_c[0m
[2.150s] [ 59%] [32m[1mLinking C shared library libfirst_package_msgs__rosidl_typesupport_introspection_c.so[0m
[2.151s] [ 61%] [32mBuilding CXX object CMakeFiles/first_package_msgs__rosidl_typesupport_fastrtps_c.dir/rosidl_typesupport_fastrtps_c/first_package_msgs/msg/detail/cmd_and_pose_vel__type_support_c.cpp.o[0m
[2.164s] [ 63%] [32m[1mLinking CXX shared library libfirst_package_msgs__rosidl_typesupport_cpp.so[0m
[2.170s] [ 65%] [32mBuilding CXX object CMakeFiles/first_package_msgs__rosidl_typesupport_fastrtps_c.dir/rosidl_typesupport_fastrtps_c/first_package_msgs/action/detail/dist_turtle__type_support_c.cpp.o[0m
[2.185s] [ 65%] Built target first_package_msgs__rosidl_typesupport_introspection_c
[2.195s] [ 68%] [32mBuilding CXX object CMakeFiles/first_package_msgs__rosidl_typesupport_fastrtps_c.dir/rosidl_typesupport_fastrtps_c/first_package_msgs/srv/detail/multi_spawn__type_support_c.cpp.o[0m
[2.211s] [ 68%] Built target first_package_msgs__rosidl_typesupport_cpp
[2.221s] [ 70%] [32mBuilding CXX object CMakeFiles/first_package_msgs__rosidl_typesupport_fastrtps_cpp.dir/rosidl_typesupport_fastrtps_cpp/first_package_msgs/srv/detail/dds_fastrtps/multi_spawn__type_support.cpp.o[0m
[2.556s] [ 72%] [32m[1mLinking CXX shared library libfirst_package_msgs__rosidl_typesupport_fastrtps_c.so[0m
[2.577s] [ 74%] [32m[1mLinking CXX shared library libfirst_package_msgs__rosidl_typesupport_introspection_cpp.so[0m
[2.617s] [ 74%] Built target first_package_msgs__rosidl_typesupport_fastrtps_c
[2.635s] [ 74%] Built target first_package_msgs__rosidl_typesupport_introspection_cpp
[2.647s] [ 76%] [32m[1mLinking CXX shared library libfirst_package_msgs__rosidl_typesupport_fastrtps_cpp.so[0m
[2.710s] [ 76%] Built target first_package_msgs__rosidl_typesupport_fastrtps_cpp
[2.726s] [ 76%] Built target first_package_msgs
[2.747s] [ 78%] [34m[1mGenerating Python code for ROS interfaces[0m
[3.353s] [ 78%] Built target first_package_msgs__py
[3.360s] [35m[1mConsolidate compiler generated dependencies of target first_package_msgs__rosidl_generator_py[0m
[3.370s] [ 85%] [32mBuilding C object CMakeFiles/first_package_msgs__rosidl_generator_py.dir/rosidl_generator_py/first_package_msgs/srv/_multi_spawn_s.c.o[0m
[3.370s] [ 85%] [32mBuilding C object CMakeFiles/first_package_msgs__rosidl_generator_py.dir/rosidl_generator_py/first_package_msgs/msg/_cmd_and_pose_vel_s.c.o[0m
[3.370s] [ 85%] [32mBuilding C object CMakeFiles/first_package_msgs__rosidl_generator_py.dir/rosidl_generator_py/first_package_msgs/action/_dist_turtle_s.c.o[0m
[3.466s] [ 87%] [32m[1mLinking C shared library rosidl_generator_py/first_package_msgs/libfirst_package_msgs__rosidl_generator_py.so[0m
[3.495s] [ 87%] Built target first_package_msgs__rosidl_generator_py
[3.503s] [35m[1mConsolidate compiler generated dependencies of target first_package_msgs__rosidl_typesupport_c__pyext[0m
[3.503s] [35m[1mConsolidate compiler generated dependencies of target first_package_msgs__rosidl_typesupport_introspection_c__pyext[0m
[3.504s] [35m[1mConsolidate compiler generated dependencies of target first_package_msgs__rosidl_typesupport_fastrtps_c__pyext[0m
[3.513s] [ 89%] [32mBuilding C object CMakeFiles/first_package_msgs__rosidl_typesupport_introspection_c__pyext.dir/rosidl_generator_py/first_package_msgs/_first_package_msgs_s.ep.rosidl_typesupport_introspection_c.c.o[0m
[3.513s] [ 91%] [32mBuilding C object CMakeFiles/first_package_msgs__rosidl_typesupport_c__pyext.dir/rosidl_generator_py/first_package_msgs/_first_package_msgs_s.ep.rosidl_typesupport_c.c.o[0m
[3.517s] [ 93%] [32mBuilding C object CMakeFiles/first_package_msgs__rosidl_typesupport_fastrtps_c__pyext.dir/rosidl_generator_py/first_package_msgs/_first_package_msgs_s.ep.rosidl_typesupport_fastrtps_c.c.o[0m
[3.620s] [ 95%] [32m[1mLinking C shared library rosidl_generator_py/first_package_msgs/first_package_msgs_s__rosidl_typesupport_c.cpython-310-x86_64-linux-gnu.so[0m
[3.623s] [ 97%] [32m[1mLinking C shared library rosidl_generator_py/first_package_msgs/first_package_msgs_s__rosidl_typesupport_introspection_c.cpython-310-x86_64-linux-gnu.so[0m
[3.660s] [100%] [32m[1mLinking C shared library rosidl_generator_py/first_package_msgs/first_package_msgs_s__rosidl_typesupport_fastrtps_c.cpython-310-x86_64-linux-gnu.so[0m
[3.668s] [100%] Built target first_package_msgs__rosidl_typesupport_c__pyext
[3.669s] [100%] Built target first_package_msgs__rosidl_typesupport_introspection_c__pyext
[3.694s] [100%] Built target first_package_msgs__rosidl_typesupport_fastrtps_c__pyext
[3.704s] Invoked command in '/home/rds/Desktop/git_ws/ROS_ws/build/first_package_msgs' returned '0': CMAKE_PREFIX_PATH=${CMAKE_PREFIX_PATH}:/home/rds/Desktop/git_ws/ROS_ws/install/first_package:/opt/ros/humble /usr/bin/cmake --build /home/rds/Desktop/git_ws/ROS_ws/build/first_package_msgs -- -j8 -l8
[3.771s] Invoking command in '/home/rds/Desktop/git_ws/ROS_ws/build/first_package_msgs': CMAKE_PREFIX_PATH=${CMAKE_PREFIX_PATH}:/home/rds/Desktop/git_ws/ROS_ws/install/first_package:/opt/ros/humble /usr/bin/cmake --install /home/rds/Desktop/git_ws/ROS_ws/build/first_package_msgs
[3.778s] -- Install configuration: ""
[3.779s] -- Installing: /home/rds/Desktop/git_ws/ROS_ws/install/first_package_msgs/share/ament_index/resource_index/rosidl_interfaces/first_package_msgs
[3.779s] -- Up-to-date: /home/rds/Desktop/git_ws/ROS_ws/install/first_package_msgs/include/first_package_msgs/first_package_msgs
[3.779s] -- Up-to-date: /home/rds/Desktop/git_ws/ROS_ws/install/first_package_msgs/include/first_package_msgs/first_package_msgs/msg
[3.779s] -- Up-to-date: /home/rds/Desktop/git_ws/ROS_ws/install/first_package_msgs/include/first_package_msgs/first_package_msgs/msg/detail
[3.779s] -- Installing: /home/rds/Desktop/git_ws/ROS_ws/install/first_package_msgs/include/first_package_msgs/first_package_msgs/msg/detail/cmd_and_pose_vel__struct.h
[3.779s] -- Installing: /home/rds/Desktop/git_ws/ROS_ws/install/first_package_msgs/include/first_package_msgs/first_package_msgs/msg/detail/cmd_and_pose_vel__functions.h
[3.779s] -- Installing: /home/rds/Desktop/git_ws/ROS_ws/install/first_package_msgs/include/first_package_msgs/first_package_msgs/msg/detail/cmd_and_pose_vel__type_support.h
[3.779s] -- Installing: /home/rds/Desktop/git_ws/ROS_ws/install/first_package_msgs/include/first_package_msgs/first_package_msgs/msg/detail/cmd_and_pose_vel__functions.c
[3.779s] -- Up-to-date: /home/rds/Desktop/git_ws/ROS_ws/install/first_package_msgs/include/first_package_msgs/first_package_msgs/msg/rosidl_generator_c__visibility_control.h
[3.779s] -- Installing: /home/rds/Desktop/git_ws/ROS_ws/install/first_package_msgs/include/first_package_msgs/first_package_msgs/msg/cmd_and_pose_vel.h
[3.779s] -- Up-to-date: /home/rds/Desktop/git_ws/ROS_ws/install/first_package_msgs/include/first_package_msgs/first_package_msgs/srv
[3.779s] -- Up-to-date: /home/rds/Desktop/git_ws/ROS_ws/install/first_package_msgs/include/first_package_msgs/first_package_msgs/srv/detail
[3.779s] -- Installing: /home/rds/Desktop/git_ws/ROS_ws/install/first_package_msgs/include/first_package_msgs/first_package_msgs/srv/detail/multi_spawn__struct.h
[3.779s] -- Installing: /home/rds/Desktop/git_ws/ROS_ws/install/first_package_msgs/include/first_package_msgs/first_package_msgs/srv/detail/multi_spawn__type_support.h
[3.780s] -- Installing: /home/rds/Desktop/git_ws/ROS_ws/install/first_package_msgs/include/first_package_msgs/first_package_msgs/srv/detail/multi_spawn__functions.h
[3.780s] -- Installing: /home/rds/Desktop/git_ws/ROS_ws/install/first_package_msgs/include/first_package_msgs/first_package_msgs/srv/detail/multi_spawn__functions.c
[3.780s] -- Installing: /home/rds/Desktop/git_ws/ROS_ws/install/first_package_msgs/include/first_package_msgs/first_package_msgs/srv/multi_spawn.h
[3.780s] -- Up-to-date: /home/rds/Desktop/git_ws/ROS_ws/install/first_package_msgs/include/first_package_msgs/first_package_msgs/action
[3.780s] -- Up-to-date: /home/rds/Desktop/git_ws/ROS_ws/install/first_package_msgs/include/first_package_msgs/first_package_msgs/action/detail
[3.780s] -- Up-to-date: /home/rds/Desktop/git_ws/ROS_ws/install/first_package_msgs/include/first_package_msgs/first_package_msgs/action/detail/distturtle__functions.c
[3.780s] -- Installing: /home/rds/Desktop/git_ws/ROS_ws/install/first_package_msgs/include/first_package_msgs/first_package_msgs/action/detail/dist_turtle__struct.h
[3.780s] -- Installing: /home/rds/Desktop/git_ws/ROS_ws/install/first_package_msgs/include/first_package_msgs/first_package_msgs/action/detail/dist_turtle__functions.h
[3.780s] -- Up-to-date: /home/rds/Desktop/git_ws/ROS_ws/install/first_package_msgs/include/first_package_msgs/first_package_msgs/action/detail/distturtle__functions.h
[3.780s] -- Installing: /home/rds/Desktop/git_ws/ROS_ws/install/first_package_msgs/include/first_package_msgs/first_package_msgs/action/detail/dist_turtle__functions.c
[3.780s] -- Installing: /home/rds/Desktop/git_ws/ROS_ws/install/first_package_msgs/include/first_package_msgs/first_package_msgs/action/detail/dist_turtle__type_support.h
[3.780s] -- Up-to-date: /home/rds/Desktop/git_ws/ROS_ws/install/first_package_msgs/include/first_package_msgs/first_package_msgs/action/detail/distturtle__struct.h
[3.780s] -- Up-to-date: /home/rds/Desktop/git_ws/ROS_ws/install/first_package_msgs/include/first_package_msgs/first_package_msgs/action/detail/distturtle__type_support.h
[3.780s] -- Installing: /home/rds/Desktop/git_ws/ROS_ws/install/first_package_msgs/include/first_package_msgs/first_package_msgs/action/dist_turtle.h
[3.780s] -- Up-to-date: /home/rds/Desktop/git_ws/ROS_ws/install/first_package_msgs/include/first_package_msgs/first_package_msgs/action/distturtle.h
[3.781s] -- Up-to-date: /home/rds/Desktop/git_ws/ROS_ws/install/first_package_msgs/share/first_package_msgs/environment/library_path.sh
[3.781s] -- Installing: /home/rds/Desktop/git_ws/ROS_ws/install/first_package_msgs/share/first_package_msgs/environment/library_path.dsv
[3.781s] -- Installing: /home/rds/Desktop/git_ws/ROS_ws/install/first_package_msgs/lib/libfirst_package_msgs__rosidl_generator_c.so
[3.781s] -- Set runtime path of "/home/rds/Desktop/git_ws/ROS_ws/install/first_package_msgs/lib/libfirst_package_msgs__rosidl_generator_c.so" to ""
[3.781s] -- Up-to-date: /home/rds/Desktop/git_ws/ROS_ws/install/first_package_msgs/include/first_package_msgs/first_package_msgs
[3.781s] -- Up-to-date: /home/rds/Desktop/git_ws/ROS_ws/install/first_package_msgs/include/first_package_msgs/first_package_msgs/msg
[3.781s] -- Up-to-date: /home/rds/Desktop/git_ws/ROS_ws/install/first_package_msgs/include/first_package_msgs/first_package_msgs/msg/detail
[3.781s] -- Installing: /home/rds/Desktop/git_ws/ROS_ws/install/first_package_msgs/include/first_package_msgs/first_package_msgs/msg/detail/cmd_and_pose_vel__rosidl_typesupport_fastrtps_c.h
[3.781s] -- Up-to-date: /home/rds/Desktop/git_ws/ROS_ws/install/first_package_msgs/include/first_package_msgs/first_package_msgs/msg/rosidl_typesupport_fastrtps_c__visibility_control.h
[3.781s] -- Up-to-date: /home/rds/Desktop/git_ws/ROS_ws/install/first_package_msgs/include/first_package_msgs/first_package_msgs/srv
[3.781s] -- Up-to-date: /home/rds/Desktop/git_ws/ROS_ws/install/first_package_msgs/include/first_package_msgs/first_package_msgs/srv/detail
[3.781s] -- Installing: /home/rds/Desktop/git_ws/ROS_ws/install/first_package_msgs/include/first_package_msgs/first_package_msgs/srv/detail/multi_spawn__rosidl_typesupport_fastrtps_c.h
[3.781s] -- Up-to-date: /home/rds/Desktop/git_ws/ROS_ws/install/first_package_msgs/include/first_package_msgs/first_package_msgs/action
[3.782s] -- Up-to-date: /home/rds/Desktop/git_ws/ROS_ws/install/first_package_msgs/include/first_package_msgs/first_package_msgs/action/detail
[3.782s] -- Up-to-date: /home/rds/Desktop/git_ws/ROS_ws/install/first_package_msgs/include/first_package_msgs/first_package_msgs/action/detail/distturtle__rosidl_typesupport_fastrtps_c.h
[3.782s] -- Installing: /home/rds/Desktop/git_ws/ROS_ws/install/first_package_msgs/include/first_package_msgs/first_package_msgs/action/detail/dist_turtle__rosidl_typesupport_fastrtps_c.h
[3.782s] -- Installing: /home/rds/Desktop/git_ws/ROS_ws/install/first_package_msgs/lib/libfirst_package_msgs__rosidl_typesupport_fastrtps_c.so
[3.782s] -- Set runtime path of "/home/rds/Desktop/git_ws/ROS_ws/install/first_package_msgs/lib/libfirst_package_msgs__rosidl_typesupport_fastrtps_c.so" to ""
[3.782s] -- Up-to-date: /home/rds/Desktop/git_ws/ROS_ws/install/first_package_msgs/include/first_package_msgs/first_package_msgs
[3.782s] -- Up-to-date: /home/rds/Desktop/git_ws/ROS_ws/install/first_package_msgs/include/first_package_msgs/first_package_msgs/msg
[3.782s] -- Up-to-date: /home/rds/Desktop/git_ws/ROS_ws/install/first_package_msgs/include/first_package_msgs/first_package_msgs/msg/detail
[3.782s] -- Installing: /home/rds/Desktop/git_ws/ROS_ws/install/first_package_msgs/include/first_package_msgs/first_package_msgs/msg/detail/cmd_and_pose_vel__rosidl_typesupport_introspection_c.h
[3.782s] -- Installing: /home/rds/Desktop/git_ws/ROS_ws/install/first_package_msgs/include/first_package_msgs/first_package_msgs/msg/detail/cmd_and_pose_vel__type_support.c
[3.782s] -- Up-to-date: /home/rds/Desktop/git_ws/ROS_ws/install/first_package_msgs/include/first_package_msgs/first_package_msgs/msg/rosidl_typesupport_introspection_c__visibility_control.h
[3.782s] -- Up-to-date: /home/rds/Desktop/git_ws/ROS_ws/install/first_package_msgs/include/first_package_msgs/first_package_msgs/srv
[3.782s] -- Up-to-date: /home/rds/Desktop/git_ws/ROS_ws/install/first_package_msgs/include/first_package_msgs/first_package_msgs/srv/detail
[3.783s] -- Installing: /home/rds/Desktop/git_ws/ROS_ws/install/first_package_msgs/include/first_package_msgs/first_package_msgs/srv/detail/multi_spawn__type_support.c
[3.783s] -- Installing: /home/rds/Desktop/git_ws/ROS_ws/install/first_package_msgs/include/first_package_msgs/first_package_msgs/srv/detail/multi_spawn__rosidl_typesupport_introspection_c.h
[3.783s] -- Up-to-date: /home/rds/Desktop/git_ws/ROS_ws/install/first_package_msgs/include/first_package_msgs/first_package_msgs/action
[3.783s] -- Up-to-date: /home/rds/Desktop/git_ws/ROS_ws/install/first_package_msgs/include/first_package_msgs/first_package_msgs/action/detail
[3.783s] -- Up-to-date: /home/rds/Desktop/git_ws/ROS_ws/install/first_package_msgs/include/first_package_msgs/first_package_msgs/action/detail/distturtle__type_support.c
[3.783s] -- Up-to-date: /home/rds/Desktop/git_ws/ROS_ws/install/first_package_msgs/include/first_package_msgs/first_package_msgs/action/detail/distturtle__rosidl_typesupport_introspection_c.h
[3.783s] -- Installing: /home/rds/Desktop/git_ws/ROS_ws/install/first_package_msgs/include/first_package_msgs/first_package_msgs/action/detail/dist_turtle__type_support.c
[3.783s] -- Installing: /home/rds/Desktop/git_ws/ROS_ws/install/first_package_msgs/include/first_package_msgs/first_package_msgs/action/detail/dist_turtle__rosidl_typesupport_introspection_c.h
[3.783s] -- Installing: /home/rds/Desktop/git_ws/ROS_ws/install/first_package_msgs/lib/libfirst_package_msgs__rosidl_typesupport_introspection_c.so
[3.783s] -- Set runtime path of "/home/rds/Desktop/git_ws/ROS_ws/install/first_package_msgs/lib/libfirst_package_msgs__rosidl_typesupport_introspection_c.so" to ""
[3.783s] -- Installing: /home/rds/Desktop/git_ws/ROS_ws/install/first_package_msgs/lib/libfirst_package_msgs__rosidl_typesupport_c.so
[3.783s] -- Set runtime path of "/home/rds/Desktop/git_ws/ROS_ws/install/first_package_msgs/lib/libfirst_package_msgs__rosidl_typesupport_c.so" to ""
[3.783s] -- Up-to-date: /home/rds/Desktop/git_ws/ROS_ws/install/first_package_msgs/include/first_package_msgs/first_package_msgs
[3.783s] -- Up-to-date: /home/rds/Desktop/git_ws/ROS_ws/install/first_package_msgs/include/first_package_msgs/first_package_msgs/msg
[3.784s] -- Up-to-date: /home/rds/Desktop/git_ws/ROS_ws/install/first_package_msgs/include/first_package_msgs/first_package_msgs/msg/detail
[3.784s] -- Installing: /home/rds/Desktop/git_ws/ROS_ws/install/first_package_msgs/include/first_package_msgs/first_package_msgs/msg/detail/cmd_and_pose_vel__struct.hpp
[3.784s] -- Installing: /home/rds/Desktop/git_ws/ROS_ws/install/first_package_msgs/include/first_package_msgs/first_package_msgs/msg/detail/cmd_and_pose_vel__traits.hpp
[3.784s] -- Installing: /home/rds/Desktop/git_ws/ROS_ws/install/first_package_msgs/include/first_package_msgs/first_package_msgs/msg/detail/cmd_and_pose_vel__builder.hpp
[3.784s] -- Installing: /home/rds/Desktop/git_ws/ROS_ws/install/first_package_msgs/include/first_package_msgs/first_package_msgs/msg/cmd_and_pose_vel.hpp
[3.784s] -- Up-to-date: /home/rds/Desktop/git_ws/ROS_ws/install/first_package_msgs/include/first_package_msgs/first_package_msgs/srv
[3.784s] -- Installing: /home/rds/Desktop/git_ws/ROS_ws/install/first_package_msgs/include/first_package_msgs/first_package_msgs/srv/multi_spawn.hpp
[3.784s] -- Up-to-date: /home/rds/Desktop/git_ws/ROS_ws/install/first_package_msgs/include/first_package_msgs/first_package_msgs/srv/detail
[3.784s] -- Installing: /home/rds/Desktop/git_ws/ROS_ws/install/first_package_msgs/include/first_package_msgs/first_package_msgs/srv/detail/multi_spawn__struct.hpp
[3.784s] -- Installing: /home/rds/Desktop/git_ws/ROS_ws/install/first_package_msgs/include/first_package_msgs/first_package_msgs/srv/detail/multi_spawn__traits.hpp
[3.784s] -- Installing: /home/rds/Desktop/git_ws/ROS_ws/install/first_package_msgs/include/first_package_msgs/first_package_msgs/srv/detail/multi_spawn__builder.hpp
[3.784s] -- Up-to-date: /home/rds/Desktop/git_ws/ROS_ws/install/first_package_msgs/include/first_package_msgs/first_package_msgs/action
[3.785s] -- Up-to-date: /home/rds/Desktop/git_ws/ROS_ws/install/first_package_msgs/include/first_package_msgs/first_package_msgs/action/detail
[3.785s] -- Installing: /home/rds/Desktop/git_ws/ROS_ws/install/first_package_msgs/include/first_package_msgs/first_package_msgs/action/detail/dist_turtle__builder.hpp
[3.785s] -- Up-to-date: /home/rds/Desktop/git_ws/ROS_ws/install/first_package_msgs/include/first_package_msgs/first_package_msgs/action/detail/distturtle__struct.hpp
[3.785s] -- Installing: /home/rds/Desktop/git_ws/ROS_ws/install/first_package_msgs/include/first_package_msgs/first_package_msgs/action/detail/dist_turtle__struct.hpp
[3.785s] -- Up-to-date: /home/rds/Desktop/git_ws/ROS_ws/install/first_package_msgs/include/first_package_msgs/first_package_msgs/action/detail/distturtle__builder.hpp
[3.785s] -- Installing: /home/rds/Desktop/git_ws/ROS_ws/install/first_package_msgs/include/first_package_msgs/first_package_msgs/action/detail/dist_turtle__traits.hpp
[3.785s] -- Up-to-date: /home/rds/Desktop/git_ws/ROS_ws/install/first_package_msgs/include/first_package_msgs/first_package_msgs/action/detail/distturtle__traits.hpp
[3.785s] -- Installing: /home/rds/Desktop/git_ws/ROS_ws/install/first_package_msgs/include/first_package_msgs/first_package_msgs/action/dist_turtle.hpp
[3.785s] -- Up-to-date: /home/rds/Desktop/git_ws/ROS_ws/install/first_package_msgs/include/first_package_msgs/first_package_msgs/action/distturtle.hpp
[3.785s] -- Up-to-date: /home/rds/Desktop/git_ws/ROS_ws/install/first_package_msgs/include/first_package_msgs/first_package_msgs
[3.785s] -- Up-to-date: /home/rds/Desktop/git_ws/ROS_ws/install/first_package_msgs/include/first_package_msgs/first_package_msgs/msg
[3.785s] -- Up-to-date: /home/rds/Desktop/git_ws/ROS_ws/install/first_package_msgs/include/first_package_msgs/first_package_msgs/msg/detail
[3.785s] -- Up-to-date: /home/rds/Desktop/git_ws/ROS_ws/install/first_package_msgs/include/first_package_msgs/first_package_msgs/msg/detail/dds_fastrtps
[3.786s] -- Installing: /home/rds/Desktop/git_ws/ROS_ws/install/first_package_msgs/include/first_package_msgs/first_package_msgs/msg/detail/cmd_and_pose_vel__rosidl_typesupport_fastrtps_cpp.hpp
[3.786s] -- Up-to-date: /home/rds/Desktop/git_ws/ROS_ws/install/first_package_msgs/include/first_package_msgs/first_package_msgs/msg/rosidl_typesupport_fastrtps_cpp__visibility_control.h
[3.786s] -- Up-to-date: /home/rds/Desktop/git_ws/ROS_ws/install/first_package_msgs/include/first_package_msgs/first_package_msgs/srv
[3.786s] -- Up-to-date: /home/rds/Desktop/git_ws/ROS_ws/install/first_package_msgs/include/first_package_msgs/first_package_msgs/srv/detail
[3.786s] -- Up-to-date: /home/rds/Desktop/git_ws/ROS_ws/install/first_package_msgs/include/first_package_msgs/first_package_msgs/srv/detail/dds_fastrtps
[3.786s] -- Installing: /home/rds/Desktop/git_ws/ROS_ws/install/first_package_msgs/include/first_package_msgs/first_package_msgs/srv/detail/multi_spawn__rosidl_typesupport_fastrtps_cpp.hpp
[3.786s] -- Up-to-date: /home/rds/Desktop/git_ws/ROS_ws/install/first_package_msgs/include/first_package_msgs/first_package_msgs/action
[3.786s] -- Up-to-date: /home/rds/Desktop/git_ws/ROS_ws/install/first_package_msgs/include/first_package_msgs/first_package_msgs/action/detail
[3.786s] -- Up-to-date: /home/rds/Desktop/git_ws/ROS_ws/install/first_package_msgs/include/first_package_msgs/first_package_msgs/action/detail/dds_fastrtps
[3.786s] -- Installing: /home/rds/Desktop/git_ws/ROS_ws/install/first_package_msgs/include/first_package_msgs/first_package_msgs/action/detail/dist_turtle__rosidl_typesupport_fastrtps_cpp.hpp
[3.786s] -- Up-to-date: /home/rds/Desktop/git_ws/ROS_ws/install/first_package_msgs/include/first_package_msgs/first_package_msgs/action/detail/distturtle__rosidl_typesupport_fastrtps_cpp.hpp
[3.786s] -- Installing: /home/rds/Desktop/git_ws/ROS_ws/install/first_package_msgs/lib/libfirst_package_msgs__rosidl_typesupport_fastrtps_cpp.so
[3.786s] -- Set runtime path of "/home/rds/Desktop/git_ws/ROS_ws/install/first_package_msgs/lib/libfirst_package_msgs__rosidl_typesupport_fastrtps_cpp.so" to ""
[3.786s] -- Up-to-date: /home/rds/Desktop/git_ws/ROS_ws/install/first_package_msgs/include/first_package_msgs/first_package_msgs
[3.786s] -- Up-to-date: /home/rds/Desktop/git_ws/ROS_ws/install/first_package_msgs/include/first_package_msgs/first_package_msgs/msg
[3.787s] -- Up-to-date: /home/rds/Desktop/git_ws/ROS_ws/install/first_package_msgs/include/first_package_msgs/first_package_msgs/msg/detail
[3.787s] -- Installing: /home/rds/Desktop/git_ws/ROS_ws/install/first_package_msgs/include/first_package_msgs/first_package_msgs/msg/detail/cmd_and_pose_vel__rosidl_typesupport_introspection_cpp.hpp
[3.787s] -- Installing: /home/rds/Desktop/git_ws/ROS_ws/install/first_package_msgs/include/first_package_msgs/first_package_msgs/msg/detail/cmd_and_pose_vel__type_support.cpp
[3.787s] -- Up-to-date: /home/rds/Desktop/git_ws/ROS_ws/install/first_package_msgs/include/first_package_msgs/first_package_msgs/srv
[3.787s] -- Up-to-date: /home/rds/Desktop/git_ws/ROS_ws/install/first_package_msgs/include/first_package_msgs/first_package_msgs/srv/detail
[3.787s] -- Installing: /home/rds/Desktop/git_ws/ROS_ws/install/first_package_msgs/include/first_package_msgs/first_package_msgs/srv/detail/multi_spawn__type_support.cpp
[3.787s] -- Installing: /home/rds/Desktop/git_ws/ROS_ws/install/first_package_msgs/include/first_package_msgs/first_package_msgs/srv/detail/multi_spawn__rosidl_typesupport_introspection_cpp.hpp
[3.787s] -- Up-to-date: /home/rds/Desktop/git_ws/ROS_ws/install/first_package_msgs/include/first_package_msgs/first_package_msgs/action
[3.787s] -- Up-to-date: /home/rds/Desktop/git_ws/ROS_ws/install/first_package_msgs/include/first_package_msgs/first_package_msgs/action/detail
[3.787s] -- Installing: /home/rds/Desktop/git_ws/ROS_ws/install/first_package_msgs/include/first_package_msgs/first_package_msgs/action/detail/dist_turtle__rosidl_typesupport_introspection_cpp.hpp
[3.787s] -- Installing: /home/rds/Desktop/git_ws/ROS_ws/install/first_package_msgs/include/first_package_msgs/first_package_msgs/action/detail/dist_turtle__type_support.cpp
[3.787s] -- Up-to-date: /home/rds/Desktop/git_ws/ROS_ws/install/first_package_msgs/include/first_package_msgs/first_package_msgs/action/detail/distturtle__type_support.cpp
[3.787s] -- Up-to-date: /home/rds/Desktop/git_ws/ROS_ws/install/first_package_msgs/include/first_package_msgs/first_package_msgs/action/detail/distturtle__rosidl_typesupport_introspection_cpp.hpp
[3.788s] -- Installing: /home/rds/Desktop/git_ws/ROS_ws/install/first_package_msgs/lib/libfirst_package_msgs__rosidl_typesupport_introspection_cpp.so
[3.788s] -- Set runtime path of "/home/rds/Desktop/git_ws/ROS_ws/install/first_package_msgs/lib/libfirst_package_msgs__rosidl_typesupport_introspection_cpp.so" to ""
[3.788s] -- Installing: /home/rds/Desktop/git_ws/ROS_ws/install/first_package_msgs/lib/libfirst_package_msgs__rosidl_typesupport_cpp.so
[3.788s] -- Set runtime path of "/home/rds/Desktop/git_ws/ROS_ws/install/first_package_msgs/lib/libfirst_package_msgs__rosidl_typesupport_cpp.so" to ""
[3.788s] -- Up-to-date: /home/rds/Desktop/git_ws/ROS_ws/install/first_package_msgs/share/first_package_msgs/environment/pythonpath.sh
[3.788s] -- Installing: /home/rds/Desktop/git_ws/ROS_ws/install/first_package_msgs/share/first_package_msgs/environment/pythonpath.dsv
[3.788s] -- Up-to-date: /home/rds/Desktop/git_ws/ROS_ws/install/first_package_msgs/local/lib/python3.10/dist-packages/first_package_msgs-0.0.0-py3.10.egg-info
[3.788s] -- Installing: /home/rds/Desktop/git_ws/ROS_ws/install/first_package_msgs/local/lib/python3.10/dist-packages/first_package_msgs-0.0.0-py3.10.egg-info/top_level.txt
[3.788s] -- Installing: /home/rds/Desktop/git_ws/ROS_ws/install/first_package_msgs/local/lib/python3.10/dist-packages/first_package_msgs-0.0.0-py3.10.egg-info/SOURCES.txt
[3.788s] -- Installing: /home/rds/Desktop/git_ws/ROS_ws/install/first_package_msgs/local/lib/python3.10/dist-packages/first_package_msgs-0.0.0-py3.10.egg-info/dependency_links.txt
[3.788s] -- Installing: /home/rds/Desktop/git_ws/ROS_ws/install/first_package_msgs/local/lib/python3.10/dist-packages/first_package_msgs-0.0.0-py3.10.egg-info/PKG-INFO
[3.788s] -- Up-to-date: /home/rds/Desktop/git_ws/ROS_ws/install/first_package_msgs/local/lib/python3.10/dist-packages/first_package_msgs
[3.788s] -- Up-to-date: /home/rds/Desktop/git_ws/ROS_ws/install/first_package_msgs/local/lib/python3.10/dist-packages/first_package_msgs/msg
[3.788s] -- Installing: /home/rds/Desktop/git_ws/ROS_ws/install/first_package_msgs/local/lib/python3.10/dist-packages/first_package_msgs/msg/__init__.py
[3.789s] -- Installing: /home/rds/Desktop/git_ws/ROS_ws/install/first_package_msgs/local/lib/python3.10/dist-packages/first_package_msgs/msg/_cmd_and_pose_vel_s.c
[3.789s] -- Installing: /home/rds/Desktop/git_ws/ROS_ws/install/first_package_msgs/local/lib/python3.10/dist-packages/first_package_msgs/msg/_cmd_and_pose_vel.py
[3.789s] -- Installing: /home/rds/Desktop/git_ws/ROS_ws/install/first_package_msgs/local/lib/python3.10/dist-packages/first_package_msgs/first_package_msgs_s__rosidl_typesupport_introspection_c.cpython-310-x86_64-linux-gnu.so
[3.789s] -- Installing: /home/rds/Desktop/git_ws/ROS_ws/install/first_package_msgs/local/lib/python3.10/dist-packages/first_package_msgs/_first_package_msgs_s.ep.rosidl_typesupport_c.c
[3.789s] -- Up-to-date: /home/rds/Desktop/git_ws/ROS_ws/install/first_package_msgs/local/lib/python3.10/dist-packages/first_package_msgs/srv
[3.789s] -- Installing: /home/rds/Desktop/git_ws/ROS_ws/install/first_package_msgs/local/lib/python3.10/dist-packages/first_package_msgs/srv/__init__.py
[3.789s] -- Installing: /home/rds/Desktop/git_ws/ROS_ws/install/first_package_msgs/local/lib/python3.10/dist-packages/first_package_msgs/srv/_multi_spawn.py
[3.789s] -- Installing: /home/rds/Desktop/git_ws/ROS_ws/install/first_package_msgs/local/lib/python3.10/dist-packages/first_package_msgs/srv/_multi_spawn_s.c
[3.789s] -- Installing: /home/rds/Desktop/git_ws/ROS_ws/install/first_package_msgs/local/lib/python3.10/dist-packages/first_package_msgs/__init__.py
[3.789s] -- Installing: /home/rds/Desktop/git_ws/ROS_ws/install/first_package_msgs/local/lib/python3.10/dist-packages/first_package_msgs/first_package_msgs_s__rosidl_typesupport_fastrtps_c.cpython-310-x86_64-linux-gnu.so
[3.789s] -- Installing: /home/rds/Desktop/git_ws/ROS_ws/install/first_package_msgs/local/lib/python3.10/dist-packages/first_package_msgs/_first_package_msgs_s.ep.rosidl_typesupport_fastrtps_c.c
[3.789s] -- Installing: /home/rds/Desktop/git_ws/ROS_ws/install/first_package_msgs/local/lib/python3.10/dist-packages/first_package_msgs/_first_package_msgs_s.ep.rosidl_typesupport_introspection_c.c
[3.789s] -- Installing: /home/rds/Desktop/git_ws/ROS_ws/install/first_package_msgs/local/lib/python3.10/dist-packages/first_package_msgs/first_package_msgs_s__rosidl_typesupport_c.cpython-310-x86_64-linux-gnu.so
[3.789s] -- Up-to-date: /home/rds/Desktop/git_ws/ROS_ws/install/first_package_msgs/local/lib/python3.10/dist-packages/first_package_msgs/action
[3.789s] -- Installing: /home/rds/Desktop/git_ws/ROS_ws/install/first_package_msgs/local/lib/python3.10/dist-packages/first_package_msgs/action/_dist_turtle_s.c
[3.789s] -- Installing: /home/rds/Desktop/git_ws/ROS_ws/install/first_package_msgs/local/lib/python3.10/dist-packages/first_package_msgs/action/__init__.py
[3.790s] -- Up-to-date: /home/rds/Desktop/git_ws/ROS_ws/install/first_package_msgs/local/lib/python3.10/dist-packages/first_package_msgs/action/_distturtle.py
[3.790s] -- Up-to-date: /home/rds/Desktop/git_ws/ROS_ws/install/first_package_msgs/local/lib/python3.10/dist-packages/first_package_msgs/action/_distturtle_s.c
[3.790s] -- Installing: /home/rds/Desktop/git_ws/ROS_ws/install/first_package_msgs/local/lib/python3.10/dist-packages/first_package_msgs/action/_dist_turtle.py
[3.790s] -- Installing: /home/rds/Desktop/git_ws/ROS_ws/install/first_package_msgs/local/lib/python3.10/dist-packages/first_package_msgs/libfirst_package_msgs__rosidl_generator_py.so
[3.820s] Listing '/home/rds/Desktop/git_ws/ROS_ws/install/first_package_msgs/local/lib/python3.10/dist-packages/first_package_msgs'...
[3.820s] Compiling '/home/rds/Desktop/git_ws/ROS_ws/install/first_package_msgs/local/lib/python3.10/dist-packages/first_package_msgs/__init__.py'...
[3.820s] Listing '/home/rds/Desktop/git_ws/ROS_ws/install/first_package_msgs/local/lib/python3.10/dist-packages/first_package_msgs/action'...
[3.820s] Compiling '/home/rds/Desktop/git_ws/ROS_ws/install/first_package_msgs/local/lib/python3.10/dist-packages/first_package_msgs/action/__init__.py'...
[3.820s] Compiling '/home/rds/Desktop/git_ws/ROS_ws/install/first_package_msgs/local/lib/python3.10/dist-packages/first_package_msgs/action/_dist_turtle.py'...
[3.820s] Listing '/home/rds/Desktop/git_ws/ROS_ws/install/first_package_msgs/local/lib/python3.10/dist-packages/first_package_msgs/msg'...
[3.820s] Compiling '/home/rds/Desktop/git_ws/ROS_ws/install/first_package_msgs/local/lib/python3.10/dist-packages/first_package_msgs/msg/__init__.py'...
[3.821s] Compiling '/home/rds/Desktop/git_ws/ROS_ws/install/first_package_msgs/local/lib/python3.10/dist-packages/first_package_msgs/msg/_cmd_and_pose_vel.py'...
[3.821s] Listing '/home/rds/Desktop/git_ws/ROS_ws/install/first_package_msgs/local/lib/python3.10/dist-packages/first_package_msgs/srv'...
[3.821s] Compiling '/home/rds/Desktop/git_ws/ROS_ws/install/first_package_msgs/local/lib/python3.10/dist-packages/first_package_msgs/srv/__init__.py'...
[3.821s] Compiling '/home/rds/Desktop/git_ws/ROS_ws/install/first_package_msgs/local/lib/python3.10/dist-packages/first_package_msgs/srv/_multi_spawn.py'...
[3.824s] -- Installing: /home/rds/Desktop/git_ws/ROS_ws/install/first_package_msgs/local/lib/python3.10/dist-packages/first_package_msgs/first_package_msgs_s__rosidl_typesupport_fastrtps_c.cpython-310-x86_64-linux-gnu.so
[3.824s] -- Set runtime path of "/home/rds/Desktop/git_ws/ROS_ws/install/first_package_msgs/local/lib/python3.10/dist-packages/first_package_msgs/first_package_msgs_s__rosidl_typesupport_fastrtps_c.cpython-310-x86_64-linux-gnu.so" to ""
[3.824s] -- Installing: /home/rds/Desktop/git_ws/ROS_ws/install/first_package_msgs/local/lib/python3.10/dist-packages/first_package_msgs/first_package_msgs_s__rosidl_typesupport_introspection_c.cpython-310-x86_64-linux-gnu.so
[3.824s] -- Set runtime path of "/home/rds/Desktop/git_ws/ROS_ws/install/first_package_msgs/local/lib/python3.10/dist-packages/first_package_msgs/first_package_msgs_s__rosidl_typesupport_introspection_c.cpython-310-x86_64-linux-gnu.so" to ""
[3.824s] -- Installing: /home/rds/Desktop/git_ws/ROS_ws/install/first_package_msgs/local/lib/python3.10/dist-packages/first_package_msgs/first_package_msgs_s__rosidl_typesupport_c.cpython-310-x86_64-linux-gnu.so
[3.825s] -- Set runtime path of "/home/rds/Desktop/git_ws/ROS_ws/install/first_package_msgs/local/lib/python3.10/dist-packages/first_package_msgs/first_package_msgs_s__rosidl_typesupport_c.cpython-310-x86_64-linux-gnu.so" to ""
[3.825s] -- Installing: /home/rds/Desktop/git_ws/ROS_ws/install/first_package_msgs/lib/libfirst_package_msgs__rosidl_generator_py.so
[3.825s] -- Set runtime path of "/home/rds/Desktop/git_ws/ROS_ws/install/first_package_msgs/lib/libfirst_package_msgs__rosidl_generator_py.so" to ""
[3.825s] -- Up-to-date: /home/rds/Desktop/git_ws/ROS_ws/install/first_package_msgs/share/first_package_msgs/msg/CmdAndPoseVel.idl
[3.825s] -- Installing: /home/rds/Desktop/git_ws/ROS_ws/install/first_package_msgs/share/first_package_msgs/action/DistTurtle.idl
[3.826s] -- Up-to-date: /home/rds/Desktop/git_ws/ROS_ws/install/first_package_msgs/share/first_package_msgs/srv/MultiSpawn.idl
[3.826s] -- Up-to-date: /home/rds/Desktop/git_ws/ROS_ws/install/first_package_msgs/share/first_package_msgs/msg/CmdAndPoseVel.msg
[3.826s] -- Installing: /home/rds/Desktop/git_ws/ROS_ws/install/first_package_msgs/share/first_package_msgs/action/DistTurtle.action
[3.826s] -- Up-to-date: /home/rds/Desktop/git_ws/ROS_ws/install/first_package_msgs/share/first_package_msgs/srv/MultiSpawn.srv
[3.826s] -- Up-to-date: /home/rds/Desktop/git_ws/ROS_ws/install/first_package_msgs/share/first_package_msgs/srv/MultiSpawn_Request.msg
[3.826s] -- Up-to-date: /home/rds/Desktop/git_ws/ROS_ws/install/first_package_msgs/share/first_package_msgs/srv/MultiSpawn_Response.msg
[3.826s] -- Up-to-date: /home/rds/Desktop/git_ws/ROS_ws/install/first_package_msgs/share/ament_index/resource_index/package_run_dependencies/first_package_msgs
[3.826s] -- Up-to-date: /home/rds/Desktop/git_ws/ROS_ws/install/first_package_msgs/share/ament_index/resource_index/parent_prefix_path/first_package_msgs
[3.826s] -- Up-to-date: /home/rds/Desktop/git_ws/ROS_ws/install/first_package_msgs/share/first_package_msgs/environment/ament_prefix_path.sh
[3.826s] -- Installing: /home/rds/Desktop/git_ws/ROS_ws/install/first_package_msgs/share/first_package_msgs/environment/ament_prefix_path.dsv
[3.826s] -- Up-to-date: /home/rds/Desktop/git_ws/ROS_ws/install/first_package_msgs/share/first_package_msgs/environment/path.sh
[3.826s] -- Installing: /home/rds/Desktop/git_ws/ROS_ws/install/first_package_msgs/share/first_package_msgs/environment/path.dsv
[3.826s] -- Up-to-date: /home/rds/Desktop/git_ws/ROS_ws/install/first_package_msgs/share/first_package_msgs/local_setup.bash
[3.826s] -- Up-to-date: /home/rds/Desktop/git_ws/ROS_ws/install/first_package_msgs/share/first_package_msgs/local_setup.sh
[3.827s] -- Up-to-date: /home/rds/Desktop/git_ws/ROS_ws/install/first_package_msgs/share/first_package_msgs/local_setup.zsh
[3.827s] -- Installing: /home/rds/Desktop/git_ws/ROS_ws/install/first_package_msgs/share/first_package_msgs/local_setup.dsv
[3.827s] -- Installing: /home/rds/Desktop/git_ws/ROS_ws/install/first_package_msgs/share/first_package_msgs/package.dsv
[3.827s] -- Up-to-date: /home/rds/Desktop/git_ws/ROS_ws/install/first_package_msgs/share/ament_index/resource_index/packages/first_package_msgs
[3.827s] -- Up-to-date: /home/rds/Desktop/git_ws/ROS_ws/install/first_package_msgs/share/first_package_msgs/cmake/export_first_package_msgs__rosidl_generator_cExport.cmake
[3.827s] -- Up-to-date: /home/rds/Desktop/git_ws/ROS_ws/install/first_package_msgs/share/first_package_msgs/cmake/export_first_package_msgs__rosidl_generator_cExport-noconfig.cmake
[3.827s] -- Up-to-date: /home/rds/Desktop/git_ws/ROS_ws/install/first_package_msgs/share/first_package_msgs/cmake/export_first_package_msgs__rosidl_typesupport_fastrtps_cExport.cmake
[3.827s] -- Up-to-date: /home/rds/Desktop/git_ws/ROS_ws/install/first_package_msgs/share/first_package_msgs/cmake/export_first_package_msgs__rosidl_typesupport_fastrtps_cExport-noconfig.cmake
[3.827s] -- Up-to-date: /home/rds/Desktop/git_ws/ROS_ws/install/first_package_msgs/share/first_package_msgs/cmake/first_package_msgs__rosidl_typesupport_introspection_cExport.cmake
[3.827s] -- Up-to-date: /home/rds/Desktop/git_ws/ROS_ws/install/first_package_msgs/share/first_package_msgs/cmake/first_package_msgs__rosidl_typesupport_introspection_cExport-noconfig.cmake
[3.827s] -- Up-to-date: /home/rds/Desktop/git_ws/ROS_ws/install/first_package_msgs/share/first_package_msgs/cmake/first_package_msgs__rosidl_typesupport_cExport.cmake
[3.827s] -- Up-to-date: /home/rds/Desktop/git_ws/ROS_ws/install/first_package_msgs/share/first_package_msgs/cmake/first_package_msgs__rosidl_typesupport_cExport-noconfig.cmake
[3.827s] -- Up-to-date: /home/rds/Desktop/git_ws/ROS_ws/install/first_package_msgs/share/first_package_msgs/cmake/export_first_package_msgs__rosidl_generator_cppExport.cmake
[3.828s] -- Up-to-date: /home/rds/Desktop/git_ws/ROS_ws/install/first_package_msgs/share/first_package_msgs/cmake/export_first_package_msgs__rosidl_typesupport_fastrtps_cppExport.cmake
[3.828s] -- Up-to-date: /home/rds/Desktop/git_ws/ROS_ws/install/first_package_msgs/share/first_package_msgs/cmake/export_first_package_msgs__rosidl_typesupport_fastrtps_cppExport-noconfig.cmake
[3.828s] -- Up-to-date: /home/rds/Desktop/git_ws/ROS_ws/install/first_package_msgs/share/first_package_msgs/cmake/first_package_msgs__rosidl_typesupport_introspection_cppExport.cmake
[3.828s] -- Up-to-date: /home/rds/Desktop/git_ws/ROS_ws/install/first_package_msgs/share/first_package_msgs/cmake/first_package_msgs__rosidl_typesupport_introspection_cppExport-noconfig.cmake
[3.828s] -- Up-to-date: /home/rds/Desktop/git_ws/ROS_ws/install/first_package_msgs/share/first_package_msgs/cmake/first_package_msgs__rosidl_typesupport_cppExport.cmake
[3.828s] -- Up-to-date: /home/rds/Desktop/git_ws/ROS_ws/install/first_package_msgs/share/first_package_msgs/cmake/first_package_msgs__rosidl_typesupport_cppExport-noconfig.cmake
[3.828s] -- Up-to-date: /home/rds/Desktop/git_ws/ROS_ws/install/first_package_msgs/share/first_package_msgs/cmake/export_first_package_msgs__rosidl_generator_pyExport.cmake
[3.828s] -- Up-to-date: /home/rds/Desktop/git_ws/ROS_ws/install/first_package_msgs/share/first_package_msgs/cmake/export_first_package_msgs__rosidl_generator_pyExport-noconfig.cmake
[3.828s] -- Installing: /home/rds/Desktop/git_ws/ROS_ws/install/first_package_msgs/share/first_package_msgs/cmake/rosidl_cmake-extras.cmake
[3.828s] -- Up-to-date: /home/rds/Desktop/git_ws/ROS_ws/install/first_package_msgs/share/first_package_msgs/cmake/ament_cmake_export_dependencies-extras.cmake
[3.828s] -- Up-to-date: /home/rds/Desktop/git_ws/ROS_ws/install/first_package_msgs/share/first_package_msgs/cmake/ament_cmake_export_include_directories-extras.cmake
[3.828s] -- Up-to-date: /home/rds/Desktop/git_ws/ROS_ws/install/first_package_msgs/share/first_package_msgs/cmake/ament_cmake_export_libraries-extras.cmake
[3.828s] -- Up-to-date: /home/rds/Desktop/git_ws/ROS_ws/install/first_package_msgs/share/first_package_msgs/cmake/ament_cmake_export_targets-extras.cmake
[3.828s] -- Up-to-date: /home/rds/Desktop/git_ws/ROS_ws/install/first_package_msgs/share/first_package_msgs/cmake/rosidl_cmake_export_typesupport_targets-extras.cmake
[3.828s] -- Up-to-date: /home/rds/Desktop/git_ws/ROS_ws/install/first_package_msgs/share/first_package_msgs/cmake/rosidl_cmake_export_typesupport_libraries-extras.cmake
[3.828s] -- Up-to-date: /home/rds/Desktop/git_ws/ROS_ws/install/first_package_msgs/share/first_package_msgs/cmake/first_package_msgsConfig.cmake
[3.829s] -- Up-to-date: /home/rds/Desktop/git_ws/ROS_ws/install/first_package_msgs/share/first_package_msgs/cmake/first_package_msgsConfig-version.cmake
[3.829s] -- Up-to-date: /home/rds/Desktop/git_ws/ROS_ws/install/first_package_msgs/share/first_package_msgs/package.xml
[3.830s] Invoked command in '/home/rds/Desktop/git_ws/ROS_ws/build/first_package_msgs' returned '0': CMAKE_PREFIX_PATH=${CMAKE_PREFIX_PATH}:/home/rds/Desktop/git_ws/ROS_ws/install/first_package:/opt/ros/humble /usr/bin/cmake --install /home/rds/Desktop/git_ws/ROS_ws/build/first_package_msgs
