[0.520s] Invoking command in '/home/rds/Desktop/git_ws/ROS_ws/src/first_package': PYTHONPATH=/home/rds/Desktop/git_ws/ROS_ws/build/first_package/prefix_override:/home/rds/Desktop/git_ws/ROS_ws/install/first_package/lib/python3.10/site-packages:${PYTHONPATH} /usr/bin/python3 -W ignore:setup.py install is deprecated setup.py egg_info --egg-base ../../build/first_package build --build-base /home/rds/Desktop/git_ws/ROS_ws/build/first_package/build install --record /home/rds/Desktop/git_ws/ROS_ws/build/first_package/install.log --single-version-externally-managed install_data
[0.743s] running egg_info
[0.743s] writing ../../build/first_package/first_package.egg-info/PKG-INFO
[0.744s] writing dependency_links to ../../build/first_package/first_package.egg-info/dependency_links.txt
[0.744s] writing entry points to ../../build/first_package/first_package.egg-info/entry_points.txt
[0.744s] writing requirements to ../../build/first_package/first_package.egg-info/requires.txt
[0.744s] writing top-level names to ../../build/first_package/first_package.egg-info/top_level.txt
[0.746s] reading manifest file '../../build/first_package/first_package.egg-info/SOURCES.txt'
[0.747s] writing manifest file '../../build/first_package/first_package.egg-info/SOURCES.txt'
[0.747s] running build
[0.747s] running build_py
[0.747s] copying first_package/dist_turtle_action_server.py -> /home/rds/Desktop/git_ws/ROS_ws/build/first_package/build/lib/first_package
[0.747s] running install
[0.748s] running install_lib
[0.749s] copying /home/rds/Desktop/git_ws/ROS_ws/build/first_package/build/lib/first_package/dist_turtle_action_server.py -> /home/rds/Desktop/git_ws/ROS_ws/install/first_package/lib/python3.10/site-packages/first_package
[0.750s] byte-compiling /home/rds/Desktop/git_ws/ROS_ws/install/first_package/lib/python3.10/site-packages/first_package/dist_turtle_action_server.py to dist_turtle_action_server.cpython-310.pyc
[0.751s] running install_data
[0.751s] running install_egg_info
[0.752s] removing '/home/rds/Desktop/git_ws/ROS_ws/install/first_package/lib/python3.10/site-packages/first_package-0.0.0-py3.10.egg-info' (and everything under it)
[0.752s] Copying ../../build/first_package/first_package.egg-info to /home/rds/Desktop/git_ws/ROS_ws/install/first_package/lib/python3.10/site-packages/first_package-0.0.0-py3.10.egg-info
[0.753s] running install_scripts
[0.768s] Installing dist_turtle_server script to /home/rds/Desktop/git_ws/ROS_ws/install/first_package/lib/first_package
[0.768s] Installing first_node script to /home/rds/Desktop/git_ws/ROS_ws/install/first_package/lib/first_package
[0.768s] Installing multi_thread script to /home/rds/Desktop/git_ws/ROS_ws/install/first_package/lib/first_package
[0.768s] Installing pub_comp_image script to /home/rds/Desktop/git_ws/ROS_ws/install/first_package/lib/first_package
[0.769s] Installing pub_image script to /home/rds/Desktop/git_ws/ROS_ws/install/first_package/lib/first_package
[0.769s] Installing publisher script to /home/rds/Desktop/git_ws/ROS_ws/install/first_package/lib/first_package
[0.769s] Installing service_server script to /home/rds/Desktop/git_ws/ROS_ws/install/first_package/lib/first_package
[0.769s] Installing sub_comp_image script to /home/rds/Desktop/git_ws/ROS_ws/install/first_package/lib/first_package
[0.769s] Installing sub_image script to /home/rds/Desktop/git_ws/ROS_ws/install/first_package/lib/first_package
[0.769s] Installing subscriber script to /home/rds/Desktop/git_ws/ROS_ws/install/first_package/lib/first_package
[0.769s] Installing turtle_cmd_and_pose script to /home/rds/Desktop/git_ws/ROS_ws/install/first_package/lib/first_package
[0.769s] writing list of installed files to '/home/rds/Desktop/git_ws/ROS_ws/build/first_package/install.log'
[0.790s] Invoked command in '/home/rds/Desktop/git_ws/ROS_ws/src/first_package' returned '0': PYTHONPATH=/home/rds/Desktop/git_ws/ROS_ws/build/first_package/prefix_override:/home/rds/Desktop/git_ws/ROS_ws/install/first_package/lib/python3.10/site-packages:${PYTHONPATH} /usr/bin/python3 -W ignore:setup.py install is deprecated setup.py egg_info --egg-base ../../build/first_package build --build-base /home/rds/Desktop/git_ws/ROS_ws/build/first_package/build install --record /home/rds/Desktop/git_ws/ROS_ws/build/first_package/install.log --single-version-externally-managed install_data
