[0.183s] Invoking command in '/home/rds/Desktop/git_ws/ROS_ws/build/first_package_cpp': CMAKE_PREFIX_PATH=/opt/ros/humble /usr/bin/cmake --build /home/rds/Desktop/git_ws/ROS_ws/build/first_package_cpp -- -j8 -l8
[0.209s] [35m[1mConsolidate compiler generated dependencies of target first_node_cpp[0m
[0.216s] [100%] Built target first_node_cpp
[0.227s] Invoked command in '/home/rds/Desktop/git_ws/ROS_ws/build/first_package_cpp' returned '0': CMAKE_PREFIX_PATH=/opt/ros/humble /usr/bin/cmake --build /home/rds/Desktop/git_ws/ROS_ws/build/first_package_cpp -- -j8 -l8
[0.265s] Invoking command in '/home/rds/Desktop/git_ws/ROS_ws/build/first_package_cpp': CMAKE_PREFIX_PATH=/opt/ros/humble /usr/bin/cmake --install /home/rds/Desktop/git_ws/ROS_ws/build/first_package_cpp
[0.270s] -- Install configuration: ""
[0.271s] -- Up-to-date: /home/rds/Desktop/git_ws/ROS_ws/install/first_package_cpp/lib/first_package_cpp/first_node_cpp
[0.271s] -- Up-to-date: /home/rds/Desktop/git_ws/ROS_ws/install/first_package_cpp/share/ament_index/resource_index/package_run_dependencies/first_package_cpp
[0.271s] -- Up-to-date: /home/rds/Desktop/git_ws/ROS_ws/install/first_package_cpp/share/ament_index/resource_index/parent_prefix_path/first_package_cpp
[0.271s] -- Up-to-date: /home/rds/Desktop/git_ws/ROS_ws/install/first_package_cpp/share/first_package_cpp/environment/ament_prefix_path.sh
[0.271s] -- Up-to-date: /home/rds/Desktop/git_ws/ROS_ws/install/first_package_cpp/share/first_package_cpp/environment/ament_prefix_path.dsv
[0.271s] -- Up-to-date: /home/rds/Desktop/git_ws/ROS_ws/install/first_package_cpp/share/first_package_cpp/environment/path.sh
[0.271s] -- Up-to-date: /home/rds/Desktop/git_ws/ROS_ws/install/first_package_cpp/share/first_package_cpp/environment/path.dsv
[0.271s] -- Up-to-date: /home/rds/Desktop/git_ws/ROS_ws/install/first_package_cpp/share/first_package_cpp/local_setup.bash
[0.271s] -- Up-to-date: /home/rds/Desktop/git_ws/ROS_ws/install/first_package_cpp/share/first_package_cpp/local_setup.sh
[0.271s] -- Up-to-date: /home/rds/Desktop/git_ws/ROS_ws/install/first_package_cpp/share/first_package_cpp/local_setup.zsh
[0.271s] -- Up-to-date: /home/rds/Desktop/git_ws/ROS_ws/install/first_package_cpp/share/first_package_cpp/local_setup.dsv
[0.271s] -- Up-to-date: /home/rds/Desktop/git_ws/ROS_ws/install/first_package_cpp/share/first_package_cpp/package.dsv
[0.271s] -- Up-to-date: /home/rds/Desktop/git_ws/ROS_ws/install/first_package_cpp/share/ament_index/resource_index/packages/first_package_cpp
[0.271s] -- Up-to-date: /home/rds/Desktop/git_ws/ROS_ws/install/first_package_cpp/share/first_package_cpp/cmake/first_package_cppConfig.cmake
[0.271s] -- Up-to-date: /home/rds/Desktop/git_ws/ROS_ws/install/first_package_cpp/share/first_package_cpp/cmake/first_package_cppConfig-version.cmake
[0.271s] -- Up-to-date: /home/rds/Desktop/git_ws/ROS_ws/install/first_package_cpp/share/first_package_cpp/package.xml
[0.273s] Invoked command in '/home/rds/Desktop/git_ws/ROS_ws/build/first_package_cpp' returned '0': CMAKE_PREFIX_PATH=/opt/ros/humble /usr/bin/cmake --install /home/rds/Desktop/git_ws/ROS_ws/build/first_package_cpp
