[0.014s] Invoking command in '/home/rds/Desktop/git_ws/ROS_ws/build/first_cpp_pkg': CMAKE_PREFIX_PATH=${CMAKE_PREFIX_PATH}:/home/rds/Desktop/git_ws/ROS_ws/install/first_package:/opt/ros/humble /usr/bin/cmake --build /home/rds/Desktop/git_ws/ROS_ws/build/first_cpp_pkg -- -j8 -l8
[0.213s] -- Found ament_cmake: 1.3.8 (/opt/ros/humble/share/ament_cmake/cmake)
[0.213s] -- Found rclcpp: 16.0.8 (/opt/ros/humble/share/rclcpp/cmake)
[0.213s] -- Found rosidl_generator_c: 3.1.5 (/opt/ros/humble/share/rosidl_generator_c/cmake)
[0.213s] -- Found rosidl_adapter: 3.1.5 (/opt/ros/humble/share/rosidl_adapter/cmake)
[0.213s] -- Found rosidl_generator_cpp: 3.1.5 (/opt/ros/humble/share/rosidl_generator_cpp/cmake)
[0.213s] -- Using all available rosidl_typesupport_c: rosidl_typesupport_fastrtps_c;rosidl_typesupport_introspection_c
[0.213s] -- Using all available rosidl_typesupport_cpp: rosidl_typesupport_fastrtps_cpp;rosidl_typesupport_introspection_cpp
[0.213s] -- Found rmw_implementation_cmake: 6.1.1 (/opt/ros/humble/share/rmw_implementation_cmake/cmake)
[0.213s] -- Found rmw_fastrtps_cpp: 6.2.6 (/opt/ros/humble/share/rmw_fastrtps_cpp/cmake)
[0.319s] -- Using RMW implementation 'rmw_fastrtps_cpp' as default
[0.458s] -- Found ament_lint_auto: 0.12.10 (/opt/ros/humble/share/ament_lint_auto/cmake)
[0.539s] -- Added test 'cppcheck' to perform static code analysis on C / C++ code
[0.539s] -- Configured cppcheck include dirs: 
[0.540s] -- Configured cppcheck exclude dirs and/or files: 
[0.540s] -- Added test 'lint_cmake' to check CMake code style
[0.540s] -- Added test 'uncrustify' to check C / C++ code style
[0.540s] -- Configured uncrustify additional arguments: 
[0.540s] -- Added test 'xmllint' to check XML markup files
[0.541s] -- Configuring done
[0.548s] -- Generating done
[0.549s] -- Build files have been written to: /home/rds/Desktop/git_ws/ROS_ws/build/first_cpp_pkg
[0.569s] [35m[1mConsolidate compiler generated dependencies of target talker[0m
[0.583s] [100%] Built target talker
[0.593s] Invoked command in '/home/rds/Desktop/git_ws/ROS_ws/build/first_cpp_pkg' returned '0': CMAKE_PREFIX_PATH=${CMAKE_PREFIX_PATH}:/home/rds/Desktop/git_ws/ROS_ws/install/first_package:/opt/ros/humble /usr/bin/cmake --build /home/rds/Desktop/git_ws/ROS_ws/build/first_cpp_pkg -- -j8 -l8
[0.617s] Invoking command in '/home/rds/Desktop/git_ws/ROS_ws/build/first_cpp_pkg': CMAKE_PREFIX_PATH=${CMAKE_PREFIX_PATH}:/home/rds/Desktop/git_ws/ROS_ws/install/first_package:/opt/ros/humble /usr/bin/cmake --install /home/rds/Desktop/git_ws/ROS_ws/build/first_cpp_pkg
[0.623s] -- Install configuration: ""
[0.623s] -- Up-to-date: /home/rds/Desktop/git_ws/ROS_ws/install/first_cpp_pkg/lib/first_cpp_pkg/talker
[0.623s] -- Up-to-date: /home/rds/Desktop/git_ws/ROS_ws/install/first_cpp_pkg/share/ament_index/resource_index/package_run_dependencies/first_cpp_pkg
[0.623s] -- Up-to-date: /home/rds/Desktop/git_ws/ROS_ws/install/first_cpp_pkg/share/ament_index/resource_index/parent_prefix_path/first_cpp_pkg
[0.623s] -- Up-to-date: /home/rds/Desktop/git_ws/ROS_ws/install/first_cpp_pkg/share/first_cpp_pkg/environment/ament_prefix_path.sh
[0.623s] -- Installing: /home/rds/Desktop/git_ws/ROS_ws/install/first_cpp_pkg/share/first_cpp_pkg/environment/ament_prefix_path.dsv
[0.623s] -- Up-to-date: /home/rds/Desktop/git_ws/ROS_ws/install/first_cpp_pkg/share/first_cpp_pkg/environment/path.sh
[0.623s] -- Installing: /home/rds/Desktop/git_ws/ROS_ws/install/first_cpp_pkg/share/first_cpp_pkg/environment/path.dsv
[0.623s] -- Up-to-date: /home/rds/Desktop/git_ws/ROS_ws/install/first_cpp_pkg/share/first_cpp_pkg/local_setup.bash
[0.623s] -- Up-to-date: /home/rds/Desktop/git_ws/ROS_ws/install/first_cpp_pkg/share/first_cpp_pkg/local_setup.sh
[0.623s] -- Up-to-date: /home/rds/Desktop/git_ws/ROS_ws/install/first_cpp_pkg/share/first_cpp_pkg/local_setup.zsh
[0.623s] -- Installing: /home/rds/Desktop/git_ws/ROS_ws/install/first_cpp_pkg/share/first_cpp_pkg/local_setup.dsv
[0.623s] -- Installing: /home/rds/Desktop/git_ws/ROS_ws/install/first_cpp_pkg/share/first_cpp_pkg/package.dsv
[0.624s] -- Up-to-date: /home/rds/Desktop/git_ws/ROS_ws/install/first_cpp_pkg/share/ament_index/resource_index/packages/first_cpp_pkg
[0.624s] -- Up-to-date: /home/rds/Desktop/git_ws/ROS_ws/install/first_cpp_pkg/share/first_cpp_pkg/cmake/first_cpp_pkgConfig.cmake
[0.624s] -- Up-to-date: /home/rds/Desktop/git_ws/ROS_ws/install/first_cpp_pkg/share/first_cpp_pkg/cmake/first_cpp_pkgConfig-version.cmake
[0.624s] -- Up-to-date: /home/rds/Desktop/git_ws/ROS_ws/install/first_cpp_pkg/share/first_cpp_pkg/package.xml
[0.625s] Invoked command in '/home/rds/Desktop/git_ws/ROS_ws/build/first_cpp_pkg' returned '0': CMAKE_PREFIX_PATH=${CMAKE_PREFIX_PATH}:/home/rds/Desktop/git_ws/ROS_ws/install/first_package:/opt/ros/humble /usr/bin/cmake --install /home/rds/Desktop/git_ws/ROS_ws/build/first_cpp_pkg
