[0.798s] Invoking command in '/home/rds/Desktop/git_ws/ROS_ws/src/opencv_tutorials': PYTHONPATH=/home/rds/Desktop/git_ws/ROS_ws/build/opencv_tutorials/prefix_override:/home/rds/Desktop/git_ws/ROS_ws/install/opencv_tutorials/lib/python3.10/site-packages:${PYTHONPATH} /usr/bin/python3 -W ignore:setup.py install is deprecated setup.py egg_info --egg-base ../../build/opencv_tutorials build --build-base /home/rds/Desktop/git_ws/ROS_ws/build/opencv_tutorials/build install --record /home/rds/Desktop/git_ws/ROS_ws/build/opencv_tutorials/install.log --single-version-externally-managed install_data
[0.978s] running egg_info
[0.979s] writing ../../build/opencv_tutorials/opencv_tutorials.egg-info/PKG-INFO
[0.979s] writing dependency_links to ../../build/opencv_tutorials/opencv_tutorials.egg-info/dependency_links.txt
[0.979s] writing entry points to ../../build/opencv_tutorials/opencv_tutorials.egg-info/entry_points.txt
[0.979s] writing requirements to ../../build/opencv_tutorials/opencv_tutorials.egg-info/requires.txt
[0.979s] writing top-level names to ../../build/opencv_tutorials/opencv_tutorials.egg-info/top_level.txt
[0.980s] reading manifest file '../../build/opencv_tutorials/opencv_tutorials.egg-info/SOURCES.txt'
[0.981s] writing manifest file '../../build/opencv_tutorials/opencv_tutorials.egg-info/SOURCES.txt'
[0.981s] running build
[0.981s] running build_py
[0.981s] running install
[0.981s] running install_lib
[0.982s] running install_data
[0.982s] running install_egg_info
[0.984s] removing '/home/rds/Desktop/git_ws/ROS_ws/install/opencv_tutorials/lib/python3.10/site-packages/opencv_tutorials-0.0.0-py3.10.egg-info' (and everything under it)
[0.984s] Copying ../../build/opencv_tutorials/opencv_tutorials.egg-info to /home/rds/Desktop/git_ws/ROS_ws/install/opencv_tutorials/lib/python3.10/site-packages/opencv_tutorials-0.0.0-py3.10.egg-info
[0.984s] running install_scripts
[1.001s] Installing pub_comp_image script to /home/rds/Desktop/git_ws/ROS_ws/install/opencv_tutorials/lib/opencv_tutorials
[1.001s] Installing pub_image script to /home/rds/Desktop/git_ws/ROS_ws/install/opencv_tutorials/lib/opencv_tutorials
[1.001s] Installing sub_comp_image script to /home/rds/Desktop/git_ws/ROS_ws/install/opencv_tutorials/lib/opencv_tutorials
[1.001s] Installing sub_image script to /home/rds/Desktop/git_ws/ROS_ws/install/opencv_tutorials/lib/opencv_tutorials
[1.001s] writing list of installed files to '/home/rds/Desktop/git_ws/ROS_ws/build/opencv_tutorials/install.log'
[1.030s] Invoked command in '/home/rds/Desktop/git_ws/ROS_ws/src/opencv_tutorials' returned '0': PYTHONPATH=/home/rds/Desktop/git_ws/ROS_ws/build/opencv_tutorials/prefix_override:/home/rds/Desktop/git_ws/ROS_ws/install/opencv_tutorials/lib/python3.10/site-packages:${PYTHONPATH} /usr/bin/python3 -W ignore:setup.py install is deprecated setup.py egg_info --egg-base ../../build/opencv_tutorials build --build-base /home/rds/Desktop/git_ws/ROS_ws/build/opencv_tutorials/build install --record /home/rds/Desktop/git_ws/ROS_ws/build/opencv_tutorials/install.log --single-version-externally-managed install_data
