[0.115s] DEBUG:colcon:Command line arguments: ['/usr/bin/colcon', 'build']
[0.115s] DEBUG:colcon:Parsed command line arguments: Namespace(log_base=None, log_level=None, verb_name='build', build_base='build', install_base='install', merge_install=False, symlink_install=False, test_result_base=None, continue_on_error=False, executor='parallel', parallel_workers=8, event_handlers=None, ignore_user_meta=False, metas=['./colcon.meta'], base_paths=['.'], packages_ignore=None, packages_ignore_regex=None, paths=None, packages_up_to=None, packages_up_to_regex=None, packages_above=None, packages_above_and_dependencies=None, packages_above_depth=None, packages_select_by_dep=None, packages_skip_by_dep=None, packages_skip_up_to=None, packages_select_build_failed=False, packages_skip_build_finished=False, packages_select_test_failures=False, packages_skip_test_passed=False, packages_select=None, packages_skip=None, packages_select_regex=None, packages_skip_regex=None, packages_start=None, packages_end=None, allow_overriding=[], cmake_args=None, cmake_target=None, cmake_target_skip_unavailable=False, cmake_clean_cache=False, cmake_clean_first=False, cmake_force_configure=False, ament_cmake_args=None, catkin_cmake_args=None, catkin_skip_building_tests=False, verb_parser=<colcon_defaults.argument_parser.defaults.DefaultArgumentsDecorator object at 0x765ca1bf6bf0>, verb_extension=<colcon_core.verb.build.BuildVerb object at 0x765ca1cdb790>, main=<bound method BuildVerb.main of <colcon_core.verb.build.BuildVerb object at 0x765ca1cdb790>>)
[0.293s] Level 1:colcon.colcon_core.package_discovery:discover_packages(colcon_meta) check parameters
[0.293s] Level 1:colcon.colcon_core.package_discovery:discover_packages(recursive) check parameters
[0.293s] Level 1:colcon.colcon_core.package_discovery:discover_packages(ignore) check parameters
[0.293s] Level 1:colcon.colcon_core.package_discovery:discover_packages(path) check parameters
[0.294s] Level 1:colcon.colcon_core.package_discovery:discover_packages(colcon_meta) discover
[0.294s] Level 1:colcon.colcon_core.package_discovery:discover_packages(recursive) discover
[0.294s] INFO:colcon.colcon_core.package_discovery:Crawling recursively for packages in '/home/rds/Desktop/git_ws/ROS_ws'
[0.294s] Level 1:colcon.colcon_core.package_identification:_identify(.) by extensions ['ignore', 'ignore_ament_install']
[0.294s] Level 1:colcon.colcon_core.package_identification:_identify(.) by extension 'ignore'
[0.294s] Level 1:colcon.colcon_core.package_identification:_identify(.) by extension 'ignore_ament_install'
[0.294s] Level 1:colcon.colcon_core.package_identification:_identify(.) by extensions ['colcon_pkg']
[0.294s] Level 1:colcon.colcon_core.package_identification:_identify(.) by extension 'colcon_pkg'
[0.294s] Level 1:colcon.colcon_core.package_identification:_identify(.) by extensions ['colcon_meta']
[0.294s] Level 1:colcon.colcon_core.package_identification:_identify(.) by extension 'colcon_meta'
[0.294s] Level 1:colcon.colcon_core.package_identification:_identify(.) by extensions ['ros']
[0.294s] Level 1:colcon.colcon_core.package_identification:_identify(.) by extension 'ros'
[0.302s] Level 1:colcon.colcon_core.package_identification:_identify(.) by extensions ['cmake', 'python']
[0.302s] Level 1:colcon.colcon_core.package_identification:_identify(.) by extension 'cmake'
[0.302s] Level 1:colcon.colcon_core.package_identification:_identify(.) by extension 'python'
[0.302s] Level 1:colcon.colcon_core.package_identification:_identify(.) by extensions ['python_setup_py']
[0.302s] Level 1:colcon.colcon_core.package_identification:_identify(.) by extension 'python_setup_py'
[0.302s] Level 1:colcon.colcon_core.package_identification:_identify(bag_1) by extensions ['ignore', 'ignore_ament_install']
[0.302s] Level 1:colcon.colcon_core.package_identification:_identify(bag_1) by extension 'ignore'
[0.302s] Level 1:colcon.colcon_core.package_identification:_identify(bag_1) by extension 'ignore_ament_install'
[0.302s] Level 1:colcon.colcon_core.package_identification:_identify(bag_1) by extensions ['colcon_pkg']
[0.302s] Level 1:colcon.colcon_core.package_identification:_identify(bag_1) by extension 'colcon_pkg'
[0.302s] Level 1:colcon.colcon_core.package_identification:_identify(bag_1) by extensions ['colcon_meta']
[0.302s] Level 1:colcon.colcon_core.package_identification:_identify(bag_1) by extension 'colcon_meta'
[0.302s] Level 1:colcon.colcon_core.package_identification:_identify(bag_1) by extensions ['ros']
[0.302s] Level 1:colcon.colcon_core.package_identification:_identify(bag_1) by extension 'ros'
[0.302s] Level 1:colcon.colcon_core.package_identification:_identify(bag_1) by extensions ['cmake', 'python']
[0.302s] Level 1:colcon.colcon_core.package_identification:_identify(bag_1) by extension 'cmake'
[0.302s] Level 1:colcon.colcon_core.package_identification:_identify(bag_1) by extension 'python'
[0.302s] Level 1:colcon.colcon_core.package_identification:_identify(bag_1) by extensions ['python_setup_py']
[0.302s] Level 1:colcon.colcon_core.package_identification:_identify(bag_1) by extension 'python_setup_py'
[0.302s] Level 1:colcon.colcon_core.package_identification:_identify(build) by extensions ['ignore', 'ignore_ament_install']
[0.302s] Level 1:colcon.colcon_core.package_identification:_identify(build) by extension 'ignore'
[0.302s] Level 1:colcon.colcon_core.package_identification:_identify(build) ignored
[0.302s] Level 1:colcon.colcon_core.package_identification:_identify(install) by extensions ['ignore', 'ignore_ament_install']
[0.302s] Level 1:colcon.colcon_core.package_identification:_identify(install) by extension 'ignore'
[0.303s] Level 1:colcon.colcon_core.package_identification:_identify(install) ignored
[0.303s] Level 1:colcon.colcon_core.package_identification:_identify(log) by extensions ['ignore', 'ignore_ament_install']
[0.303s] Level 1:colcon.colcon_core.package_identification:_identify(log) by extension 'ignore'
[0.303s] Level 1:colcon.colcon_core.package_identification:_identify(log) ignored
[0.303s] Level 1:colcon.colcon_core.package_identification:_identify(src) by extensions ['ignore', 'ignore_ament_install']
[0.303s] Level 1:colcon.colcon_core.package_identification:_identify(src) by extension 'ignore'
[0.303s] Level 1:colcon.colcon_core.package_identification:_identify(src) by extension 'ignore_ament_install'
[0.303s] Level 1:colcon.colcon_core.package_identification:_identify(src) by extensions ['colcon_pkg']
[0.303s] Level 1:colcon.colcon_core.package_identification:_identify(src) by extension 'colcon_pkg'
[0.303s] Level 1:colcon.colcon_core.package_identification:_identify(src) by extensions ['colcon_meta']
[0.303s] Level 1:colcon.colcon_core.package_identification:_identify(src) by extension 'colcon_meta'
[0.303s] Level 1:colcon.colcon_core.package_identification:_identify(src) by extensions ['ros']
[0.303s] Level 1:colcon.colcon_core.package_identification:_identify(src) by extension 'ros'
[0.303s] Level 1:colcon.colcon_core.package_identification:_identify(src) by extensions ['cmake', 'python']
[0.303s] Level 1:colcon.colcon_core.package_identification:_identify(src) by extension 'cmake'
[0.303s] Level 1:colcon.colcon_core.package_identification:_identify(src) by extension 'python'
[0.303s] Level 1:colcon.colcon_core.package_identification:_identify(src) by extensions ['python_setup_py']
[0.303s] Level 1:colcon.colcon_core.package_identification:_identify(src) by extension 'python_setup_py'
[0.303s] Level 1:colcon.colcon_core.package_identification:_identify(src/first_cpp_pkg) by extensions ['ignore', 'ignore_ament_install']
[0.303s] Level 1:colcon.colcon_core.package_identification:_identify(src/first_cpp_pkg) by extension 'ignore'
[0.303s] Level 1:colcon.colcon_core.package_identification:_identify(src/first_cpp_pkg) by extension 'ignore_ament_install'
[0.303s] Level 1:colcon.colcon_core.package_identification:_identify(src/first_cpp_pkg) by extensions ['colcon_pkg']
[0.303s] Level 1:colcon.colcon_core.package_identification:_identify(src/first_cpp_pkg) by extension 'colcon_pkg'
[0.303s] Level 1:colcon.colcon_core.package_identification:_identify(src/first_cpp_pkg) by extensions ['colcon_meta']
[0.303s] Level 1:colcon.colcon_core.package_identification:_identify(src/first_cpp_pkg) by extension 'colcon_meta'
[0.303s] Level 1:colcon.colcon_core.package_identification:_identify(src/first_cpp_pkg) by extensions ['ros']
[0.303s] Level 1:colcon.colcon_core.package_identification:_identify(src/first_cpp_pkg) by extension 'ros'
[0.306s] DEBUG:colcon.colcon_core.package_identification:Package 'src/first_cpp_pkg' with type 'ros.ament_cmake' and name 'first_cpp_pkg'
[0.306s] Level 1:colcon.colcon_core.package_identification:_identify(src/first_package) by extensions ['ignore', 'ignore_ament_install']
[0.306s] Level 1:colcon.colcon_core.package_identification:_identify(src/first_package) by extension 'ignore'
[0.306s] Level 1:colcon.colcon_core.package_identification:_identify(src/first_package) by extension 'ignore_ament_install'
[0.306s] Level 1:colcon.colcon_core.package_identification:_identify(src/first_package) by extensions ['colcon_pkg']
[0.306s] Level 1:colcon.colcon_core.package_identification:_identify(src/first_package) by extension 'colcon_pkg'
[0.306s] Level 1:colcon.colcon_core.package_identification:_identify(src/first_package) by extensions ['colcon_meta']
[0.306s] Level 1:colcon.colcon_core.package_identification:_identify(src/first_package) by extension 'colcon_meta'
[0.306s] Level 1:colcon.colcon_core.package_identification:_identify(src/first_package) by extensions ['ros']
[0.306s] Level 1:colcon.colcon_core.package_identification:_identify(src/first_package) by extension 'ros'
[0.307s] DEBUG:colcon.colcon_core.package_identification:Package 'src/first_package' with type 'ros.ament_python' and name 'first_package'
[0.307s] Level 1:colcon.colcon_core.package_identification:_identify(src/first_package_msgs) by extensions ['ignore', 'ignore_ament_install']
[0.307s] Level 1:colcon.colcon_core.package_identification:_identify(src/first_package_msgs) by extension 'ignore'
[0.307s] Level 1:colcon.colcon_core.package_identification:_identify(src/first_package_msgs) by extension 'ignore_ament_install'
[0.307s] Level 1:colcon.colcon_core.package_identification:_identify(src/first_package_msgs) by extensions ['colcon_pkg']
[0.307s] Level 1:colcon.colcon_core.package_identification:_identify(src/first_package_msgs) by extension 'colcon_pkg'
[0.307s] Level 1:colcon.colcon_core.package_identification:_identify(src/first_package_msgs) by extensions ['colcon_meta']
[0.307s] Level 1:colcon.colcon_core.package_identification:_identify(src/first_package_msgs) by extension 'colcon_meta'
[0.307s] Level 1:colcon.colcon_core.package_identification:_identify(src/first_package_msgs) by extensions ['ros']
[0.307s] Level 1:colcon.colcon_core.package_identification:_identify(src/first_package_msgs) by extension 'ros'
[0.308s] DEBUG:colcon.colcon_core.package_identification:Package 'src/first_package_msgs' with type 'ros.ament_cmake' and name 'first_package_msgs'
[0.308s] Level 1:colcon.colcon_core.package_identification:_identify(src/opencv_tutorials) by extensions ['ignore', 'ignore_ament_install']
[0.308s] Level 1:colcon.colcon_core.package_identification:_identify(src/opencv_tutorials) by extension 'ignore'
[0.308s] Level 1:colcon.colcon_core.package_identification:_identify(src/opencv_tutorials) by extension 'ignore_ament_install'
[0.308s] Level 1:colcon.colcon_core.package_identification:_identify(src/opencv_tutorials) by extensions ['colcon_pkg']
[0.308s] Level 1:colcon.colcon_core.package_identification:_identify(src/opencv_tutorials) by extension 'colcon_pkg'
[0.308s] Level 1:colcon.colcon_core.package_identification:_identify(src/opencv_tutorials) by extensions ['colcon_meta']
[0.308s] Level 1:colcon.colcon_core.package_identification:_identify(src/opencv_tutorials) by extension 'colcon_meta'
[0.308s] Level 1:colcon.colcon_core.package_identification:_identify(src/opencv_tutorials) by extensions ['ros']
[0.308s] Level 1:colcon.colcon_core.package_identification:_identify(src/opencv_tutorials) by extension 'ros'
[0.309s] DEBUG:colcon.colcon_core.package_identification:Package 'src/opencv_tutorials' with type 'ros.ament_python' and name 'opencv_tutorials'
[0.309s] Level 1:colcon.colcon_core.package_identification:_identify(turtle_test) by extensions ['ignore', 'ignore_ament_install']
[0.309s] Level 1:colcon.colcon_core.package_identification:_identify(turtle_test) by extension 'ignore'
[0.310s] Level 1:colcon.colcon_core.package_identification:_identify(turtle_test) by extension 'ignore_ament_install'
[0.310s] Level 1:colcon.colcon_core.package_identification:_identify(turtle_test) by extensions ['colcon_pkg']
[0.310s] Level 1:colcon.colcon_core.package_identification:_identify(turtle_test) by extension 'colcon_pkg'
[0.310s] Level 1:colcon.colcon_core.package_identification:_identify(turtle_test) by extensions ['colcon_meta']
[0.310s] Level 1:colcon.colcon_core.package_identification:_identify(turtle_test) by extension 'colcon_meta'
[0.310s] Level 1:colcon.colcon_core.package_identification:_identify(turtle_test) by extensions ['ros']
[0.310s] Level 1:colcon.colcon_core.package_identification:_identify(turtle_test) by extension 'ros'
[0.310s] Level 1:colcon.colcon_core.package_identification:_identify(turtle_test) by extensions ['cmake', 'python']
[0.310s] Level 1:colcon.colcon_core.package_identification:_identify(turtle_test) by extension 'cmake'
[0.310s] Level 1:colcon.colcon_core.package_identification:_identify(turtle_test) by extension 'python'
[0.310s] Level 1:colcon.colcon_core.package_identification:_identify(turtle_test) by extensions ['python_setup_py']
[0.310s] Level 1:colcon.colcon_core.package_identification:_identify(turtle_test) by extension 'python_setup_py'
[0.310s] Level 1:colcon.colcon_core.package_discovery:discover_packages(recursive) using defaults
[0.310s] Level 1:colcon.colcon_core.package_discovery:discover_packages(ignore) discover
[0.310s] Level 1:colcon.colcon_core.package_discovery:discover_packages(ignore) using defaults
[0.310s] Level 1:colcon.colcon_core.package_discovery:discover_packages(path) discover
[0.310s] Level 1:colcon.colcon_core.package_discovery:discover_packages(path) using defaults
[0.334s] Level 1:colcon.colcon_core.package_discovery:discover_packages(prefix_path) check parameters
[0.335s] Level 1:colcon.colcon_core.package_discovery:discover_packages(prefix_path) discover
[0.337s] DEBUG:colcon.colcon_installed_package_information.package_discovery:Found 5 installed packages in /home/rds/Desktop/git_ws/ROS_ws/install
[0.338s] DEBUG:colcon.colcon_installed_package_information.package_discovery:Found 288 installed packages in /opt/ros/humble
[0.339s] Level 1:colcon.colcon_core.package_discovery:discover_packages(prefix_path) using defaults
[0.363s] Level 5:colcon.colcon_core.verb:set package 'first_cpp_pkg' build argument 'cmake_args' from command line to 'None'
[0.363s] Level 5:colcon.colcon_core.verb:set package 'first_cpp_pkg' build argument 'cmake_target' from command line to 'None'
[0.363s] Level 5:colcon.colcon_core.verb:set package 'first_cpp_pkg' build argument 'cmake_target_skip_unavailable' from command line to 'False'
[0.363s] Level 5:colcon.colcon_core.verb:set package 'first_cpp_pkg' build argument 'cmake_clean_cache' from command line to 'False'
[0.363s] Level 5:colcon.colcon_core.verb:set package 'first_cpp_pkg' build argument 'cmake_clean_first' from command line to 'False'
[0.363s] Level 5:colcon.colcon_core.verb:set package 'first_cpp_pkg' build argument 'cmake_force_configure' from command line to 'False'
[0.363s] Level 5:colcon.colcon_core.verb:set package 'first_cpp_pkg' build argument 'ament_cmake_args' from command line to 'None'
[0.363s] Level 5:colcon.colcon_core.verb:set package 'first_cpp_pkg' build argument 'catkin_cmake_args' from command line to 'None'
[0.363s] Level 5:colcon.colcon_core.verb:set package 'first_cpp_pkg' build argument 'catkin_skip_building_tests' from command line to 'False'
[0.363s] DEBUG:colcon.colcon_core.verb:Building package 'first_cpp_pkg' with the following arguments: {'ament_cmake_args': None, 'build_base': '/home/rds/Desktop/git_ws/ROS_ws/build/first_cpp_pkg', 'catkin_cmake_args': None, 'catkin_skip_building_tests': False, 'cmake_args': None, 'cmake_clean_cache': False, 'cmake_clean_first': False, 'cmake_force_configure': False, 'cmake_target': None, 'cmake_target_skip_unavailable': False, 'install_base': '/home/rds/Desktop/git_ws/ROS_ws/install/first_cpp_pkg', 'merge_install': False, 'path': '/home/rds/Desktop/git_ws/ROS_ws/src/first_cpp_pkg', 'symlink_install': False, 'test_result_base': None}
[0.363s] Level 5:colcon.colcon_core.verb:set package 'first_package' build argument 'cmake_args' from command line to 'None'
[0.363s] Level 5:colcon.colcon_core.verb:set package 'first_package' build argument 'cmake_target' from command line to 'None'
[0.363s] Level 5:colcon.colcon_core.verb:set package 'first_package' build argument 'cmake_target_skip_unavailable' from command line to 'False'
[0.363s] Level 5:colcon.colcon_core.verb:set package 'first_package' build argument 'cmake_clean_cache' from command line to 'False'
[0.363s] Level 5:colcon.colcon_core.verb:set package 'first_package' build argument 'cmake_clean_first' from command line to 'False'
[0.363s] Level 5:colcon.colcon_core.verb:set package 'first_package' build argument 'cmake_force_configure' from command line to 'False'
[0.363s] Level 5:colcon.colcon_core.verb:set package 'first_package' build argument 'ament_cmake_args' from command line to 'None'
[0.363s] Level 5:colcon.colcon_core.verb:set package 'first_package' build argument 'catkin_cmake_args' from command line to 'None'
[0.363s] Level 5:colcon.colcon_core.verb:set package 'first_package' build argument 'catkin_skip_building_tests' from command line to 'False'
[0.363s] DEBUG:colcon.colcon_core.verb:Building package 'first_package' with the following arguments: {'ament_cmake_args': None, 'build_base': '/home/rds/Desktop/git_ws/ROS_ws/build/first_package', 'catkin_cmake_args': None, 'catkin_skip_building_tests': False, 'cmake_args': None, 'cmake_clean_cache': False, 'cmake_clean_first': False, 'cmake_force_configure': False, 'cmake_target': None, 'cmake_target_skip_unavailable': False, 'install_base': '/home/rds/Desktop/git_ws/ROS_ws/install/first_package', 'merge_install': False, 'path': '/home/rds/Desktop/git_ws/ROS_ws/src/first_package', 'symlink_install': False, 'test_result_base': None}
[0.363s] Level 5:colcon.colcon_core.verb:set package 'first_package_msgs' build argument 'cmake_args' from command line to 'None'
[0.363s] Level 5:colcon.colcon_core.verb:set package 'first_package_msgs' build argument 'cmake_target' from command line to 'None'
[0.363s] Level 5:colcon.colcon_core.verb:set package 'first_package_msgs' build argument 'cmake_target_skip_unavailable' from command line to 'False'
[0.363s] Level 5:colcon.colcon_core.verb:set package 'first_package_msgs' build argument 'cmake_clean_cache' from command line to 'False'
[0.363s] Level 5:colcon.colcon_core.verb:set package 'first_package_msgs' build argument 'cmake_clean_first' from command line to 'False'
[0.363s] Level 5:colcon.colcon_core.verb:set package 'first_package_msgs' build argument 'cmake_force_configure' from command line to 'False'
[0.363s] Level 5:colcon.colcon_core.verb:set package 'first_package_msgs' build argument 'ament_cmake_args' from command line to 'None'
[0.363s] Level 5:colcon.colcon_core.verb:set package 'first_package_msgs' build argument 'catkin_cmake_args' from command line to 'None'
[0.363s] Level 5:colcon.colcon_core.verb:set package 'first_package_msgs' build argument 'catkin_skip_building_tests' from command line to 'False'
[0.363s] DEBUG:colcon.colcon_core.verb:Building package 'first_package_msgs' with the following arguments: {'ament_cmake_args': None, 'build_base': '/home/rds/Desktop/git_ws/ROS_ws/build/first_package_msgs', 'catkin_cmake_args': None, 'catkin_skip_building_tests': False, 'cmake_args': None, 'cmake_clean_cache': False, 'cmake_clean_first': False, 'cmake_force_configure': False, 'cmake_target': None, 'cmake_target_skip_unavailable': False, 'install_base': '/home/rds/Desktop/git_ws/ROS_ws/install/first_package_msgs', 'merge_install': False, 'path': '/home/rds/Desktop/git_ws/ROS_ws/src/first_package_msgs', 'symlink_install': False, 'test_result_base': None}
[0.364s] Level 5:colcon.colcon_core.verb:set package 'opencv_tutorials' build argument 'cmake_args' from command line to 'None'
[0.364s] Level 5:colcon.colcon_core.verb:set package 'opencv_tutorials' build argument 'cmake_target' from command line to 'None'
[0.364s] Level 5:colcon.colcon_core.verb:set package 'opencv_tutorials' build argument 'cmake_target_skip_unavailable' from command line to 'False'
[0.364s] Level 5:colcon.colcon_core.verb:set package 'opencv_tutorials' build argument 'cmake_clean_cache' from command line to 'False'
[0.364s] Level 5:colcon.colcon_core.verb:set package 'opencv_tutorials' build argument 'cmake_clean_first' from command line to 'False'
[0.364s] Level 5:colcon.colcon_core.verb:set package 'opencv_tutorials' build argument 'cmake_force_configure' from command line to 'False'
[0.364s] Level 5:colcon.colcon_core.verb:set package 'opencv_tutorials' build argument 'ament_cmake_args' from command line to 'None'
[0.364s] Level 5:colcon.colcon_core.verb:set package 'opencv_tutorials' build argument 'catkin_cmake_args' from command line to 'None'
[0.364s] Level 5:colcon.colcon_core.verb:set package 'opencv_tutorials' build argument 'catkin_skip_building_tests' from command line to 'False'
[0.364s] DEBUG:colcon.colcon_core.verb:Building package 'opencv_tutorials' with the following arguments: {'ament_cmake_args': None, 'build_base': '/home/rds/Desktop/git_ws/ROS_ws/build/opencv_tutorials', 'catkin_cmake_args': None, 'catkin_skip_building_tests': False, 'cmake_args': None, 'cmake_clean_cache': False, 'cmake_clean_first': False, 'cmake_force_configure': False, 'cmake_target': None, 'cmake_target_skip_unavailable': False, 'install_base': '/home/rds/Desktop/git_ws/ROS_ws/install/opencv_tutorials', 'merge_install': False, 'path': '/home/rds/Desktop/git_ws/ROS_ws/src/opencv_tutorials', 'symlink_install': False, 'test_result_base': None}
[0.364s] INFO:colcon.colcon_core.executor:Executing jobs using 'parallel' executor
[0.365s] DEBUG:colcon.colcon_parallel_executor.executor.parallel:run_until_complete
[0.365s] INFO:colcon.colcon_ros.task.ament_cmake.build:Building ROS package in '/home/rds/Desktop/git_ws/ROS_ws/src/first_cpp_pkg' with build type 'ament_cmake'
[0.365s] INFO:colcon.colcon_cmake.task.cmake.build:Building CMake package in '/home/rds/Desktop/git_ws/ROS_ws/src/first_cpp_pkg'
[0.370s] INFO:colcon.colcon_core.plugin_system:Skipping extension 'colcon_core.shell.bat': Not used on non-Windows systems
[0.370s] INFO:colcon.colcon_core.shell:Skip shell extension 'powershell' for command environment: Not usable outside of PowerShell
[0.370s] DEBUG:colcon.colcon_core.shell:Skip shell extension 'dsv' for command environment
[0.372s] INFO:colcon.colcon_ros.task.ament_python.build:Building ROS package in '/home/rds/Desktop/git_ws/ROS_ws/src/first_package' with build type 'ament_python'
[0.372s] Level 1:colcon.colcon_core.shell:create_environment_hook('first_package', 'ament_prefix_path')
[0.373s] INFO:colcon.colcon_core.shell:Creating environment hook '/home/rds/Desktop/git_ws/ROS_ws/install/first_package/share/first_package/hook/ament_prefix_path.ps1'
[0.373s] INFO:colcon.colcon_core.shell:Creating environment descriptor '/home/rds/Desktop/git_ws/ROS_ws/install/first_package/share/first_package/hook/ament_prefix_path.dsv'
[0.374s] INFO:colcon.colcon_core.shell:Creating environment hook '/home/rds/Desktop/git_ws/ROS_ws/install/first_package/share/first_package/hook/ament_prefix_path.sh'
[0.374s] INFO:colcon.colcon_core.shell:Skip shell extension 'powershell' for command environment: Not usable outside of PowerShell
[0.374s] DEBUG:colcon.colcon_core.shell:Skip shell extension 'dsv' for command environment
[0.376s] INFO:colcon.colcon_ros.task.ament_cmake.build:Building ROS package in '/home/rds/Desktop/git_ws/ROS_ws/src/first_package_msgs' with build type 'ament_cmake'
[0.376s] INFO:colcon.colcon_cmake.task.cmake.build:Building CMake package in '/home/rds/Desktop/git_ws/ROS_ws/src/first_package_msgs'
[0.376s] INFO:colcon.colcon_core.shell:Skip shell extension 'powershell' for command environment: Not usable outside of PowerShell
[0.377s] DEBUG:colcon.colcon_core.shell:Skip shell extension 'dsv' for command environment
[0.379s] INFO:colcon.colcon_ros.task.ament_python.build:Building ROS package in '/home/rds/Desktop/git_ws/ROS_ws/src/opencv_tutorials' with build type 'ament_python'
[0.379s] Level 1:colcon.colcon_core.shell:create_environment_hook('opencv_tutorials', 'ament_prefix_path')
[0.379s] INFO:colcon.colcon_core.shell:Creating environment hook '/home/rds/Desktop/git_ws/ROS_ws/install/opencv_tutorials/share/opencv_tutorials/hook/ament_prefix_path.ps1'
[0.379s] INFO:colcon.colcon_core.shell:Creating environment descriptor '/home/rds/Desktop/git_ws/ROS_ws/install/opencv_tutorials/share/opencv_tutorials/hook/ament_prefix_path.dsv'
[0.380s] INFO:colcon.colcon_core.shell:Creating environment hook '/home/rds/Desktop/git_ws/ROS_ws/install/opencv_tutorials/share/opencv_tutorials/hook/ament_prefix_path.sh'
[0.380s] INFO:colcon.colcon_core.shell:Skip shell extension 'powershell' for command environment: Not usable outside of PowerShell
[0.380s] DEBUG:colcon.colcon_core.shell:Skip shell extension 'dsv' for command environment
[0.386s] DEBUG:colcon.colcon_core.event_handler.log_command:Invoking command in '/home/rds/Desktop/git_ws/ROS_ws/build/first_cpp_pkg': CMAKE_PREFIX_PATH=${CMAKE_PREFIX_PATH}:/home/rds/Desktop/git_ws/ROS_ws/install/opencv_tutorials:/home/rds/Desktop/git_ws/ROS_ws/install/first_package:/opt/ros/humble /usr/bin/cmake --build /home/rds/Desktop/git_ws/ROS_ws/build/first_cpp_pkg -- -j8 -l8
[0.560s] INFO:colcon.colcon_core.task.python.build:Building Python package in '/home/rds/Desktop/git_ws/ROS_ws/src/first_package'
[0.560s] INFO:colcon.colcon_core.shell:Skip shell extension 'powershell' for command environment: Not usable outside of PowerShell
[0.560s] DEBUG:colcon.colcon_core.shell:Skip shell extension 'dsv' for command environment
[0.565s] DEBUG:colcon.colcon_core.event_handler.log_command:Invoking command in '/home/rds/Desktop/git_ws/ROS_ws/build/first_package_msgs': CMAKE_PREFIX_PATH=${CMAKE_PREFIX_PATH}:/home/rds/Desktop/git_ws/ROS_ws/install/opencv_tutorials:/home/rds/Desktop/git_ws/ROS_ws/install/first_package:/opt/ros/humble /usr/bin/cmake --build /home/rds/Desktop/git_ws/ROS_ws/build/first_package_msgs -- -j8 -l8
[0.791s] INFO:colcon.colcon_core.task.python.build:Building Python package in '/home/rds/Desktop/git_ws/ROS_ws/src/opencv_tutorials'
[0.791s] INFO:colcon.colcon_core.shell:Skip shell extension 'powershell' for command environment: Not usable outside of PowerShell
[0.792s] DEBUG:colcon.colcon_core.shell:Skip shell extension 'dsv' for command environment
[0.795s] DEBUG:colcon.colcon_core.event_handler.log_command:Invoked command in '/home/rds/Desktop/git_ws/ROS_ws/build/first_cpp_pkg' returned '0': CMAKE_PREFIX_PATH=${CMAKE_PREFIX_PATH}:/home/rds/Desktop/git_ws/ROS_ws/install/opencv_tutorials:/home/rds/Desktop/git_ws/ROS_ws/install/first_package:/opt/ros/humble /usr/bin/cmake --build /home/rds/Desktop/git_ws/ROS_ws/build/first_cpp_pkg -- -j8 -l8
[0.833s] DEBUG:colcon.colcon_core.event_handler.log_command:Invoking command in '/home/rds/Desktop/git_ws/ROS_ws/build/first_cpp_pkg': CMAKE_PREFIX_PATH=${CMAKE_PREFIX_PATH}:/home/rds/Desktop/git_ws/ROS_ws/install/opencv_tutorials:/home/rds/Desktop/git_ws/ROS_ws/install/first_package:/opt/ros/humble /usr/bin/cmake --install /home/rds/Desktop/git_ws/ROS_ws/build/first_cpp_pkg
[0.845s] Level 1:colcon.colcon_core.environment:create_environment_scripts_only(first_cpp_pkg)
[0.845s] DEBUG:colcon.colcon_core.event_handler.log_command:Invoked command in '/home/rds/Desktop/git_ws/ROS_ws/build/first_cpp_pkg' returned '0': CMAKE_PREFIX_PATH=${CMAKE_PREFIX_PATH}:/home/rds/Desktop/git_ws/ROS_ws/install/opencv_tutorials:/home/rds/Desktop/git_ws/ROS_ws/install/first_package:/opt/ros/humble /usr/bin/cmake --install /home/rds/Desktop/git_ws/ROS_ws/build/first_cpp_pkg
[0.852s] Level 1:colcon.colcon_core.environment:checking '/home/rds/Desktop/git_ws/ROS_ws/install/first_cpp_pkg' for CMake module files
[0.853s] Level 1:colcon.colcon_core.environment:checking '/home/rds/Desktop/git_ws/ROS_ws/install/first_cpp_pkg' for CMake config files
[0.853s] Level 1:colcon.colcon_core.shell:create_environment_hook('first_cpp_pkg', 'cmake_prefix_path')
[0.853s] INFO:colcon.colcon_core.shell:Creating environment hook '/home/rds/Desktop/git_ws/ROS_ws/install/first_cpp_pkg/share/first_cpp_pkg/hook/cmake_prefix_path.ps1'
[0.854s] INFO:colcon.colcon_core.shell:Creating environment descriptor '/home/rds/Desktop/git_ws/ROS_ws/install/first_cpp_pkg/share/first_cpp_pkg/hook/cmake_prefix_path.dsv'
[0.854s] INFO:colcon.colcon_core.shell:Creating environment hook '/home/rds/Desktop/git_ws/ROS_ws/install/first_cpp_pkg/share/first_cpp_pkg/hook/cmake_prefix_path.sh'
[0.855s] Level 1:colcon.colcon_core.environment:checking '/home/rds/Desktop/git_ws/ROS_ws/install/first_cpp_pkg/lib'
[0.855s] Level 1:colcon.colcon_core.environment:checking '/home/rds/Desktop/git_ws/ROS_ws/install/first_cpp_pkg/bin'
[0.855s] Level 1:colcon.colcon_core.environment:checking '/home/rds/Desktop/git_ws/ROS_ws/install/first_cpp_pkg/lib/pkgconfig/first_cpp_pkg.pc'
[0.856s] Level 1:colcon.colcon_core.environment:checking '/home/rds/Desktop/git_ws/ROS_ws/install/first_cpp_pkg/lib/python3.10/site-packages'
[0.856s] Level 1:colcon.colcon_core.environment:checking '/home/rds/Desktop/git_ws/ROS_ws/install/first_cpp_pkg/bin'
[0.857s] INFO:colcon.colcon_core.shell:Creating package script '/home/rds/Desktop/git_ws/ROS_ws/install/first_cpp_pkg/share/first_cpp_pkg/package.ps1'
[0.858s] INFO:colcon.colcon_core.shell:Creating package descriptor '/home/rds/Desktop/git_ws/ROS_ws/install/first_cpp_pkg/share/first_cpp_pkg/package.dsv'
[0.859s] INFO:colcon.colcon_core.shell:Creating package script '/home/rds/Desktop/git_ws/ROS_ws/install/first_cpp_pkg/share/first_cpp_pkg/package.sh'
[0.859s] INFO:colcon.colcon_core.shell:Creating package script '/home/rds/Desktop/git_ws/ROS_ws/install/first_cpp_pkg/share/first_cpp_pkg/package.bash'
[0.861s] INFO:colcon.colcon_core.shell:Creating package script '/home/rds/Desktop/git_ws/ROS_ws/install/first_cpp_pkg/share/first_cpp_pkg/package.zsh'
[0.862s] Level 1:colcon.colcon_core.environment:create_file_with_runtime_dependencies(/home/rds/Desktop/git_ws/ROS_ws/install/first_cpp_pkg/share/colcon-core/packages/first_cpp_pkg)
[0.876s] DEBUG:colcon.colcon_core.event_handler.log_command:Invoked command in '/home/rds/Desktop/git_ws/ROS_ws/build/first_package_msgs' returned '0': CMAKE_PREFIX_PATH=${CMAKE_PREFIX_PATH}:/home/rds/Desktop/git_ws/ROS_ws/install/opencv_tutorials:/home/rds/Desktop/git_ws/ROS_ws/install/first_package:/opt/ros/humble /usr/bin/cmake --build /home/rds/Desktop/git_ws/ROS_ws/build/first_package_msgs -- -j8 -l8
[0.882s] Level 1:colcon.colcon_core.environment:create_environment_scripts_only(first_cpp_pkg)
[0.883s] Level 1:colcon.colcon_core.environment:checking '/home/rds/Desktop/git_ws/ROS_ws/install/first_cpp_pkg' for CMake module files
[0.883s] Level 1:colcon.colcon_core.environment:checking '/home/rds/Desktop/git_ws/ROS_ws/install/first_cpp_pkg' for CMake config files
[0.883s] Level 1:colcon.colcon_core.shell:create_environment_hook('first_cpp_pkg', 'cmake_prefix_path')
[0.883s] INFO:colcon.colcon_core.shell:Creating environment hook '/home/rds/Desktop/git_ws/ROS_ws/install/first_cpp_pkg/share/first_cpp_pkg/hook/cmake_prefix_path.ps1'
[0.883s] INFO:colcon.colcon_core.shell:Creating environment descriptor '/home/rds/Desktop/git_ws/ROS_ws/install/first_cpp_pkg/share/first_cpp_pkg/hook/cmake_prefix_path.dsv'
[0.884s] INFO:colcon.colcon_core.shell:Creating environment hook '/home/rds/Desktop/git_ws/ROS_ws/install/first_cpp_pkg/share/first_cpp_pkg/hook/cmake_prefix_path.sh'
[0.884s] Level 1:colcon.colcon_core.environment:checking '/home/rds/Desktop/git_ws/ROS_ws/install/first_cpp_pkg/lib'
[0.884s] Level 1:colcon.colcon_core.environment:checking '/home/rds/Desktop/git_ws/ROS_ws/install/first_cpp_pkg/bin'
[0.884s] Level 1:colcon.colcon_core.environment:checking '/home/rds/Desktop/git_ws/ROS_ws/install/first_cpp_pkg/lib/pkgconfig/first_cpp_pkg.pc'
[0.884s] Level 1:colcon.colcon_core.environment:checking '/home/rds/Desktop/git_ws/ROS_ws/install/first_cpp_pkg/lib/python3.10/site-packages'
[0.884s] Level 1:colcon.colcon_core.environment:checking '/home/rds/Desktop/git_ws/ROS_ws/install/first_cpp_pkg/bin'
[0.885s] INFO:colcon.colcon_core.shell:Creating package script '/home/rds/Desktop/git_ws/ROS_ws/install/first_cpp_pkg/share/first_cpp_pkg/package.ps1'
[0.885s] INFO:colcon.colcon_core.shell:Creating package descriptor '/home/rds/Desktop/git_ws/ROS_ws/install/first_cpp_pkg/share/first_cpp_pkg/package.dsv'
[0.885s] INFO:colcon.colcon_core.shell:Creating package script '/home/rds/Desktop/git_ws/ROS_ws/install/first_cpp_pkg/share/first_cpp_pkg/package.sh'
[0.885s] INFO:colcon.colcon_core.shell:Creating package script '/home/rds/Desktop/git_ws/ROS_ws/install/first_cpp_pkg/share/first_cpp_pkg/package.bash'
[0.886s] INFO:colcon.colcon_core.shell:Creating package script '/home/rds/Desktop/git_ws/ROS_ws/install/first_cpp_pkg/share/first_cpp_pkg/package.zsh'
[0.886s] Level 1:colcon.colcon_core.environment:create_file_with_runtime_dependencies(/home/rds/Desktop/git_ws/ROS_ws/install/first_cpp_pkg/share/colcon-core/packages/first_cpp_pkg)
[0.935s] DEBUG:colcon.colcon_core.event_handler.log_command:Invoking command in '/home/rds/Desktop/git_ws/ROS_ws/build/first_package_msgs': CMAKE_PREFIX_PATH=${CMAKE_PREFIX_PATH}:/home/rds/Desktop/git_ws/ROS_ws/install/opencv_tutorials:/home/rds/Desktop/git_ws/ROS_ws/install/first_package:/opt/ros/humble /usr/bin/cmake --install /home/rds/Desktop/git_ws/ROS_ws/build/first_package_msgs
[0.983s] Level 1:colcon.colcon_core.environment:create_environment_scripts_only(first_package_msgs)
[0.983s] Level 1:colcon.colcon_core.environment:checking '/home/rds/Desktop/git_ws/ROS_ws/install/first_package_msgs' for CMake module files
[0.984s] DEBUG:colcon.colcon_core.event_handler.log_command:Invoked command in '/home/rds/Desktop/git_ws/ROS_ws/build/first_package_msgs' returned '0': CMAKE_PREFIX_PATH=${CMAKE_PREFIX_PATH}:/home/rds/Desktop/git_ws/ROS_ws/install/opencv_tutorials:/home/rds/Desktop/git_ws/ROS_ws/install/first_package:/opt/ros/humble /usr/bin/cmake --install /home/rds/Desktop/git_ws/ROS_ws/build/first_package_msgs
[0.984s] Level 1:colcon.colcon_core.environment:checking '/home/rds/Desktop/git_ws/ROS_ws/install/first_package_msgs' for CMake config files
[0.985s] Level 1:colcon.colcon_core.shell:create_environment_hook('first_package_msgs', 'cmake_prefix_path')
[0.985s] INFO:colcon.colcon_core.shell:Creating environment hook '/home/rds/Desktop/git_ws/ROS_ws/install/first_package_msgs/share/first_package_msgs/hook/cmake_prefix_path.ps1'
[0.986s] INFO:colcon.colcon_core.shell:Creating environment descriptor '/home/rds/Desktop/git_ws/ROS_ws/install/first_package_msgs/share/first_package_msgs/hook/cmake_prefix_path.dsv'
[0.986s] INFO:colcon.colcon_core.shell:Creating environment hook '/home/rds/Desktop/git_ws/ROS_ws/install/first_package_msgs/share/first_package_msgs/hook/cmake_prefix_path.sh'
[0.987s] Level 1:colcon.colcon_core.environment:checking '/home/rds/Desktop/git_ws/ROS_ws/install/first_package_msgs/lib'
[0.987s] Level 1:colcon.colcon_core.shell:create_environment_hook('first_package_msgs', 'ld_library_path_lib')
[0.987s] INFO:colcon.colcon_core.shell:Creating environment hook '/home/rds/Desktop/git_ws/ROS_ws/install/first_package_msgs/share/first_package_msgs/hook/ld_library_path_lib.ps1'
[0.987s] INFO:colcon.colcon_core.shell:Creating environment descriptor '/home/rds/Desktop/git_ws/ROS_ws/install/first_package_msgs/share/first_package_msgs/hook/ld_library_path_lib.dsv'
[0.987s] INFO:colcon.colcon_core.shell:Creating environment hook '/home/rds/Desktop/git_ws/ROS_ws/install/first_package_msgs/share/first_package_msgs/hook/ld_library_path_lib.sh'
[0.988s] Level 1:colcon.colcon_core.environment:checking '/home/rds/Desktop/git_ws/ROS_ws/install/first_package_msgs/bin'
[0.988s] Level 1:colcon.colcon_core.environment:checking '/home/rds/Desktop/git_ws/ROS_ws/install/first_package_msgs/lib/pkgconfig/first_package_msgs.pc'
[0.988s] Level 1:colcon.colcon_core.environment:checking '/home/rds/Desktop/git_ws/ROS_ws/install/first_package_msgs/lib/python3.10/site-packages'
[0.988s] Level 1:colcon.colcon_core.environment:checking '/home/rds/Desktop/git_ws/ROS_ws/install/first_package_msgs/bin'
[0.989s] INFO:colcon.colcon_core.shell:Creating package script '/home/rds/Desktop/git_ws/ROS_ws/install/first_package_msgs/share/first_package_msgs/package.ps1'
[0.989s] INFO:colcon.colcon_core.shell:Creating package descriptor '/home/rds/Desktop/git_ws/ROS_ws/install/first_package_msgs/share/first_package_msgs/package.dsv'
[0.990s] INFO:colcon.colcon_core.shell:Creating package script '/home/rds/Desktop/git_ws/ROS_ws/install/first_package_msgs/share/first_package_msgs/package.sh'
[0.990s] INFO:colcon.colcon_core.shell:Creating package script '/home/rds/Desktop/git_ws/ROS_ws/install/first_package_msgs/share/first_package_msgs/package.bash'
[0.990s] INFO:colcon.colcon_core.shell:Creating package script '/home/rds/Desktop/git_ws/ROS_ws/install/first_package_msgs/share/first_package_msgs/package.zsh'
[0.990s] Level 1:colcon.colcon_core.environment:create_file_with_runtime_dependencies(/home/rds/Desktop/git_ws/ROS_ws/install/first_package_msgs/share/colcon-core/packages/first_package_msgs)
[1.049s] Level 1:colcon.colcon_core.environment:create_environment_scripts_only(first_package_msgs)
[1.049s] Level 1:colcon.colcon_core.environment:checking '/home/rds/Desktop/git_ws/ROS_ws/install/first_package_msgs' for CMake module files
[1.050s] Level 1:colcon.colcon_core.environment:checking '/home/rds/Desktop/git_ws/ROS_ws/install/first_package_msgs' for CMake config files
[1.050s] Level 1:colcon.colcon_core.shell:create_environment_hook('first_package_msgs', 'cmake_prefix_path')
[1.051s] INFO:colcon.colcon_core.shell:Creating environment hook '/home/rds/Desktop/git_ws/ROS_ws/install/first_package_msgs/share/first_package_msgs/hook/cmake_prefix_path.ps1'
[1.051s] INFO:colcon.colcon_core.shell:Creating environment descriptor '/home/rds/Desktop/git_ws/ROS_ws/install/first_package_msgs/share/first_package_msgs/hook/cmake_prefix_path.dsv'
[1.051s] INFO:colcon.colcon_core.shell:Creating environment hook '/home/rds/Desktop/git_ws/ROS_ws/install/first_package_msgs/share/first_package_msgs/hook/cmake_prefix_path.sh'
[1.051s] Level 1:colcon.colcon_core.environment:checking '/home/rds/Desktop/git_ws/ROS_ws/install/first_package_msgs/lib'
[1.051s] Level 1:colcon.colcon_core.shell:create_environment_hook('first_package_msgs', 'ld_library_path_lib')
[1.052s] INFO:colcon.colcon_core.shell:Creating environment hook '/home/rds/Desktop/git_ws/ROS_ws/install/first_package_msgs/share/first_package_msgs/hook/ld_library_path_lib.ps1'
[1.052s] INFO:colcon.colcon_core.shell:Creating environment descriptor '/home/rds/Desktop/git_ws/ROS_ws/install/first_package_msgs/share/first_package_msgs/hook/ld_library_path_lib.dsv'
[1.052s] INFO:colcon.colcon_core.shell:Creating environment hook '/home/rds/Desktop/git_ws/ROS_ws/install/first_package_msgs/share/first_package_msgs/hook/ld_library_path_lib.sh'
[1.052s] Level 1:colcon.colcon_core.environment:checking '/home/rds/Desktop/git_ws/ROS_ws/install/first_package_msgs/bin'
[1.052s] Level 1:colcon.colcon_core.environment:checking '/home/rds/Desktop/git_ws/ROS_ws/install/first_package_msgs/lib/pkgconfig/first_package_msgs.pc'
[1.052s] Level 1:colcon.colcon_core.environment:checking '/home/rds/Desktop/git_ws/ROS_ws/install/first_package_msgs/lib/python3.10/site-packages'
[1.052s] Level 1:colcon.colcon_core.environment:checking '/home/rds/Desktop/git_ws/ROS_ws/install/first_package_msgs/bin'
[1.053s] INFO:colcon.colcon_core.shell:Creating package script '/home/rds/Desktop/git_ws/ROS_ws/install/first_package_msgs/share/first_package_msgs/package.ps1'
[1.053s] INFO:colcon.colcon_core.shell:Creating package descriptor '/home/rds/Desktop/git_ws/ROS_ws/install/first_package_msgs/share/first_package_msgs/package.dsv'
[1.053s] INFO:colcon.colcon_core.shell:Creating package script '/home/rds/Desktop/git_ws/ROS_ws/install/first_package_msgs/share/first_package_msgs/package.sh'
[1.054s] INFO:colcon.colcon_core.shell:Creating package script '/home/rds/Desktop/git_ws/ROS_ws/install/first_package_msgs/share/first_package_msgs/package.bash'
[1.054s] INFO:colcon.colcon_core.shell:Creating package script '/home/rds/Desktop/git_ws/ROS_ws/install/first_package_msgs/share/first_package_msgs/package.zsh'
[1.054s] Level 1:colcon.colcon_core.environment:create_file_with_runtime_dependencies(/home/rds/Desktop/git_ws/ROS_ws/install/first_package_msgs/share/colcon-core/packages/first_package_msgs)
[1.166s] DEBUG:colcon.colcon_core.event_handler.log_command:Invoking command in '/home/rds/Desktop/git_ws/ROS_ws/src/opencv_tutorials': PYTHONPATH=/home/rds/Desktop/git_ws/ROS_ws/build/opencv_tutorials/prefix_override:/home/rds/Desktop/git_ws/ROS_ws/install/opencv_tutorials/lib/python3.10/site-packages:${PYTHONPATH} /usr/bin/python3 -W ignore:setup.py install is deprecated setup.py egg_info --egg-base ../../build/opencv_tutorials build --build-base /home/rds/Desktop/git_ws/ROS_ws/build/opencv_tutorials/build install --record /home/rds/Desktop/git_ws/ROS_ws/build/opencv_tutorials/install.log --single-version-externally-managed install_data
[1.167s] DEBUG:colcon.colcon_core.event_handler.log_command:Invoking command in '/home/rds/Desktop/git_ws/ROS_ws/src/first_package': PYTHONPATH=/home/rds/Desktop/git_ws/ROS_ws/build/first_package/prefix_override:/home/rds/Desktop/git_ws/ROS_ws/install/first_package/lib/python3.10/site-packages:${PYTHONPATH} /usr/bin/python3 -W ignore:setup.py install is deprecated setup.py egg_info --egg-base ../../build/first_package build --build-base /home/rds/Desktop/git_ws/ROS_ws/build/first_package/build install --record /home/rds/Desktop/git_ws/ROS_ws/build/first_package/install.log --single-version-externally-managed install_data
[1.377s] Level 1:colcon.colcon_core.environment:checking '/home/rds/Desktop/git_ws/ROS_ws/install/first_package' for CMake module files
[1.377s] DEBUG:colcon.colcon_core.event_handler.log_command:Invoked command in '/home/rds/Desktop/git_ws/ROS_ws/src/first_package' returned '0': PYTHONPATH=/home/rds/Desktop/git_ws/ROS_ws/build/first_package/prefix_override:/home/rds/Desktop/git_ws/ROS_ws/install/first_package/lib/python3.10/site-packages:${PYTHONPATH} /usr/bin/python3 -W ignore:setup.py install is deprecated setup.py egg_info --egg-base ../../build/first_package build --build-base /home/rds/Desktop/git_ws/ROS_ws/build/first_package/build install --record /home/rds/Desktop/git_ws/ROS_ws/build/first_package/install.log --single-version-externally-managed install_data
[1.378s] Level 1:colcon.colcon_core.environment:checking '/home/rds/Desktop/git_ws/ROS_ws/install/first_package' for CMake config files
[1.378s] Level 1:colcon.colcon_core.environment:checking '/home/rds/Desktop/git_ws/ROS_ws/install/first_package/lib'
[1.378s] Level 1:colcon.colcon_core.environment:checking '/home/rds/Desktop/git_ws/ROS_ws/install/first_package/bin'
[1.378s] Level 1:colcon.colcon_core.environment:checking '/home/rds/Desktop/git_ws/ROS_ws/install/first_package/lib/pkgconfig/first_package.pc'
[1.378s] Level 1:colcon.colcon_core.environment:checking '/home/rds/Desktop/git_ws/ROS_ws/install/first_package/lib/python3.10/site-packages'
[1.378s] Level 1:colcon.colcon_core.shell:create_environment_hook('first_package', 'pythonpath')
[1.379s] INFO:colcon.colcon_core.shell:Creating environment hook '/home/rds/Desktop/git_ws/ROS_ws/install/first_package/share/first_package/hook/pythonpath.ps1'
[1.379s] INFO:colcon.colcon_core.shell:Creating environment descriptor '/home/rds/Desktop/git_ws/ROS_ws/install/first_package/share/first_package/hook/pythonpath.dsv'
[1.379s] INFO:colcon.colcon_core.shell:Creating environment hook '/home/rds/Desktop/git_ws/ROS_ws/install/first_package/share/first_package/hook/pythonpath.sh'
[1.379s] Level 1:colcon.colcon_core.environment:checking '/home/rds/Desktop/git_ws/ROS_ws/install/first_package/bin'
[1.379s] Level 1:colcon.colcon_core.environment:create_environment_scripts_only(first_package)
[1.380s] INFO:colcon.colcon_core.shell:Creating package script '/home/rds/Desktop/git_ws/ROS_ws/install/first_package/share/first_package/package.ps1'
[1.380s] INFO:colcon.colcon_core.shell:Creating package descriptor '/home/rds/Desktop/git_ws/ROS_ws/install/first_package/share/first_package/package.dsv'
[1.380s] INFO:colcon.colcon_core.shell:Creating package script '/home/rds/Desktop/git_ws/ROS_ws/install/first_package/share/first_package/package.sh'
[1.380s] INFO:colcon.colcon_core.shell:Creating package script '/home/rds/Desktop/git_ws/ROS_ws/install/first_package/share/first_package/package.bash'
[1.381s] INFO:colcon.colcon_core.shell:Creating package script '/home/rds/Desktop/git_ws/ROS_ws/install/first_package/share/first_package/package.zsh'
[1.381s] Level 1:colcon.colcon_core.environment:create_file_with_runtime_dependencies(/home/rds/Desktop/git_ws/ROS_ws/install/first_package/share/colcon-core/packages/first_package)
[1.382s] Level 1:colcon.colcon_core.environment:checking '/home/rds/Desktop/git_ws/ROS_ws/install/opencv_tutorials' for CMake module files
[1.382s] DEBUG:colcon.colcon_core.event_handler.log_command:Invoked command in '/home/rds/Desktop/git_ws/ROS_ws/src/opencv_tutorials' returned '0': PYTHONPATH=/home/rds/Desktop/git_ws/ROS_ws/build/opencv_tutorials/prefix_override:/home/rds/Desktop/git_ws/ROS_ws/install/opencv_tutorials/lib/python3.10/site-packages:${PYTHONPATH} /usr/bin/python3 -W ignore:setup.py install is deprecated setup.py egg_info --egg-base ../../build/opencv_tutorials build --build-base /home/rds/Desktop/git_ws/ROS_ws/build/opencv_tutorials/build install --record /home/rds/Desktop/git_ws/ROS_ws/build/opencv_tutorials/install.log --single-version-externally-managed install_data
[1.382s] Level 1:colcon.colcon_core.environment:checking '/home/rds/Desktop/git_ws/ROS_ws/install/opencv_tutorials' for CMake config files
[1.383s] Level 1:colcon.colcon_core.environment:checking '/home/rds/Desktop/git_ws/ROS_ws/install/opencv_tutorials/lib'
[1.383s] Level 1:colcon.colcon_core.environment:checking '/home/rds/Desktop/git_ws/ROS_ws/install/opencv_tutorials/bin'
[1.383s] Level 1:colcon.colcon_core.environment:checking '/home/rds/Desktop/git_ws/ROS_ws/install/opencv_tutorials/lib/pkgconfig/opencv_tutorials.pc'
[1.383s] Level 1:colcon.colcon_core.environment:checking '/home/rds/Desktop/git_ws/ROS_ws/install/opencv_tutorials/lib/python3.10/site-packages'
[1.383s] Level 1:colcon.colcon_core.shell:create_environment_hook('opencv_tutorials', 'pythonpath')
[1.383s] INFO:colcon.colcon_core.shell:Creating environment hook '/home/rds/Desktop/git_ws/ROS_ws/install/opencv_tutorials/share/opencv_tutorials/hook/pythonpath.ps1'
[1.383s] INFO:colcon.colcon_core.shell:Creating environment descriptor '/home/rds/Desktop/git_ws/ROS_ws/install/opencv_tutorials/share/opencv_tutorials/hook/pythonpath.dsv'
[1.383s] INFO:colcon.colcon_core.shell:Creating environment hook '/home/rds/Desktop/git_ws/ROS_ws/install/opencv_tutorials/share/opencv_tutorials/hook/pythonpath.sh'
[1.384s] Level 1:colcon.colcon_core.environment:checking '/home/rds/Desktop/git_ws/ROS_ws/install/opencv_tutorials/bin'
[1.384s] Level 1:colcon.colcon_core.environment:create_environment_scripts_only(opencv_tutorials)
[1.384s] INFO:colcon.colcon_core.shell:Creating package script '/home/rds/Desktop/git_ws/ROS_ws/install/opencv_tutorials/share/opencv_tutorials/package.ps1'
[1.384s] INFO:colcon.colcon_core.shell:Creating package descriptor '/home/rds/Desktop/git_ws/ROS_ws/install/opencv_tutorials/share/opencv_tutorials/package.dsv'
[1.384s] INFO:colcon.colcon_core.shell:Creating package script '/home/rds/Desktop/git_ws/ROS_ws/install/opencv_tutorials/share/opencv_tutorials/package.sh'
[1.385s] INFO:colcon.colcon_core.shell:Creating package script '/home/rds/Desktop/git_ws/ROS_ws/install/opencv_tutorials/share/opencv_tutorials/package.bash'
[1.385s] INFO:colcon.colcon_core.shell:Creating package script '/home/rds/Desktop/git_ws/ROS_ws/install/opencv_tutorials/share/opencv_tutorials/package.zsh'
[1.385s] Level 1:colcon.colcon_core.environment:create_file_with_runtime_dependencies(/home/rds/Desktop/git_ws/ROS_ws/install/opencv_tutorials/share/colcon-core/packages/opencv_tutorials)
[1.385s] DEBUG:colcon.colcon_parallel_executor.executor.parallel:closing loop
[1.385s] DEBUG:colcon.colcon_parallel_executor.executor.parallel:loop closed
[1.385s] DEBUG:colcon.colcon_parallel_executor.executor.parallel:run_until_complete finished with '0'
[1.385s] DEBUG:colcon.colcon_core.event_reactor:joining thread
[1.390s] INFO:colcon.colcon_core.plugin_system:Skipping extension 'colcon_notification.desktop_notification.terminal_notifier': Not used on non-Darwin systems
[1.390s] INFO:colcon.colcon_core.plugin_system:Skipping extension 'colcon_notification.desktop_notification.win32': Not used on non-Windows systems
[1.390s] INFO:colcon.colcon_notification.desktop_notification:Sending desktop notification using 'notify2'
[1.401s] DEBUG:colcon.colcon_core.event_reactor:joined thread
[1.401s] INFO:colcon.colcon_core.shell:Creating prefix script '/home/rds/Desktop/git_ws/ROS_ws/install/local_setup.ps1'
[1.402s] INFO:colcon.colcon_core.shell:Creating prefix util module '/home/rds/Desktop/git_ws/ROS_ws/install/_local_setup_util_ps1.py'
[1.404s] INFO:colcon.colcon_core.shell:Creating prefix chain script '/home/rds/Desktop/git_ws/ROS_ws/install/setup.ps1'
[1.407s] INFO:colcon.colcon_core.shell:Creating prefix script '/home/rds/Desktop/git_ws/ROS_ws/install/local_setup.sh'
[1.407s] INFO:colcon.colcon_core.shell:Creating prefix util module '/home/rds/Desktop/git_ws/ROS_ws/install/_local_setup_util_sh.py'
[1.408s] INFO:colcon.colcon_core.shell:Creating prefix chain script '/home/rds/Desktop/git_ws/ROS_ws/install/setup.sh'
[1.409s] INFO:colcon.colcon_core.shell:Creating prefix script '/home/rds/Desktop/git_ws/ROS_ws/install/local_setup.bash'
[1.409s] INFO:colcon.colcon_core.shell:Creating prefix chain script '/home/rds/Desktop/git_ws/ROS_ws/install/setup.bash'
[1.410s] INFO:colcon.colcon_core.shell:Creating prefix script '/home/rds/Desktop/git_ws/ROS_ws/install/local_setup.zsh'
[1.410s] INFO:colcon.colcon_core.shell:Creating prefix chain script '/home/rds/Desktop/git_ws/ROS_ws/install/setup.zsh'
