[35m[1mConsolidate compiler generated dependencies of target turtle_cmd_and_pose[0m
[ 33%] Built target turtle_listener
[ 66%] Built target turtle_talker
[ 83%] [32mBuilding CXX object CMakeFiles/turtle_cmd_and_pose.dir/src/turtle_cmd_and_pose.cpp.o[0m
In file included from [01m[K/opt/ros/humble/include/rclcpp/rclcpp/logging.hpp:24[m[K,
                 from [01m[K/opt/ros/humble/include/rclcpp/rclcpp/client.hpp:40[m[K,
                 from [01m[K/opt/ros/humble/include/rclcpp/rclcpp/callback_group.hpp:24[m[K,
                 from [01m[K/opt/ros/humble/include/rclcpp/rclcpp/any_executable.hpp:20[m[K,
                 from [01m[K/opt/ros/humble/include/rclcpp/rclcpp/memory_strategy.hpp:25[m[K,
                 from [01m[K/opt/ros/humble/include/rclcpp/rclcpp/memory_strategies.hpp:18[m[K,
                 from [01m[K/opt/ros/humble/include/rclcpp/rclcpp/executor_options.hpp:20[m[K,
                 from [01m[K/opt/ros/humble/include/rclcpp/rclcpp/executor.hpp:37[m[K,
                 from [01m[K/opt/ros/humble/include/rclcpp/rclcpp/executors/multi_threaded_executor.hpp:25[m[K,
                 from [01m[K/opt/ros/humble/include/rclcpp/rclcpp/executors.hpp:21[m[K,
                 from [01m[K/opt/ros/humble/include/rclcpp/rclcpp/rclcpp.hpp:155[m[K,
                 from [01m[K/home/rds/Desktop/git_ws/ROS_ws/src/first_cpp_pkg/src/turtle_cmd_and_pose.cpp:3[m[K:
[01m[K/home/rds/Desktop/git_ws/ROS_ws/src/first_cpp_pkg/src/turtle_cmd_and_pose.cpp:[m[K In member function ‘[01m[Kvoid CmdAndPose::callback_cmd(const Twist&)[m[K’:
[01m[K/home/rds/Desktop/git_ws/ROS_ws/src/first_cpp_pkg/src/turtle_cmd_and_pose.cpp:42:9:[m[K [01;31m[Kerror: [m[K‘[01m[Kstd::type_info::type_info(const std::type_info&)[m[K’ is private within this context
   42 |         [01;31m[KRCLCPP_INFO[m[K(this->get_logger(), "test_msg %s ", typeid(msg));
      |         [01;31m[K^~~~~~~~~~~[m[K
In file included from [01m[K/usr/include/c++/11/bits/shared_ptr_base.h:52[m[K,
                 from [01m[K/usr/include/c++/11/bits/shared_ptr.h:53[m[K,
                 from [01m[K/usr/include/c++/11/memory:77[m[K,
                 from [01m[K/home/rds/Desktop/git_ws/ROS_ws/src/first_cpp_pkg/src/turtle_cmd_and_pose.cpp:2[m[K:
[01m[K/usr/include/c++/11/typeinfo:181:5:[m[K [01;36m[Knote: [m[Kdeclared private here
  181 |     [01;36m[Ktype_info[m[K(const type_info&);
      |     [01;36m[K^~~~~~~~~[m[K
In file included from [01m[K/opt/ros/humble/include/rclcpp/rclcpp/logging.hpp:24[m[K,
                 from [01m[K/opt/ros/humble/include/rclcpp/rclcpp/client.hpp:40[m[K,
                 from [01m[K/opt/ros/humble/include/rclcpp/rclcpp/callback_group.hpp:24[m[K,
                 from [01m[K/opt/ros/humble/include/rclcpp/rclcpp/any_executable.hpp:20[m[K,
                 from [01m[K/opt/ros/humble/include/rclcpp/rclcpp/memory_strategy.hpp:25[m[K,
                 from [01m[K/opt/ros/humble/include/rclcpp/rclcpp/memory_strategies.hpp:18[m[K,
                 from [01m[K/opt/ros/humble/include/rclcpp/rclcpp/executor_options.hpp:20[m[K,
                 from [01m[K/opt/ros/humble/include/rclcpp/rclcpp/executor.hpp:37[m[K,
                 from [01m[K/opt/ros/humble/include/rclcpp/rclcpp/executors/multi_threaded_executor.hpp:25[m[K,
                 from [01m[K/opt/ros/humble/include/rclcpp/rclcpp/executors.hpp:21[m[K,
                 from [01m[K/opt/ros/humble/include/rclcpp/rclcpp/rclcpp.hpp:155[m[K,
                 from [01m[K/home/rds/Desktop/git_ws/ROS_ws/src/first_cpp_pkg/src/turtle_cmd_and_pose.cpp:3[m[K:
[01m[K/home/rds/Desktop/git_ws/ROS_ws/src/first_cpp_pkg/src/turtle_cmd_and_pose.cpp:42:41:[m[K [01;35m[Kwarning: [m[Kformat ‘[01m[K%s[m[K’ expects argument of type ‘[01m[Kchar*[m[K’, but argument 5 has type ‘[01m[Kconst std::type_info[m[K’ [[01;35m[K]8;;https://gcc.gnu.org/onlinedocs/gcc/Warning-Options.html#index-Wformat=-Wformat=]8;;[m[K]
   42 |         RCLCPP_INFO(this->get_logger(), [01;35m[K"test_msg %s "[m[K, typeid(msg));
      |                                         [01;35m[K^~~~~~~~~~~~~~[m[K
[01m[K/home/rds/Desktop/git_ws/ROS_ws/src/first_cpp_pkg/src/turtle_cmd_and_pose.cpp:42:52:[m[K [01;36m[Knote: [m[Kformat string is defined here
   42 |         RCLCPP_INFO(this->get_logger(), "test_msg [01;36m[K%s[m[K ", typeid(msg));
      |                                                   [01;36m[K~^[m[K
      |                                                    [01;36m[K|[m[K
      |                                                    [01;36m[Kchar*[m[K
gmake[2]: *** [CMakeFiles/turtle_cmd_and_pose.dir/build.make:76: CMakeFiles/turtle_cmd_and_pose.dir/src/turtle_cmd_and_pose.cpp.o] Error 1
gmake[1]: *** [CMakeFiles/Makefile2:193: CMakeFiles/turtle_cmd_and_pose.dir/all] Error 2
gmake: *** [Makefile:146: all] Error 2
