[0.181s] Invoking command in '/home/rds/Desktop/git_ws/ROS_ws/build/first_package_msgs': CMAKE_PREFIX_PATH=${CMAKE_PREFIX_PATH}:/home/rds/Desktop/git_ws/ROS_ws/install/first_package:/opt/ros/humble /usr/bin/cmake --build /home/rds/Desktop/git_ws/ROS_ws/build/first_package_msgs -- -j8 -l8
[0.216s] [  2%] Built target first_package_msgs__cpp
[0.216s] [ 12%] Built target first_package_msgs__rosidl_generator_c
[0.233s] [ 12%] Built target ament_cmake_python_copy_first_package_msgs
[0.235s] [ 23%] Built target first_package_msgs__rosidl_typesupport_cpp
[0.242s] [ 34%] Built target first_package_msgs__rosidl_typesupport_introspection_cpp
[0.245s] [ 44%] Built target first_package_msgs__rosidl_typesupport_fastrtps_cpp
[0.253s] [ 65%] Built target first_package_msgs__rosidl_typesupport_introspection_c
[0.253s] [ 65%] Built target first_package_msgs__rosidl_typesupport_fastrtps_c
[0.260s] [ 76%] Built target first_package_msgs__rosidl_typesupport_c
[0.276s] [ 76%] Built target first_package_msgs
[0.291s] [ 78%] Built target first_package_msgs__py
[0.308s] [ 87%] Built target first_package_msgs__rosidl_generator_py
[0.327s] [ 91%] Built target first_package_msgs__rosidl_typesupport_fastrtps_c__pyext
[0.330s] [ 95%] Built target first_package_msgs__rosidl_typesupport_introspection_c__pyext
[0.331s] [100%] Built target first_package_msgs__rosidl_typesupport_c__pyext
[0.463s] running egg_info
[0.463s] writing first_package_msgs.egg-info/PKG-INFO
[0.463s] writing dependency_links to first_package_msgs.egg-info/dependency_links.txt
[0.463s] writing top-level names to first_package_msgs.egg-info/top_level.txt
[0.465s] reading manifest file 'first_package_msgs.egg-info/SOURCES.txt'
[0.466s] writing manifest file 'first_package_msgs.egg-info/SOURCES.txt'
[0.486s] [100%] Built target ament_cmake_python_build_first_package_msgs_egg
