[  2%] Built target first_package_msgs__cpp
[ 12%] Built target first_package_msgs__rosidl_generator_c
[ 12%] Built target ament_cmake_python_copy_first_package_msgs
[ 23%] Built target first_package_msgs__rosidl_typesupport_cpp
[ 36%] Built target first_package_msgs__rosidl_typesupport_c
[ 46%] Built target first_package_msgs__rosidl_typesupport_fastrtps_cpp
[ 55%] Built target first_package_msgs__rosidl_typesupport_introspection_c
[ 65%] Built target first_package_msgs__rosidl_typesupport_fastrtps_c
[ 76%] Built target first_package_msgs__rosidl_typesupport_introspection_cpp
[ 76%] Built target first_package_msgs
[ 78%] Built target first_package_msgs__py
[ 87%] Built target first_package_msgs__rosidl_generator_py
[ 91%] Built target first_package_msgs__rosidl_typesupport_c__pyext
[ 95%] Built target first_package_msgs__rosidl_typesupport_fastrtps_c__pyext
[100%] Built target first_package_msgs__rosidl_typesupport_introspection_c__pyext
running egg_info
writing first_package_msgs.egg-info/PKG-INFO
writing dependency_links to first_package_msgs.egg-info/dependency_links.txt
writing top-level names to first_package_msgs.egg-info/top_level.txt
reading manifest file 'first_package_msgs.egg-info/SOURCES.txt'
writing manifest file 'first_package_msgs.egg-info/SOURCES.txt'
[100%] Built target ament_cmake_python_build_first_package_msgs_egg
