[0.210s] Invoking command in '/home/rds/Desktop/git_ws/ROS_ws/build/first_package_msgs': CMAKE_PREFIX_PATH=${CMAKE_PREFIX_PATH}:/home/rds/Desktop/git_ws/ROS_ws/install/opencv_tutorials:/home/rds/Desktop/git_ws/ROS_ws/install/first_package:/opt/ros/humble /usr/bin/cmake --build /home/rds/Desktop/git_ws/ROS_ws/build/first_package_msgs -- -j8 -l8
[0.249s] [  2%] Built target first_package_msgs__cpp
[0.253s] [ 12%] Built target first_package_msgs__rosidl_generator_c
[0.260s] [ 12%] Built target ament_cmake_python_copy_first_package_msgs
[0.279s] [ 23%] Built target first_package_msgs__rosidl_typesupport_cpp
[0.280s] [ 36%] Built target first_package_msgs__rosidl_typesupport_c
[0.281s] [ 46%] Built target first_package_msgs__rosidl_typesupport_fastrtps_cpp
[0.282s] [ 55%] Built target first_package_msgs__rosidl_typesupport_introspection_c
[0.284s] [ 65%] Built target first_package_msgs__rosidl_typesupport_fastrtps_c
[0.285s] [ 76%] Built target first_package_msgs__rosidl_typesupport_introspection_cpp
[0.301s] [ 76%] Built target first_package_msgs
[0.318s] [ 78%] Built target first_package_msgs__py
[0.337s] [ 87%] Built target first_package_msgs__rosidl_generator_py
[0.362s] [ 91%] Built target first_package_msgs__rosidl_typesupport_c__pyext
[0.364s] [ 95%] Built target first_package_msgs__rosidl_typesupport_fastrtps_c__pyext
[0.368s] [100%] Built target first_package_msgs__rosidl_typesupport_introspection_c__pyext
[0.520s] running egg_info
[0.520s] writing first_package_msgs.egg-info/PKG-INFO
[0.521s] writing dependency_links to first_package_msgs.egg-info/dependency_links.txt
[0.521s] writing top-level names to first_package_msgs.egg-info/top_level.txt
[0.523s] reading manifest file 'first_package_msgs.egg-info/SOURCES.txt'
[0.523s] writing manifest file 'first_package_msgs.egg-info/SOURCES.txt'
[0.550s] [100%] Built target ament_cmake_python_build_first_package_msgs_egg
