[0.510s] Invoking command in '/home/rds/Desktop/git_ws/ROS_ws/src/first_package': PYTHONPATH=/home/rds/Desktop/git_ws/ROS_ws/build/first_package/prefix_override:/home/rds/Desktop/git_ws/ROS_ws/install/first_package/lib/python3.10/site-packages:${PYTHONPATH} /usr/bin/python3 -W ignore:setup.py install is deprecated setup.py egg_info --egg-base ../../build/first_package build --build-base /home/rds/Desktop/git_ws/ROS_ws/build/first_package/build install --record /home/rds/Desktop/git_ws/ROS_ws/build/first_package/install.log --single-version-externally-managed install_data
[0.658s] running egg_info
[0.658s] creating ../../build/first_package/first_package.egg-info
[0.658s] writing ../../build/first_package/first_package.egg-info/PKG-INFO
[0.659s] writing dependency_links to ../../build/first_package/first_package.egg-info/dependency_links.txt
[0.659s] writing entry points to ../../build/first_package/first_package.egg-info/entry_points.txt
[0.659s] writing requirements to ../../build/first_package/first_package.egg-info/requires.txt
[0.659s] writing top-level names to ../../build/first_package/first_package.egg-info/top_level.txt
[0.659s] writing manifest file '../../build/first_package/first_package.egg-info/SOURCES.txt'
[0.660s] reading manifest file '../../build/first_package/first_package.egg-info/SOURCES.txt'
[0.660s] writing manifest file '../../build/first_package/first_package.egg-info/SOURCES.txt'
[0.660s] running build
[0.660s] running build_py
[0.661s] creating /home/rds/Desktop/git_ws/ROS_ws/build/first_package/build
[0.661s] creating /home/rds/Desktop/git_ws/ROS_ws/build/first_package/build/lib
[0.661s] creating /home/rds/Desktop/git_ws/ROS_ws/build/first_package/build/lib/first_package
[0.661s] copying first_package/__init__.py -> /home/rds/Desktop/git_ws/ROS_ws/build/first_package/build/lib/first_package
[0.661s] copying first_package/first_node.py -> /home/rds/Desktop/git_ws/ROS_ws/build/first_package/build/lib/first_package
[0.661s] running install
[0.661s] running install_lib
[0.661s] creating /home/rds/Desktop/git_ws/ROS_ws/install/first_package/lib/python3.10/site-packages/first_package
[0.661s] copying /home/rds/Desktop/git_ws/ROS_ws/build/first_package/build/lib/first_package/__init__.py -> /home/rds/Desktop/git_ws/ROS_ws/install/first_package/lib/python3.10/site-packages/first_package
[0.661s] copying /home/rds/Desktop/git_ws/ROS_ws/build/first_package/build/lib/first_package/first_node.py -> /home/rds/Desktop/git_ws/ROS_ws/install/first_package/lib/python3.10/site-packages/first_package
[0.662s] byte-compiling /home/rds/Desktop/git_ws/ROS_ws/install/first_package/lib/python3.10/site-packages/first_package/__init__.py to __init__.cpython-310.pyc
[0.662s] byte-compiling /home/rds/Desktop/git_ws/ROS_ws/install/first_package/lib/python3.10/site-packages/first_package/first_node.py to first_node.cpython-310.pyc
[0.662s] running install_data
[0.662s] creating /home/rds/Desktop/git_ws/ROS_ws/install/first_package/share/ament_index
[0.662s] creating /home/rds/Desktop/git_ws/ROS_ws/install/first_package/share/ament_index/resource_index
[0.662s] creating /home/rds/Desktop/git_ws/ROS_ws/install/first_package/share/ament_index/resource_index/packages
[0.662s] copying resource/first_package -> /home/rds/Desktop/git_ws/ROS_ws/install/first_package/share/ament_index/resource_index/packages
[0.662s] copying package.xml -> /home/rds/Desktop/git_ws/ROS_ws/install/first_package/share/first_package
[0.662s] running install_egg_info
[0.663s] Copying ../../build/first_package/first_package.egg-info to /home/rds/Desktop/git_ws/ROS_ws/install/first_package/lib/python3.10/site-packages/first_package-0.0.0-py3.10.egg-info
[0.664s] running install_scripts
[0.676s] Installing first_node script to /home/rds/Desktop/git_ws/ROS_ws/install/first_package/lib/first_package
[0.676s] writing list of installed files to '/home/rds/Desktop/git_ws/ROS_ws/build/first_package/install.log'
[0.692s] Invoked command in '/home/rds/Desktop/git_ws/ROS_ws/src/first_package' returned '0': PYTHONPATH=/home/rds/Desktop/git_ws/ROS_ws/build/first_package/prefix_override:/home/rds/Desktop/git_ws/ROS_ws/install/first_package/lib/python3.10/site-packages:${PYTHONPATH} /usr/bin/python3 -W ignore:setup.py install is deprecated setup.py egg_info --egg-base ../../build/first_package build --build-base /home/rds/Desktop/git_ws/ROS_ws/build/first_package/build install --record /home/rds/Desktop/git_ws/ROS_ws/build/first_package/install.log --single-version-externally-managed install_data
