[0.016s] Invoking command in '/home/rds/Desktop/git_ws/ROS_ws/build/first_cpp_pkg': CMAKE_PREFIX_PATH=${CMAKE_PREFIX_PATH}:/home/rds/Desktop/git_ws/ROS_ws/install/opencv_tutorials:/home/rds/Desktop/git_ws/ROS_ws/install/first_package:/opt/ros/humble /usr/bin/cmake --build /home/rds/Desktop/git_ws/ROS_ws/build/first_cpp_pkg -- -j8 -l8
[0.203s] -- Found ament_cmake: 1.3.8 (/opt/ros/humble/share/ament_cmake/cmake)
[0.203s] -- Found rclcpp: 16.0.8 (/opt/ros/humble/share/rclcpp/cmake)
[0.203s] -- Found rosidl_generator_c: 3.1.5 (/opt/ros/humble/share/rosidl_generator_c/cmake)
[0.203s] -- Found rosidl_adapter: 3.1.5 (/opt/ros/humble/share/rosidl_adapter/cmake)
[0.203s] -- Found rosidl_generator_cpp: 3.1.5 (/opt/ros/humble/share/rosidl_generator_cpp/cmake)
[0.204s] -- Using all available rosidl_typesupport_c: rosidl_typesupport_fastrtps_c;rosidl_typesupport_introspection_c
[0.204s] -- Using all available rosidl_typesupport_cpp: rosidl_typesupport_fastrtps_cpp;rosidl_typesupport_introspection_cpp
[0.204s] -- Found rmw_implementation_cmake: 6.1.1 (/opt/ros/humble/share/rmw_implementation_cmake/cmake)
[0.204s] -- Found rmw_fastrtps_cpp: 6.2.6 (/opt/ros/humble/share/rmw_fastrtps_cpp/cmake)
[0.294s] -- Using RMW implementation 'rmw_fastrtps_cpp' as default
[0.402s] -- Found geometry_msgs: 4.2.3 (/opt/ros/humble/share/geometry_msgs/cmake)
[0.437s] -- Found turtlesim: 1.4.2 (/opt/ros/humble/share/turtlesim/cmake)
[0.575s] -- Found ament_lint_auto: 0.12.10 (/opt/ros/humble/share/ament_lint_auto/cmake)
[0.637s] -- Added test 'cppcheck' to perform static code analysis on C / C++ code
[0.637s] -- Configured cppcheck include dirs: 
[0.637s] -- Configured cppcheck exclude dirs and/or files: 
[0.638s] -- Added test 'lint_cmake' to check CMake code style
[0.638s] -- Added test 'uncrustify' to check C / C++ code style
[0.638s] -- Configured uncrustify additional arguments: 
[0.638s] -- Added test 'xmllint' to check XML markup files
[0.638s] -- Configuring done
[0.639s] -- Generating done
[0.640s] -- Build files have been written to: /home/rds/Desktop/git_ws/ROS_ws/build/first_cpp_pkg
[0.684s] [35m[1mConsolidate compiler generated dependencies of target listener[0m
[0.684s] [35m[1mConsolidate compiler generated dependencies of target turtle_talker[0m
[0.686s] [35m[1mConsolidate compiler generated dependencies of target talker[0m
[0.699s] [ 12%] [32mBuilding CXX object CMakeFiles/turtle_listener.dir/src/subscriber.cpp.o[0m
[0.708s] [ 37%] Built target listener
[0.716s] [ 50%] [32mBuilding CXX object CMakeFiles/turtle_talker.dir/src/publisher.cpp.o[0m
[0.723s] [ 75%] Built target talker
[4.034s] [ 87%] [32m[1mLinking CXX executable turtle_talker[0m
[4.170s] [ 87%] Built target turtle_talker
[6.445s] [100%] [32m[1mLinking CXX executable turtle_listener[0m
[6.724s] [100%] Built target turtle_listener
[6.734s] Invoked command in '/home/rds/Desktop/git_ws/ROS_ws/build/first_cpp_pkg' returned '0': CMAKE_PREFIX_PATH=${CMAKE_PREFIX_PATH}:/home/rds/Desktop/git_ws/ROS_ws/install/opencv_tutorials:/home/rds/Desktop/git_ws/ROS_ws/install/first_package:/opt/ros/humble /usr/bin/cmake --build /home/rds/Desktop/git_ws/ROS_ws/build/first_cpp_pkg -- -j8 -l8
[6.758s] Invoking command in '/home/rds/Desktop/git_ws/ROS_ws/build/first_cpp_pkg': CMAKE_PREFIX_PATH=${CMAKE_PREFIX_PATH}:/home/rds/Desktop/git_ws/ROS_ws/install/opencv_tutorials:/home/rds/Desktop/git_ws/ROS_ws/install/first_package:/opt/ros/humble /usr/bin/cmake --install /home/rds/Desktop/git_ws/ROS_ws/build/first_cpp_pkg
[6.764s] -- Install configuration: ""
[6.764s] -- Up-to-date: /home/rds/Desktop/git_ws/ROS_ws/install/first_cpp_pkg/lib/first_cpp_pkg/talker
[6.764s] -- Up-to-date: /home/rds/Desktop/git_ws/ROS_ws/install/first_cpp_pkg/lib/first_cpp_pkg/listener
[6.764s] -- Installing: /home/rds/Desktop/git_ws/ROS_ws/install/first_cpp_pkg/lib/first_cpp_pkg/turtle_talker
[6.766s] -- Set runtime path of "/home/rds/Desktop/git_ws/ROS_ws/install/first_cpp_pkg/lib/first_cpp_pkg/turtle_talker" to ""
[6.766s] -- Installing: /home/rds/Desktop/git_ws/ROS_ws/install/first_cpp_pkg/lib/first_cpp_pkg/turtle_listener
[6.770s] -- Set runtime path of "/home/rds/Desktop/git_ws/ROS_ws/install/first_cpp_pkg/lib/first_cpp_pkg/turtle_listener" to ""
[6.770s] -- Installing: /home/rds/Desktop/git_ws/ROS_ws/install/first_cpp_pkg/share/ament_index/resource_index/package_run_dependencies/first_cpp_pkg
[6.770s] -- Up-to-date: /home/rds/Desktop/git_ws/ROS_ws/install/first_cpp_pkg/share/ament_index/resource_index/parent_prefix_path/first_cpp_pkg
[6.771s] -- Up-to-date: /home/rds/Desktop/git_ws/ROS_ws/install/first_cpp_pkg/share/first_cpp_pkg/environment/ament_prefix_path.sh
[6.771s] -- Installing: /home/rds/Desktop/git_ws/ROS_ws/install/first_cpp_pkg/share/first_cpp_pkg/environment/ament_prefix_path.dsv
[6.771s] -- Up-to-date: /home/rds/Desktop/git_ws/ROS_ws/install/first_cpp_pkg/share/first_cpp_pkg/environment/path.sh
[6.771s] -- Installing: /home/rds/Desktop/git_ws/ROS_ws/install/first_cpp_pkg/share/first_cpp_pkg/environment/path.dsv
[6.771s] -- Up-to-date: /home/rds/Desktop/git_ws/ROS_ws/install/first_cpp_pkg/share/first_cpp_pkg/local_setup.bash
[6.771s] -- Up-to-date: /home/rds/Desktop/git_ws/ROS_ws/install/first_cpp_pkg/share/first_cpp_pkg/local_setup.sh
[6.771s] -- Up-to-date: /home/rds/Desktop/git_ws/ROS_ws/install/first_cpp_pkg/share/first_cpp_pkg/local_setup.zsh
[6.771s] -- Installing: /home/rds/Desktop/git_ws/ROS_ws/install/first_cpp_pkg/share/first_cpp_pkg/local_setup.dsv
[6.771s] -- Installing: /home/rds/Desktop/git_ws/ROS_ws/install/first_cpp_pkg/share/first_cpp_pkg/package.dsv
[6.771s] -- Up-to-date: /home/rds/Desktop/git_ws/ROS_ws/install/first_cpp_pkg/share/ament_index/resource_index/packages/first_cpp_pkg
[6.771s] -- Up-to-date: /home/rds/Desktop/git_ws/ROS_ws/install/first_cpp_pkg/share/first_cpp_pkg/cmake/first_cpp_pkgConfig.cmake
[6.771s] -- Up-to-date: /home/rds/Desktop/git_ws/ROS_ws/install/first_cpp_pkg/share/first_cpp_pkg/cmake/first_cpp_pkgConfig-version.cmake
[6.771s] -- Installing: /home/rds/Desktop/git_ws/ROS_ws/install/first_cpp_pkg/share/first_cpp_pkg/package.xml
[6.773s] Invoked command in '/home/rds/Desktop/git_ws/ROS_ws/build/first_cpp_pkg' returned '0': CMAKE_PREFIX_PATH=${CMAKE_PREFIX_PATH}:/home/rds/Desktop/git_ws/ROS_ws/install/opencv_tutorials:/home/rds/Desktop/git_ws/ROS_ws/install/first_package:/opt/ros/humble /usr/bin/cmake --install /home/rds/Desktop/git_ws/ROS_ws/build/first_cpp_pkg
