[0.010s] Invoking command in '/home/rds/Desktop/git_ws/ROS_ws/build/first_cpp_pkg': CMAKE_PREFIX_PATH=/home/rds/Desktop/git_ws/ROS_ws/install/first_package_msgs:/home/rds/Desktop/git_ws/urdf_ws/src/install/urdf_ws:/home/rds/Desktop/git_ws/ROS_ws/install/first_package_cpp:/home/rds/Desktop/git_ws/ROS_ws/install/first_cpp_pkg:/home/rds/Desktop/git_ws/ROS_ws/install/opencv_tutorials:/home/rds/Desktop/git_ws/ROS_ws/install/first_package:/opt/ros/humble LD_LIBRARY_PATH=/home/rds/Desktop/git_ws/ROS_ws/install/first_package_msgs/lib:/opt/ros/humble/opt/rviz_ogre_vendor/lib:/opt/ros/humble/lib/x86_64-linux-gnu:/opt/ros/humble/lib:/usr/local/cuda-11.8/lib64:/usr/local/cuda-11.8/lib64/ /usr/bin/cmake --build /home/rds/Desktop/git_ws/ROS_ws/build/first_cpp_pkg -- -j8 -l8
[0.083s] [ 33%] Built target turtle_listener
[0.084s] [ 66%] Built target turtle_talker
[0.099s] [ 83%] [32mBuilding CXX object CMakeFiles/turtle_cmd_and_pose.dir/src/turtle_cmd_and_pose.cpp.o[0m
[8.846s] [100%] [32m[1mLinking CXX executable turtle_cmd_and_pose[0m
[9.304s] [100%] Built target turtle_cmd_and_pose
[9.315s] Invoked command in '/home/rds/Desktop/git_ws/ROS_ws/build/first_cpp_pkg' returned '0': CMAKE_PREFIX_PATH=/home/rds/Desktop/git_ws/ROS_ws/install/first_package_msgs:/home/rds/Desktop/git_ws/urdf_ws/src/install/urdf_ws:/home/rds/Desktop/git_ws/ROS_ws/install/first_package_cpp:/home/rds/Desktop/git_ws/ROS_ws/install/first_cpp_pkg:/home/rds/Desktop/git_ws/ROS_ws/install/opencv_tutorials:/home/rds/Desktop/git_ws/ROS_ws/install/first_package:/opt/ros/humble LD_LIBRARY_PATH=/home/rds/Desktop/git_ws/ROS_ws/install/first_package_msgs/lib:/opt/ros/humble/opt/rviz_ogre_vendor/lib:/opt/ros/humble/lib/x86_64-linux-gnu:/opt/ros/humble/lib:/usr/local/cuda-11.8/lib64:/usr/local/cuda-11.8/lib64/ /usr/bin/cmake --build /home/rds/Desktop/git_ws/ROS_ws/build/first_cpp_pkg -- -j8 -l8
[9.342s] Invoking command in '/home/rds/Desktop/git_ws/ROS_ws/build/first_cpp_pkg': CMAKE_PREFIX_PATH=/home/rds/Desktop/git_ws/ROS_ws/install/first_package_msgs:/home/rds/Desktop/git_ws/urdf_ws/src/install/urdf_ws:/home/rds/Desktop/git_ws/ROS_ws/install/first_package_cpp:/home/rds/Desktop/git_ws/ROS_ws/install/first_cpp_pkg:/home/rds/Desktop/git_ws/ROS_ws/install/opencv_tutorials:/home/rds/Desktop/git_ws/ROS_ws/install/first_package:/opt/ros/humble LD_LIBRARY_PATH=/home/rds/Desktop/git_ws/ROS_ws/install/first_package_msgs/lib:/opt/ros/humble/opt/rviz_ogre_vendor/lib:/opt/ros/humble/lib/x86_64-linux-gnu:/opt/ros/humble/lib:/usr/local/cuda-11.8/lib64:/usr/local/cuda-11.8/lib64/ /usr/bin/cmake --install /home/rds/Desktop/git_ws/ROS_ws/build/first_cpp_pkg
[9.348s] -- Install configuration: ""
[9.349s] -- Up-to-date: /home/rds/Desktop/git_ws/ROS_ws/install/first_cpp_pkg/lib/first_cpp_pkg/turtle_talker
[9.349s] -- Up-to-date: /home/rds/Desktop/git_ws/ROS_ws/install/first_cpp_pkg/lib/first_cpp_pkg/turtle_listener
[9.349s] -- Installing: /home/rds/Desktop/git_ws/ROS_ws/install/first_cpp_pkg/lib/first_cpp_pkg/turtle_cmd_and_pose
[9.354s] -- Set runtime path of "/home/rds/Desktop/git_ws/ROS_ws/install/first_cpp_pkg/lib/first_cpp_pkg/turtle_cmd_and_pose" to ""
[9.355s] -- Up-to-date: /home/rds/Desktop/git_ws/ROS_ws/install/first_cpp_pkg/share/ament_index/resource_index/package_run_dependencies/first_cpp_pkg
[9.355s] -- Up-to-date: /home/rds/Desktop/git_ws/ROS_ws/install/first_cpp_pkg/share/ament_index/resource_index/parent_prefix_path/first_cpp_pkg
[9.355s] -- Up-to-date: /home/rds/Desktop/git_ws/ROS_ws/install/first_cpp_pkg/share/first_cpp_pkg/environment/ament_prefix_path.sh
[9.355s] -- Up-to-date: /home/rds/Desktop/git_ws/ROS_ws/install/first_cpp_pkg/share/first_cpp_pkg/environment/ament_prefix_path.dsv
[9.355s] -- Up-to-date: /home/rds/Desktop/git_ws/ROS_ws/install/first_cpp_pkg/share/first_cpp_pkg/environment/path.sh
[9.355s] -- Up-to-date: /home/rds/Desktop/git_ws/ROS_ws/install/first_cpp_pkg/share/first_cpp_pkg/environment/path.dsv
[9.355s] -- Up-to-date: /home/rds/Desktop/git_ws/ROS_ws/install/first_cpp_pkg/share/first_cpp_pkg/local_setup.bash
[9.355s] -- Up-to-date: /home/rds/Desktop/git_ws/ROS_ws/install/first_cpp_pkg/share/first_cpp_pkg/local_setup.sh
[9.355s] -- Up-to-date: /home/rds/Desktop/git_ws/ROS_ws/install/first_cpp_pkg/share/first_cpp_pkg/local_setup.zsh
[9.355s] -- Up-to-date: /home/rds/Desktop/git_ws/ROS_ws/install/first_cpp_pkg/share/first_cpp_pkg/local_setup.dsv
[9.355s] -- Installing: /home/rds/Desktop/git_ws/ROS_ws/install/first_cpp_pkg/share/first_cpp_pkg/package.dsv
[9.355s] -- Up-to-date: /home/rds/Desktop/git_ws/ROS_ws/install/first_cpp_pkg/share/ament_index/resource_index/packages/first_cpp_pkg
[9.355s] -- Up-to-date: /home/rds/Desktop/git_ws/ROS_ws/install/first_cpp_pkg/share/first_cpp_pkg/cmake/first_cpp_pkgConfig.cmake
[9.355s] -- Up-to-date: /home/rds/Desktop/git_ws/ROS_ws/install/first_cpp_pkg/share/first_cpp_pkg/cmake/first_cpp_pkgConfig-version.cmake
[9.355s] -- Up-to-date: /home/rds/Desktop/git_ws/ROS_ws/install/first_cpp_pkg/share/first_cpp_pkg/package.xml
[9.357s] Invoked command in '/home/rds/Desktop/git_ws/ROS_ws/build/first_cpp_pkg' returned '0': CMAKE_PREFIX_PATH=/home/rds/Desktop/git_ws/ROS_ws/install/first_package_msgs:/home/rds/Desktop/git_ws/urdf_ws/src/install/urdf_ws:/home/rds/Desktop/git_ws/ROS_ws/install/first_package_cpp:/home/rds/Desktop/git_ws/ROS_ws/install/first_cpp_pkg:/home/rds/Desktop/git_ws/ROS_ws/install/opencv_tutorials:/home/rds/Desktop/git_ws/ROS_ws/install/first_package:/opt/ros/humble LD_LIBRARY_PATH=/home/rds/Desktop/git_ws/ROS_ws/install/first_package_msgs/lib:/opt/ros/humble/opt/rviz_ogre_vendor/lib:/opt/ros/humble/lib/x86_64-linux-gnu:/opt/ros/humble/lib:/usr/local/cuda-11.8/lib64:/usr/local/cuda-11.8/lib64/ /usr/bin/cmake --install /home/rds/Desktop/git_ws/ROS_ws/build/first_cpp_pkg
