[0.194s] Invoking command in '/home/rds/Desktop/git_ws/ROS_ws/build/first_package_msgs': CMAKE_PREFIX_PATH=${CMAKE_PREFIX_PATH}:/home/rds/Desktop/git_ws/ROS_ws/install/first_package:/opt/ros/humble /usr/bin/cmake --build /home/rds/Desktop/git_ws/ROS_ws/build/first_package_msgs -- -j8 -l8
[0.238s] [ 10%] Built target first_package_msgs__rosidl_generator_c
[0.238s] [ 12%] Built target first_package_msgs__cpp
[0.248s] [ 12%] Built target ament_cmake_python_copy_first_package_msgs
[0.267s] [ 34%] Built target first_package_msgs__rosidl_typesupport_fastrtps_c
[0.267s] [ 34%] Built target first_package_msgs__rosidl_typesupport_introspection_c
[0.267s] [ 44%] Built target first_package_msgs__rosidl_typesupport_c
[0.269s] [ 55%] Built target first_package_msgs__rosidl_typesupport_fastrtps_cpp
[0.275s] [ 65%] Built target first_package_msgs__rosidl_typesupport_introspection_cpp
[0.276s] [ 76%] Built target first_package_msgs__rosidl_typesupport_cpp
[0.294s] [ 76%] Built target first_package_msgs
[0.313s] [ 78%] Built target first_package_msgs__py
[0.334s] [ 87%] Built target first_package_msgs__rosidl_generator_py
[0.352s] [ 91%] Built target first_package_msgs__rosidl_typesupport_fastrtps_c__pyext
[0.352s] [ 95%] Built target first_package_msgs__rosidl_typesupport_introspection_c__pyext
[0.357s] [100%] Built target first_package_msgs__rosidl_typesupport_c__pyext
[0.468s] running egg_info
[0.469s] writing first_package_msgs.egg-info/PKG-INFO
[0.469s] writing dependency_links to first_package_msgs.egg-info/dependency_links.txt
[0.469s] writing top-level names to first_package_msgs.egg-info/top_level.txt
[0.473s] reading manifest file 'first_package_msgs.egg-info/SOURCES.txt'
[0.473s] writing manifest file 'first_package_msgs.egg-info/SOURCES.txt'
[0.520s] [100%] Built target ament_cmake_python_build_first_package_msgs_egg
