/home/rds/Desktop/git_ws/ROS_ws/install/opencv_tutorials/lib/python3.10/site-packages/opencv_tutorials/sub_compress_img.py
/home/rds/Desktop/git_ws/ROS_ws/install/opencv_tutorials/lib/python3.10/site-packages/opencv_tutorials/sub_image.py
/home/rds/Desktop/git_ws/ROS_ws/install/opencv_tutorials/lib/python3.10/site-packages/opencv_tutorials/pub_compress_img.py
/home/rds/Desktop/git_ws/ROS_ws/install/opencv_tutorials/lib/python3.10/site-packages/opencv_tutorials/__init__.py
/home/rds/Desktop/git_ws/ROS_ws/install/opencv_tutorials/lib/python3.10/site-packages/opencv_tutorials/pub_image.py
/home/rds/Desktop/git_ws/ROS_ws/install/opencv_tutorials/lib/python3.10/site-packages/opencv_tutorials/__pycache__/sub_compress_img.cpython-310.pyc
/home/rds/Desktop/git_ws/ROS_ws/install/opencv_tutorials/lib/python3.10/site-packages/opencv_tutorials/__pycache__/sub_image.cpython-310.pyc
/home/rds/Desktop/git_ws/ROS_ws/install/opencv_tutorials/lib/python3.10/site-packages/opencv_tutorials/__pycache__/pub_compress_img.cpython-310.pyc
/home/rds/Desktop/git_ws/ROS_ws/install/opencv_tutorials/lib/python3.10/site-packages/opencv_tutorials/__pycache__/__init__.cpython-310.pyc
/home/rds/Desktop/git_ws/ROS_ws/install/opencv_tutorials/lib/python3.10/site-packages/opencv_tutorials/__pycache__/pub_image.cpython-310.pyc
/home/rds/Desktop/git_ws/ROS_ws/install/opencv_tutorials/share/ament_index/resource_index/packages/opencv_tutorials
/home/rds/Desktop/git_ws/ROS_ws/install/opencv_tutorials/share/opencv_tutorials/package.xml
/home/rds/Desktop/git_ws/ROS_ws/install/opencv_tutorials/share/opencv_tutorials/launch/camera.launch.py
/home/rds/Desktop/git_ws/ROS_ws/install/opencv_tutorials/share/opencv_tutorials/param/size.yaml
/home/rds/Desktop/git_ws/ROS_ws/install/opencv_tutorials/lib/python3.10/site-packages/opencv_tutorials-0.0.0-py3.10.egg-info/zip-safe
/home/rds/Desktop/git_ws/ROS_ws/install/opencv_tutorials/lib/python3.10/site-packages/opencv_tutorials-0.0.0-py3.10.egg-info/top_level.txt
/home/rds/Desktop/git_ws/ROS_ws/install/opencv_tutorials/lib/python3.10/site-packages/opencv_tutorials-0.0.0-py3.10.egg-info/entry_points.txt
/home/rds/Desktop/git_ws/ROS_ws/install/opencv_tutorials/lib/python3.10/site-packages/opencv_tutorials-0.0.0-py3.10.egg-info/SOURCES.txt
/home/rds/Desktop/git_ws/ROS_ws/install/opencv_tutorials/lib/python3.10/site-packages/opencv_tutorials-0.0.0-py3.10.egg-info/dependency_links.txt
/home/rds/Desktop/git_ws/ROS_ws/install/opencv_tutorials/lib/python3.10/site-packages/opencv_tutorials-0.0.0-py3.10.egg-info/requires.txt
/home/rds/Desktop/git_ws/ROS_ws/install/opencv_tutorials/lib/python3.10/site-packages/opencv_tutorials-0.0.0-py3.10.egg-info/PKG-INFO
/home/rds/Desktop/git_ws/ROS_ws/install/opencv_tutorials/lib/opencv_tutorials/pub_comp_image
/home/rds/Desktop/git_ws/ROS_ws/install/opencv_tutorials/lib/opencv_tutorials/pub_image
/home/rds/Desktop/git_ws/ROS_ws/install/opencv_tutorials/lib/opencv_tutorials/sub_comp_image
/home/rds/Desktop/git_ws/ROS_ws/install/opencv_tutorials/lib/opencv_tutorials/sub_image
