[0.745s] Invoking command in '/home/rds/Desktop/git_ws/ROS_ws/src/opencv_tutorials': PYTHONPATH=/home/rds/Desktop/git_ws/ROS_ws/build/opencv_tutorials/prefix_override:/home/rds/Desktop/git_ws/ROS_ws/install/opencv_tutorials/lib/python3.10/site-packages:${PYTHONPATH} /usr/bin/python3 -W ignore:setup.py install is deprecated setup.py egg_info --egg-base ../../build/opencv_tutorials build --build-base /home/rds/Desktop/git_ws/ROS_ws/build/opencv_tutorials/build install --record /home/rds/Desktop/git_ws/ROS_ws/build/opencv_tutorials/install.log --single-version-externally-managed install_data
[0.915s] running egg_info
[0.915s] writing ../../build/opencv_tutorials/opencv_tutorials.egg-info/PKG-INFO
[0.916s] writing dependency_links to ../../build/opencv_tutorials/opencv_tutorials.egg-info/dependency_links.txt
[0.916s] writing entry points to ../../build/opencv_tutorials/opencv_tutorials.egg-info/entry_points.txt
[0.916s] writing requirements to ../../build/opencv_tutorials/opencv_tutorials.egg-info/requires.txt
[0.917s] writing top-level names to ../../build/opencv_tutorials/opencv_tutorials.egg-info/top_level.txt
[0.917s] reading manifest file '../../build/opencv_tutorials/opencv_tutorials.egg-info/SOURCES.txt'
[0.918s] writing manifest file '../../build/opencv_tutorials/opencv_tutorials.egg-info/SOURCES.txt'
[0.918s] running build
[0.918s] running build_py
[0.919s] running install
[0.919s] running install_lib
[0.920s] running install_data
[0.920s] running install_egg_info
[0.921s] removing '/home/rds/Desktop/git_ws/ROS_ws/install/opencv_tutorials/lib/python3.10/site-packages/opencv_tutorials-0.0.0-py3.10.egg-info' (and everything under it)
[0.921s] Copying ../../build/opencv_tutorials/opencv_tutorials.egg-info to /home/rds/Desktop/git_ws/ROS_ws/install/opencv_tutorials/lib/python3.10/site-packages/opencv_tutorials-0.0.0-py3.10.egg-info
[0.922s] running install_scripts
[0.936s] Installing pub_comp_image script to /home/rds/Desktop/git_ws/ROS_ws/install/opencv_tutorials/lib/opencv_tutorials
[0.936s] Installing pub_image script to /home/rds/Desktop/git_ws/ROS_ws/install/opencv_tutorials/lib/opencv_tutorials
[0.936s] Installing sub_comp_image script to /home/rds/Desktop/git_ws/ROS_ws/install/opencv_tutorials/lib/opencv_tutorials
[0.937s] Installing sub_image script to /home/rds/Desktop/git_ws/ROS_ws/install/opencv_tutorials/lib/opencv_tutorials
[0.937s] writing list of installed files to '/home/rds/Desktop/git_ws/ROS_ws/build/opencv_tutorials/install.log'
[0.954s] Invoked command in '/home/rds/Desktop/git_ws/ROS_ws/src/opencv_tutorials' returned '0': PYTHONPATH=/home/rds/Desktop/git_ws/ROS_ws/build/opencv_tutorials/prefix_override:/home/rds/Desktop/git_ws/ROS_ws/install/opencv_tutorials/lib/python3.10/site-packages:${PYTHONPATH} /usr/bin/python3 -W ignore:setup.py install is deprecated setup.py egg_info --egg-base ../../build/opencv_tutorials build --build-base /home/rds/Desktop/git_ws/ROS_ws/build/opencv_tutorials/build install --record /home/rds/Desktop/git_ws/ROS_ws/build/opencv_tutorials/install.log --single-version-externally-managed install_data
