running egg_info
writing ../../build/opencv_tutorials/opencv_tutorials.egg-info/PKG-INFO
writing dependency_links to ../../build/opencv_tutorials/opencv_tutorials.egg-info/dependency_links.txt
writing entry points to ../../build/opencv_tutorials/opencv_tutorials.egg-info/entry_points.txt
writing requirements to ../../build/opencv_tutorials/opencv_tutorials.egg-info/requires.txt
writing top-level names to ../../build/opencv_tutorials/opencv_tutorials.egg-info/top_level.txt
reading manifest file '../../build/opencv_tutorials/opencv_tutorials.egg-info/SOURCES.txt'
writing manifest file '../../build/opencv_tutorials/opencv_tutorials.egg-info/SOURCES.txt'
running build
running build_py
copying opencv_tutorials/sub_compress_img.py -> /home/rds/Desktop/git_ws/ROS_ws/build/opencv_tutorials/build/lib/opencv_tutorials
copying opencv_tutorials/sub_image.py -> /home/rds/Desktop/git_ws/ROS_ws/build/opencv_tutorials/build/lib/opencv_tutorials
copying opencv_tutorials/pub_compress_img.py -> /home/rds/Desktop/git_ws/ROS_ws/build/opencv_tutorials/build/lib/opencv_tutorials
copying opencv_tutorials/__init__.py -> /home/rds/Desktop/git_ws/ROS_ws/build/opencv_tutorials/build/lib/opencv_tutorials
copying opencv_tutorials/pub_image.py -> /home/rds/Desktop/git_ws/ROS_ws/build/opencv_tutorials/build/lib/opencv_tutorials
running install
running install_lib
copying /home/rds/Desktop/git_ws/ROS_ws/build/opencv_tutorials/build/lib/opencv_tutorials/sub_compress_img.py -> /home/rds/Desktop/git_ws/ROS_ws/install/opencv_tutorials/lib/python3.10/site-packages/opencv_tutorials
copying /home/rds/Desktop/git_ws/ROS_ws/build/opencv_tutorials/build/lib/opencv_tutorials/sub_image.py -> /home/rds/Desktop/git_ws/ROS_ws/install/opencv_tutorials/lib/python3.10/site-packages/opencv_tutorials
copying /home/rds/Desktop/git_ws/ROS_ws/build/opencv_tutorials/build/lib/opencv_tutorials/pub_compress_img.py -> /home/rds/Desktop/git_ws/ROS_ws/install/opencv_tutorials/lib/python3.10/site-packages/opencv_tutorials
copying /home/rds/Desktop/git_ws/ROS_ws/build/opencv_tutorials/build/lib/opencv_tutorials/__init__.py -> /home/rds/Desktop/git_ws/ROS_ws/install/opencv_tutorials/lib/python3.10/site-packages/opencv_tutorials
copying /home/rds/Desktop/git_ws/ROS_ws/build/opencv_tutorials/build/lib/opencv_tutorials/pub_image.py -> /home/rds/Desktop/git_ws/ROS_ws/install/opencv_tutorials/lib/python3.10/site-packages/opencv_tutorials
byte-compiling /home/rds/Desktop/git_ws/ROS_ws/install/opencv_tutorials/lib/python3.10/site-packages/opencv_tutorials/sub_compress_img.py to sub_compress_img.cpython-310.pyc
byte-compiling /home/rds/Desktop/git_ws/ROS_ws/install/opencv_tutorials/lib/python3.10/site-packages/opencv_tutorials/sub_image.py to sub_image.cpython-310.pyc
byte-compiling /home/rds/Desktop/git_ws/ROS_ws/install/opencv_tutorials/lib/python3.10/site-packages/opencv_tutorials/pub_compress_img.py to pub_compress_img.cpython-310.pyc
byte-compiling /home/rds/Desktop/git_ws/ROS_ws/install/opencv_tutorials/lib/python3.10/site-packages/opencv_tutorials/__init__.py to __init__.cpython-310.pyc
byte-compiling /home/rds/Desktop/git_ws/ROS_ws/install/opencv_tutorials/lib/python3.10/site-packages/opencv_tutorials/pub_image.py to pub_image.cpython-310.pyc
running install_data
copying resource/opencv_tutorials -> /home/rds/Desktop/git_ws/ROS_ws/install/opencv_tutorials/share/ament_index/resource_index/packages
copying package.xml -> /home/rds/Desktop/git_ws/ROS_ws/install/opencv_tutorials/share/opencv_tutorials
creating /home/rds/Desktop/git_ws/ROS_ws/install/opencv_tutorials/share/opencv_tutorials/launch
copying launch/camera.launch.py -> /home/rds/Desktop/git_ws/ROS_ws/install/opencv_tutorials/share/opencv_tutorials/launch
creating /home/rds/Desktop/git_ws/ROS_ws/install/opencv_tutorials/share/opencv_tutorials/param
running install_egg_info
removing '/home/rds/Desktop/git_ws/ROS_ws/install/opencv_tutorials/lib/python3.10/site-packages/opencv_tutorials-0.0.0-py3.10.egg-info' (and everything under it)
Copying ../../build/opencv_tutorials/opencv_tutorials.egg-info to /home/rds/Desktop/git_ws/ROS_ws/install/opencv_tutorials/lib/python3.10/site-packages/opencv_tutorials-0.0.0-py3.10.egg-info
running install_scripts
Installing pub_comp_image script to /home/rds/Desktop/git_ws/ROS_ws/install/opencv_tutorials/lib/opencv_tutorials
Installing pub_image script to /home/rds/Desktop/git_ws/ROS_ws/install/opencv_tutorials/lib/opencv_tutorials
Installing sub_comp_image script to /home/rds/Desktop/git_ws/ROS_ws/install/opencv_tutorials/lib/opencv_tutorials
Installing sub_image script to /home/rds/Desktop/git_ws/ROS_ws/install/opencv_tutorials/lib/opencv_tutorials
writing list of installed files to '/home/rds/Desktop/git_ws/ROS_ws/build/opencv_tutorials/install.log'
