[0.186s] Invoking command in '/home/rds/Desktop/git_ws/ROS_ws/build/first_package_msgs': CMAKE_PREFIX_PATH=${CMAKE_PREFIX_PATH}:/home/rds/Desktop/git_ws/ROS_ws/install/first_package:/opt/ros/humble /usr/bin/cmake --build /home/rds/Desktop/git_ws/ROS_ws/build/first_package_msgs -- -j8 -l8
[0.226s] [  2%] Built target first_package_msgs__cpp
[0.226s] [ 12%] Built target first_package_msgs__rosidl_generator_c
[0.236s] [ 12%] Built target ament_cmake_python_copy_first_package_msgs
[0.250s] [ 25%] Built target first_package_msgs__rosidl_typesupport_cpp
[0.251s] [ 36%] Built target first_package_msgs__rosidl_typesupport_fastrtps_c
[0.252s] [ 44%] Built target first_package_msgs__rosidl_typesupport_c
[0.253s] [ 55%] Built target first_package_msgs__rosidl_typesupport_introspection_cpp
[0.254s] [ 65%] Built target first_package_msgs__rosidl_typesupport_fastrtps_cpp
[0.255s] [ 76%] Built target first_package_msgs__rosidl_typesupport_introspection_c
[0.270s] [ 76%] Built target first_package_msgs
[0.284s] [ 78%] Built target first_package_msgs__py
[0.301s] [ 87%] Built target first_package_msgs__rosidl_generator_py
[0.318s] [ 91%] Built target first_package_msgs__rosidl_typesupport_introspection_c__pyext
[0.319s] [100%] Built target first_package_msgs__rosidl_typesupport_fastrtps_c__pyext
[0.319s] [100%] Built target first_package_msgs__rosidl_typesupport_c__pyext
[0.449s] running egg_info
[0.450s] writing first_package_msgs.egg-info/PKG-INFO
[0.450s] writing dependency_links to first_package_msgs.egg-info/dependency_links.txt
[0.450s] writing top-level names to first_package_msgs.egg-info/top_level.txt
[0.452s] reading manifest file 'first_package_msgs.egg-info/SOURCES.txt'
[0.452s] writing manifest file 'first_package_msgs.egg-info/SOURCES.txt'
[0.478s] [100%] Built target ament_cmake_python_build_first_package_msgs_egg
