[0.017s] Invoking command in '/home/rds/Desktop/git_ws/ROS_ws/build/first_cpp_pkg': CMAKE_PREFIX_PATH=${CMAKE_PREFIX_PATH}:/home/rds/Desktop/git_ws/ROS_ws/install/opencv_tutorials:/home/rds/Desktop/git_ws/ROS_ws/install/first_package:/opt/ros/humble /usr/bin/cmake --build /home/rds/Desktop/git_ws/ROS_ws/build/first_cpp_pkg -- -j8 -l8
[0.215s] [ 50%] Built target listener
[0.216s] [ 50%] [32mBuilding CXX object CMakeFiles/turtle_talker.dir/src/publisher.cpp.o[0m
[0.216s] [ 83%] Built target talker
[3.357s] [100%] [32m[1mLinking CXX executable turtle_talker[0m
[3.495s] [100%] Built target turtle_talker
[3.505s] Invoked command in '/home/rds/Desktop/git_ws/ROS_ws/build/first_cpp_pkg' returned '0': CMAKE_PREFIX_PATH=${CMAKE_PREFIX_PATH}:/home/rds/Desktop/git_ws/ROS_ws/install/opencv_tutorials:/home/rds/Desktop/git_ws/ROS_ws/install/first_package:/opt/ros/humble /usr/bin/cmake --build /home/rds/Desktop/git_ws/ROS_ws/build/first_cpp_pkg -- -j8 -l8
[3.527s] Invoking command in '/home/rds/Desktop/git_ws/ROS_ws/build/first_cpp_pkg': CMAKE_PREFIX_PATH=${CMAKE_PREFIX_PATH}:/home/rds/Desktop/git_ws/ROS_ws/install/opencv_tutorials:/home/rds/Desktop/git_ws/ROS_ws/install/first_package:/opt/ros/humble /usr/bin/cmake --install /home/rds/Desktop/git_ws/ROS_ws/build/first_cpp_pkg
[3.533s] -- Install configuration: ""
[3.533s] -- Up-to-date: /home/rds/Desktop/git_ws/ROS_ws/install/first_cpp_pkg/lib/first_cpp_pkg/talker
[3.533s] -- Up-to-date: /home/rds/Desktop/git_ws/ROS_ws/install/first_cpp_pkg/lib/first_cpp_pkg/listener
[3.533s] -- Installing: /home/rds/Desktop/git_ws/ROS_ws/install/first_cpp_pkg/lib/first_cpp_pkg/turtle_talker
[3.535s] -- Set runtime path of "/home/rds/Desktop/git_ws/ROS_ws/install/first_cpp_pkg/lib/first_cpp_pkg/turtle_talker" to ""
[3.535s] -- Up-to-date: /home/rds/Desktop/git_ws/ROS_ws/install/first_cpp_pkg/share/ament_index/resource_index/package_run_dependencies/first_cpp_pkg
[3.535s] -- Up-to-date: /home/rds/Desktop/git_ws/ROS_ws/install/first_cpp_pkg/share/ament_index/resource_index/parent_prefix_path/first_cpp_pkg
[3.535s] -- Up-to-date: /home/rds/Desktop/git_ws/ROS_ws/install/first_cpp_pkg/share/first_cpp_pkg/environment/ament_prefix_path.sh
[3.535s] -- Up-to-date: /home/rds/Desktop/git_ws/ROS_ws/install/first_cpp_pkg/share/first_cpp_pkg/environment/ament_prefix_path.dsv
[3.535s] -- Up-to-date: /home/rds/Desktop/git_ws/ROS_ws/install/first_cpp_pkg/share/first_cpp_pkg/environment/path.sh
[3.535s] -- Up-to-date: /home/rds/Desktop/git_ws/ROS_ws/install/first_cpp_pkg/share/first_cpp_pkg/environment/path.dsv
[3.535s] -- Up-to-date: /home/rds/Desktop/git_ws/ROS_ws/install/first_cpp_pkg/share/first_cpp_pkg/local_setup.bash
[3.535s] -- Up-to-date: /home/rds/Desktop/git_ws/ROS_ws/install/first_cpp_pkg/share/first_cpp_pkg/local_setup.sh
[3.535s] -- Up-to-date: /home/rds/Desktop/git_ws/ROS_ws/install/first_cpp_pkg/share/first_cpp_pkg/local_setup.zsh
[3.535s] -- Up-to-date: /home/rds/Desktop/git_ws/ROS_ws/install/first_cpp_pkg/share/first_cpp_pkg/local_setup.dsv
[3.535s] -- Up-to-date: /home/rds/Desktop/git_ws/ROS_ws/install/first_cpp_pkg/share/first_cpp_pkg/package.dsv
[3.535s] -- Up-to-date: /home/rds/Desktop/git_ws/ROS_ws/install/first_cpp_pkg/share/ament_index/resource_index/packages/first_cpp_pkg
[3.535s] -- Up-to-date: /home/rds/Desktop/git_ws/ROS_ws/install/first_cpp_pkg/share/first_cpp_pkg/cmake/first_cpp_pkgConfig.cmake
[3.536s] -- Up-to-date: /home/rds/Desktop/git_ws/ROS_ws/install/first_cpp_pkg/share/first_cpp_pkg/cmake/first_cpp_pkgConfig-version.cmake
[3.536s] -- Up-to-date: /home/rds/Desktop/git_ws/ROS_ws/install/first_cpp_pkg/share/first_cpp_pkg/package.xml
[3.538s] Invoked command in '/home/rds/Desktop/git_ws/ROS_ws/build/first_cpp_pkg' returned '0': CMAKE_PREFIX_PATH=${CMAKE_PREFIX_PATH}:/home/rds/Desktop/git_ws/ROS_ws/install/opencv_tutorials:/home/rds/Desktop/git_ws/ROS_ws/install/first_package:/opt/ros/humble /usr/bin/cmake --install /home/rds/Desktop/git_ws/ROS_ws/build/first_cpp_pkg
