[0.175s] Invoking command in '/home/rds/Desktop/git_ws/ROS_ws/build/first_package_msgs': CMAKE_PREFIX_PATH=${CMAKE_PREFIX_PATH}:/home/rds/Desktop/git_ws/ROS_ws/install/first_package:/opt/ros/humble /usr/bin/cmake --build /home/rds/Desktop/git_ws/ROS_ws/build/first_package_msgs -- -j8 -l8
[0.209s] [ 12%] Built target first_package_msgs__rosidl_generator_c
[0.209s] [ 12%] Built target first_package_msgs__cpp
[0.216s] [ 12%] Built target ament_cmake_python_copy_first_package_msgs
[0.228s] [ 32%] Built target first_package_msgs__rosidl_typesupport_fastrtps_c
[0.228s] [ 32%] Built target first_package_msgs__rosidl_typesupport_c
[0.229s] [ 41%] Built target first_package_msgs__rosidl_typesupport_introspection_c
[0.237s] [ 51%] Built target first_package_msgs__rosidl_typesupport_cpp
[0.238s] [ 61%] Built target first_package_msgs__rosidl_typesupport_introspection_cpp
[0.239s] [ 70%] Built target first_package_msgs__rosidl_typesupport_fastrtps_cpp
[0.255s] [ 70%] Built target first_package_msgs
[0.271s] [ 74%] Built target first_package_msgs__py
[0.287s] [ 80%] Built target first_package_msgs__rosidl_generator_py
[0.302s] [ 87%] Built target first_package_msgs__rosidl_typesupport_fastrtps_c__pyext
[0.307s] [ 93%] Built target first_package_msgs__rosidl_typesupport_introspection_c__pyext
[0.308s] [100%] Built target first_package_msgs__rosidl_typesupport_c__pyext
[0.392s] running egg_info
[0.392s] writing first_package_msgs.egg-info/PKG-INFO
[0.392s] writing dependency_links to first_package_msgs.egg-info/dependency_links.txt
[0.392s] writing top-level names to first_package_msgs.egg-info/top_level.txt
[0.395s] reading manifest file 'first_package_msgs.egg-info/SOURCES.txt'
[0.395s] writing manifest file 'first_package_msgs.egg-info/SOURCES.txt'
[0.414s] [100%] Built target ament_cmake_python_build_first_package_msgs_egg
[0.423s] Invoked command in '/home/rds/Desktop/git_ws/ROS_ws/build/first_package_msgs' returned '0': CMAKE_PREFIX_PATH=${CMAKE_PREFIX_PATH}:/home/rds/Desktop/git_ws/ROS_ws/install/first_package:/opt/ros/humble /usr/bin/cmake --build /home/rds/Desktop/git_ws/ROS_ws/build/first_package_msgs -- -j8 -l8
[0.470s] Invoking command in '/home/rds/Desktop/git_ws/ROS_ws/build/first_package_msgs': CMAKE_PREFIX_PATH=${CMAKE_PREFIX_PATH}:/home/rds/Desktop/git_ws/ROS_ws/install/first_package:/opt/ros/humble /usr/bin/cmake --install /home/rds/Desktop/git_ws/ROS_ws/build/first_package_msgs
[0.476s] -- Install configuration: ""
[0.476s] -- Up-to-date: /home/rds/Desktop/git_ws/ROS_ws/install/first_package_msgs/share/ament_index/resource_index/rosidl_interfaces/first_package_msgs
[0.476s] -- Up-to-date: /home/rds/Desktop/git_ws/ROS_ws/install/first_package_msgs/include/first_package_msgs/first_package_msgs
[0.476s] -- Up-to-date: /home/rds/Desktop/git_ws/ROS_ws/install/first_package_msgs/include/first_package_msgs/first_package_msgs/msg
[0.476s] -- Up-to-date: /home/rds/Desktop/git_ws/ROS_ws/install/first_package_msgs/include/first_package_msgs/first_package_msgs/msg/detail
[0.476s] -- Up-to-date: /home/rds/Desktop/git_ws/ROS_ws/install/first_package_msgs/include/first_package_msgs/first_package_msgs/msg/detail/cmd_and_pose_vel__struct.h
[0.476s] -- Up-to-date: /home/rds/Desktop/git_ws/ROS_ws/install/first_package_msgs/include/first_package_msgs/first_package_msgs/msg/detail/cmd_and_pose_vel__functions.h
[0.476s] -- Up-to-date: /home/rds/Desktop/git_ws/ROS_ws/install/first_package_msgs/include/first_package_msgs/first_package_msgs/msg/detail/cmd_and_pose_vel__type_support.h
[0.476s] -- Up-to-date: /home/rds/Desktop/git_ws/ROS_ws/install/first_package_msgs/include/first_package_msgs/first_package_msgs/msg/detail/cmd_and_pose_vel__functions.c
[0.476s] -- Up-to-date: /home/rds/Desktop/git_ws/ROS_ws/install/first_package_msgs/include/first_package_msgs/first_package_msgs/msg/rosidl_generator_c__visibility_control.h
[0.476s] -- Up-to-date: /home/rds/Desktop/git_ws/ROS_ws/install/first_package_msgs/include/first_package_msgs/first_package_msgs/msg/cmd_and_pose_vel.h
[0.476s] -- Up-to-date: /home/rds/Desktop/git_ws/ROS_ws/install/first_package_msgs/share/first_package_msgs/environment/library_path.sh
[0.476s] -- Up-to-date: /home/rds/Desktop/git_ws/ROS_ws/install/first_package_msgs/share/first_package_msgs/environment/library_path.dsv
[0.477s] -- Up-to-date: /home/rds/Desktop/git_ws/ROS_ws/install/first_package_msgs/lib/libfirst_package_msgs__rosidl_generator_c.so
[0.477s] -- Up-to-date: /home/rds/Desktop/git_ws/ROS_ws/install/first_package_msgs/include/first_package_msgs/first_package_msgs
[0.477s] -- Up-to-date: /home/rds/Desktop/git_ws/ROS_ws/install/first_package_msgs/include/first_package_msgs/first_package_msgs/msg
[0.477s] -- Up-to-date: /home/rds/Desktop/git_ws/ROS_ws/install/first_package_msgs/include/first_package_msgs/first_package_msgs/msg/detail
[0.477s] -- Up-to-date: /home/rds/Desktop/git_ws/ROS_ws/install/first_package_msgs/include/first_package_msgs/first_package_msgs/msg/detail/cmd_and_pose_vel__rosidl_typesupport_fastrtps_c.h
[0.477s] -- Up-to-date: /home/rds/Desktop/git_ws/ROS_ws/install/first_package_msgs/include/first_package_msgs/first_package_msgs/msg/rosidl_typesupport_fastrtps_c__visibility_control.h
[0.477s] -- Up-to-date: /home/rds/Desktop/git_ws/ROS_ws/install/first_package_msgs/lib/libfirst_package_msgs__rosidl_typesupport_fastrtps_c.so
[0.477s] -- Up-to-date: /home/rds/Desktop/git_ws/ROS_ws/install/first_package_msgs/include/first_package_msgs/first_package_msgs
[0.477s] -- Up-to-date: /home/rds/Desktop/git_ws/ROS_ws/install/first_package_msgs/include/first_package_msgs/first_package_msgs/msg
[0.477s] -- Up-to-date: /home/rds/Desktop/git_ws/ROS_ws/install/first_package_msgs/include/first_package_msgs/first_package_msgs/msg/detail
[0.477s] -- Up-to-date: /home/rds/Desktop/git_ws/ROS_ws/install/first_package_msgs/include/first_package_msgs/first_package_msgs/msg/detail/cmd_and_pose_vel__rosidl_typesupport_introspection_c.h
[0.477s] -- Up-to-date: /home/rds/Desktop/git_ws/ROS_ws/install/first_package_msgs/include/first_package_msgs/first_package_msgs/msg/detail/cmd_and_pose_vel__type_support.c
[0.477s] -- Up-to-date: /home/rds/Desktop/git_ws/ROS_ws/install/first_package_msgs/include/first_package_msgs/first_package_msgs/msg/rosidl_typesupport_introspection_c__visibility_control.h
[0.477s] -- Up-to-date: /home/rds/Desktop/git_ws/ROS_ws/install/first_package_msgs/lib/libfirst_package_msgs__rosidl_typesupport_introspection_c.so
[0.477s] -- Up-to-date: /home/rds/Desktop/git_ws/ROS_ws/install/first_package_msgs/lib/libfirst_package_msgs__rosidl_typesupport_c.so
[0.477s] -- Up-to-date: /home/rds/Desktop/git_ws/ROS_ws/install/first_package_msgs/include/first_package_msgs/first_package_msgs
[0.477s] -- Up-to-date: /home/rds/Desktop/git_ws/ROS_ws/install/first_package_msgs/include/first_package_msgs/first_package_msgs/msg
[0.477s] -- Up-to-date: /home/rds/Desktop/git_ws/ROS_ws/install/first_package_msgs/include/first_package_msgs/first_package_msgs/msg/detail
[0.477s] -- Up-to-date: /home/rds/Desktop/git_ws/ROS_ws/install/first_package_msgs/include/first_package_msgs/first_package_msgs/msg/detail/cmd_and_pose_vel__struct.hpp
[0.477s] -- Up-to-date: /home/rds/Desktop/git_ws/ROS_ws/install/first_package_msgs/include/first_package_msgs/first_package_msgs/msg/detail/cmd_and_pose_vel__traits.hpp
[0.477s] -- Up-to-date: /home/rds/Desktop/git_ws/ROS_ws/install/first_package_msgs/include/first_package_msgs/first_package_msgs/msg/detail/cmd_and_pose_vel__builder.hpp
[0.477s] -- Up-to-date: /home/rds/Desktop/git_ws/ROS_ws/install/first_package_msgs/include/first_package_msgs/first_package_msgs/msg/cmd_and_pose_vel.hpp
[0.478s] -- Up-to-date: /home/rds/Desktop/git_ws/ROS_ws/install/first_package_msgs/include/first_package_msgs/first_package_msgs
[0.478s] -- Up-to-date: /home/rds/Desktop/git_ws/ROS_ws/install/first_package_msgs/include/first_package_msgs/first_package_msgs/msg
[0.478s] -- Up-to-date: /home/rds/Desktop/git_ws/ROS_ws/install/first_package_msgs/include/first_package_msgs/first_package_msgs/msg/detail
[0.478s] -- Up-to-date: /home/rds/Desktop/git_ws/ROS_ws/install/first_package_msgs/include/first_package_msgs/first_package_msgs/msg/detail/dds_fastrtps
[0.478s] -- Up-to-date: /home/rds/Desktop/git_ws/ROS_ws/install/first_package_msgs/include/first_package_msgs/first_package_msgs/msg/detail/cmd_and_pose_vel__rosidl_typesupport_fastrtps_cpp.hpp
[0.478s] -- Up-to-date: /home/rds/Desktop/git_ws/ROS_ws/install/first_package_msgs/include/first_package_msgs/first_package_msgs/msg/rosidl_typesupport_fastrtps_cpp__visibility_control.h
[0.478s] -- Up-to-date: /home/rds/Desktop/git_ws/ROS_ws/install/first_package_msgs/lib/libfirst_package_msgs__rosidl_typesupport_fastrtps_cpp.so
[0.478s] -- Up-to-date: /home/rds/Desktop/git_ws/ROS_ws/install/first_package_msgs/include/first_package_msgs/first_package_msgs
[0.478s] -- Up-to-date: /home/rds/Desktop/git_ws/ROS_ws/install/first_package_msgs/include/first_package_msgs/first_package_msgs/msg
[0.478s] -- Up-to-date: /home/rds/Desktop/git_ws/ROS_ws/install/first_package_msgs/include/first_package_msgs/first_package_msgs/msg/detail
[0.478s] -- Up-to-date: /home/rds/Desktop/git_ws/ROS_ws/install/first_package_msgs/include/first_package_msgs/first_package_msgs/msg/detail/cmd_and_pose_vel__rosidl_typesupport_introspection_cpp.hpp
[0.478s] -- Up-to-date: /home/rds/Desktop/git_ws/ROS_ws/install/first_package_msgs/include/first_package_msgs/first_package_msgs/msg/detail/cmd_and_pose_vel__type_support.cpp
[0.478s] -- Up-to-date: /home/rds/Desktop/git_ws/ROS_ws/install/first_package_msgs/lib/libfirst_package_msgs__rosidl_typesupport_introspection_cpp.so
[0.478s] -- Up-to-date: /home/rds/Desktop/git_ws/ROS_ws/install/first_package_msgs/lib/libfirst_package_msgs__rosidl_typesupport_cpp.so
[0.478s] -- Up-to-date: /home/rds/Desktop/git_ws/ROS_ws/install/first_package_msgs/share/first_package_msgs/environment/pythonpath.sh
[0.478s] -- Up-to-date: /home/rds/Desktop/git_ws/ROS_ws/install/first_package_msgs/share/first_package_msgs/environment/pythonpath.dsv
[0.478s] -- Up-to-date: /home/rds/Desktop/git_ws/ROS_ws/install/first_package_msgs/local/lib/python3.10/dist-packages/first_package_msgs-0.0.0-py3.10.egg-info
[0.478s] -- Installing: /home/rds/Desktop/git_ws/ROS_ws/install/first_package_msgs/local/lib/python3.10/dist-packages/first_package_msgs-0.0.0-py3.10.egg-info/top_level.txt
[0.478s] -- Installing: /home/rds/Desktop/git_ws/ROS_ws/install/first_package_msgs/local/lib/python3.10/dist-packages/first_package_msgs-0.0.0-py3.10.egg-info/SOURCES.txt
[0.478s] -- Installing: /home/rds/Desktop/git_ws/ROS_ws/install/first_package_msgs/local/lib/python3.10/dist-packages/first_package_msgs-0.0.0-py3.10.egg-info/dependency_links.txt
[0.478s] -- Installing: /home/rds/Desktop/git_ws/ROS_ws/install/first_package_msgs/local/lib/python3.10/dist-packages/first_package_msgs-0.0.0-py3.10.egg-info/PKG-INFO
[0.478s] -- Up-to-date: /home/rds/Desktop/git_ws/ROS_ws/install/first_package_msgs/local/lib/python3.10/dist-packages/first_package_msgs
[0.478s] -- Up-to-date: /home/rds/Desktop/git_ws/ROS_ws/install/first_package_msgs/local/lib/python3.10/dist-packages/first_package_msgs/msg
[0.478s] -- Up-to-date: /home/rds/Desktop/git_ws/ROS_ws/install/first_package_msgs/local/lib/python3.10/dist-packages/first_package_msgs/msg/__init__.py
[0.478s] -- Up-to-date: /home/rds/Desktop/git_ws/ROS_ws/install/first_package_msgs/local/lib/python3.10/dist-packages/first_package_msgs/msg/_cmd_and_pose_vel_s.c
[0.478s] -- Up-to-date: /home/rds/Desktop/git_ws/ROS_ws/install/first_package_msgs/local/lib/python3.10/dist-packages/first_package_msgs/msg/_cmd_and_pose_vel.py
[0.478s] -- Up-to-date: /home/rds/Desktop/git_ws/ROS_ws/install/first_package_msgs/local/lib/python3.10/dist-packages/first_package_msgs/first_package_msgs_s__rosidl_typesupport_introspection_c.cpython-310-x86_64-linux-gnu.so
[0.479s] -- Up-to-date: /home/rds/Desktop/git_ws/ROS_ws/install/first_package_msgs/local/lib/python3.10/dist-packages/first_package_msgs/_first_package_msgs_s.ep.rosidl_typesupport_c.c
[0.479s] -- Up-to-date: /home/rds/Desktop/git_ws/ROS_ws/install/first_package_msgs/local/lib/python3.10/dist-packages/first_package_msgs/__init__.py
[0.479s] -- Up-to-date: /home/rds/Desktop/git_ws/ROS_ws/install/first_package_msgs/local/lib/python3.10/dist-packages/first_package_msgs/first_package_msgs_s__rosidl_typesupport_fastrtps_c.cpython-310-x86_64-linux-gnu.so
[0.479s] -- Up-to-date: /home/rds/Desktop/git_ws/ROS_ws/install/first_package_msgs/local/lib/python3.10/dist-packages/first_package_msgs/_first_package_msgs_s.ep.rosidl_typesupport_fastrtps_c.c
[0.479s] -- Up-to-date: /home/rds/Desktop/git_ws/ROS_ws/install/first_package_msgs/local/lib/python3.10/dist-packages/first_package_msgs/_first_package_msgs_s.ep.rosidl_typesupport_introspection_c.c
[0.479s] -- Up-to-date: /home/rds/Desktop/git_ws/ROS_ws/install/first_package_msgs/local/lib/python3.10/dist-packages/first_package_msgs/first_package_msgs_s__rosidl_typesupport_c.cpython-310-x86_64-linux-gnu.so
[0.479s] -- Up-to-date: /home/rds/Desktop/git_ws/ROS_ws/install/first_package_msgs/local/lib/python3.10/dist-packages/first_package_msgs/libfirst_package_msgs__rosidl_generator_py.so
[0.497s] Listing '/home/rds/Desktop/git_ws/ROS_ws/install/first_package_msgs/local/lib/python3.10/dist-packages/first_package_msgs'...
[0.498s] Listing '/home/rds/Desktop/git_ws/ROS_ws/install/first_package_msgs/local/lib/python3.10/dist-packages/first_package_msgs/msg'...
[0.500s] -- Up-to-date: /home/rds/Desktop/git_ws/ROS_ws/install/first_package_msgs/local/lib/python3.10/dist-packages/first_package_msgs/first_package_msgs_s__rosidl_typesupport_fastrtps_c.cpython-310-x86_64-linux-gnu.so
[0.500s] -- Up-to-date: /home/rds/Desktop/git_ws/ROS_ws/install/first_package_msgs/local/lib/python3.10/dist-packages/first_package_msgs/first_package_msgs_s__rosidl_typesupport_introspection_c.cpython-310-x86_64-linux-gnu.so
[0.500s] -- Up-to-date: /home/rds/Desktop/git_ws/ROS_ws/install/first_package_msgs/local/lib/python3.10/dist-packages/first_package_msgs/first_package_msgs_s__rosidl_typesupport_c.cpython-310-x86_64-linux-gnu.so
[0.500s] -- Up-to-date: /home/rds/Desktop/git_ws/ROS_ws/install/first_package_msgs/lib/libfirst_package_msgs__rosidl_generator_py.so
[0.501s] -- Up-to-date: /home/rds/Desktop/git_ws/ROS_ws/install/first_package_msgs/share/first_package_msgs/msg/CmdAndPoseVel.idl
[0.501s] -- Up-to-date: /home/rds/Desktop/git_ws/ROS_ws/install/first_package_msgs/share/first_package_msgs/msg/CmdAndPoseVel.msg
[0.501s] -- Up-to-date: /home/rds/Desktop/git_ws/ROS_ws/install/first_package_msgs/share/ament_index/resource_index/package_run_dependencies/first_package_msgs
[0.501s] -- Up-to-date: /home/rds/Desktop/git_ws/ROS_ws/install/first_package_msgs/share/ament_index/resource_index/parent_prefix_path/first_package_msgs
[0.501s] -- Up-to-date: /home/rds/Desktop/git_ws/ROS_ws/install/first_package_msgs/share/first_package_msgs/environment/ament_prefix_path.sh
[0.501s] -- Up-to-date: /home/rds/Desktop/git_ws/ROS_ws/install/first_package_msgs/share/first_package_msgs/environment/ament_prefix_path.dsv
[0.501s] -- Up-to-date: /home/rds/Desktop/git_ws/ROS_ws/install/first_package_msgs/share/first_package_msgs/environment/path.sh
[0.501s] -- Up-to-date: /home/rds/Desktop/git_ws/ROS_ws/install/first_package_msgs/share/first_package_msgs/environment/path.dsv
[0.501s] -- Up-to-date: /home/rds/Desktop/git_ws/ROS_ws/install/first_package_msgs/share/first_package_msgs/local_setup.bash
[0.501s] -- Up-to-date: /home/rds/Desktop/git_ws/ROS_ws/install/first_package_msgs/share/first_package_msgs/local_setup.sh
[0.501s] -- Up-to-date: /home/rds/Desktop/git_ws/ROS_ws/install/first_package_msgs/share/first_package_msgs/local_setup.zsh
[0.501s] -- Up-to-date: /home/rds/Desktop/git_ws/ROS_ws/install/first_package_msgs/share/first_package_msgs/local_setup.dsv
[0.501s] -- Installing: /home/rds/Desktop/git_ws/ROS_ws/install/first_package_msgs/share/first_package_msgs/package.dsv
[0.501s] -- Up-to-date: /home/rds/Desktop/git_ws/ROS_ws/install/first_package_msgs/share/ament_index/resource_index/packages/first_package_msgs
[0.501s] -- Up-to-date: /home/rds/Desktop/git_ws/ROS_ws/install/first_package_msgs/share/first_package_msgs/cmake/export_first_package_msgs__rosidl_generator_cExport.cmake
[0.501s] -- Up-to-date: /home/rds/Desktop/git_ws/ROS_ws/install/first_package_msgs/share/first_package_msgs/cmake/export_first_package_msgs__rosidl_generator_cExport-noconfig.cmake
[0.502s] -- Up-to-date: /home/rds/Desktop/git_ws/ROS_ws/install/first_package_msgs/share/first_package_msgs/cmake/export_first_package_msgs__rosidl_typesupport_fastrtps_cExport.cmake
[0.502s] -- Up-to-date: /home/rds/Desktop/git_ws/ROS_ws/install/first_package_msgs/share/first_package_msgs/cmake/export_first_package_msgs__rosidl_typesupport_fastrtps_cExport-noconfig.cmake
[0.502s] -- Up-to-date: /home/rds/Desktop/git_ws/ROS_ws/install/first_package_msgs/share/first_package_msgs/cmake/first_package_msgs__rosidl_typesupport_introspection_cExport.cmake
[0.502s] -- Up-to-date: /home/rds/Desktop/git_ws/ROS_ws/install/first_package_msgs/share/first_package_msgs/cmake/first_package_msgs__rosidl_typesupport_introspection_cExport-noconfig.cmake
[0.502s] -- Up-to-date: /home/rds/Desktop/git_ws/ROS_ws/install/first_package_msgs/share/first_package_msgs/cmake/first_package_msgs__rosidl_typesupport_cExport.cmake
[0.502s] -- Up-to-date: /home/rds/Desktop/git_ws/ROS_ws/install/first_package_msgs/share/first_package_msgs/cmake/first_package_msgs__rosidl_typesupport_cExport-noconfig.cmake
[0.502s] -- Up-to-date: /home/rds/Desktop/git_ws/ROS_ws/install/first_package_msgs/share/first_package_msgs/cmake/export_first_package_msgs__rosidl_generator_cppExport.cmake
[0.502s] -- Up-to-date: /home/rds/Desktop/git_ws/ROS_ws/install/first_package_msgs/share/first_package_msgs/cmake/export_first_package_msgs__rosidl_typesupport_fastrtps_cppExport.cmake
[0.502s] -- Up-to-date: /home/rds/Desktop/git_ws/ROS_ws/install/first_package_msgs/share/first_package_msgs/cmake/export_first_package_msgs__rosidl_typesupport_fastrtps_cppExport-noconfig.cmake
[0.502s] -- Up-to-date: /home/rds/Desktop/git_ws/ROS_ws/install/first_package_msgs/share/first_package_msgs/cmake/first_package_msgs__rosidl_typesupport_introspection_cppExport.cmake
[0.502s] -- Up-to-date: /home/rds/Desktop/git_ws/ROS_ws/install/first_package_msgs/share/first_package_msgs/cmake/first_package_msgs__rosidl_typesupport_introspection_cppExport-noconfig.cmake
[0.502s] -- Up-to-date: /home/rds/Desktop/git_ws/ROS_ws/install/first_package_msgs/share/first_package_msgs/cmake/first_package_msgs__rosidl_typesupport_cppExport.cmake
[0.502s] -- Up-to-date: /home/rds/Desktop/git_ws/ROS_ws/install/first_package_msgs/share/first_package_msgs/cmake/first_package_msgs__rosidl_typesupport_cppExport-noconfig.cmake
[0.502s] -- Up-to-date: /home/rds/Desktop/git_ws/ROS_ws/install/first_package_msgs/share/first_package_msgs/cmake/export_first_package_msgs__rosidl_generator_pyExport.cmake
[0.502s] -- Up-to-date: /home/rds/Desktop/git_ws/ROS_ws/install/first_package_msgs/share/first_package_msgs/cmake/export_first_package_msgs__rosidl_generator_pyExport-noconfig.cmake
[0.502s] -- Up-to-date: /home/rds/Desktop/git_ws/ROS_ws/install/first_package_msgs/share/first_package_msgs/cmake/rosidl_cmake-extras.cmake
[0.502s] -- Up-to-date: /home/rds/Desktop/git_ws/ROS_ws/install/first_package_msgs/share/first_package_msgs/cmake/ament_cmake_export_include_directories-extras.cmake
[0.502s] -- Up-to-date: /home/rds/Desktop/git_ws/ROS_ws/install/first_package_msgs/share/first_package_msgs/cmake/ament_cmake_export_libraries-extras.cmake
[0.502s] -- Up-to-date: /home/rds/Desktop/git_ws/ROS_ws/install/first_package_msgs/share/first_package_msgs/cmake/ament_cmake_export_targets-extras.cmake
[0.502s] -- Up-to-date: /home/rds/Desktop/git_ws/ROS_ws/install/first_package_msgs/share/first_package_msgs/cmake/rosidl_cmake_export_typesupport_targets-extras.cmake
[0.502s] -- Up-to-date: /home/rds/Desktop/git_ws/ROS_ws/install/first_package_msgs/share/first_package_msgs/cmake/ament_cmake_export_dependencies-extras.cmake
[0.502s] -- Up-to-date: /home/rds/Desktop/git_ws/ROS_ws/install/first_package_msgs/share/first_package_msgs/cmake/rosidl_cmake_export_typesupport_libraries-extras.cmake
[0.502s] -- Up-to-date: /home/rds/Desktop/git_ws/ROS_ws/install/first_package_msgs/share/first_package_msgs/cmake/first_package_msgsConfig.cmake
[0.502s] -- Up-to-date: /home/rds/Desktop/git_ws/ROS_ws/install/first_package_msgs/share/first_package_msgs/cmake/first_package_msgsConfig-version.cmake
[0.502s] -- Up-to-date: /home/rds/Desktop/git_ws/ROS_ws/install/first_package_msgs/share/first_package_msgs/package.xml
[0.504s] Invoked command in '/home/rds/Desktop/git_ws/ROS_ws/build/first_package_msgs' returned '0': CMAKE_PREFIX_PATH=${CMAKE_PREFIX_PATH}:/home/rds/Desktop/git_ws/ROS_ws/install/first_package:/opt/ros/humble /usr/bin/cmake --install /home/rds/Desktop/git_ws/ROS_ws/build/first_package_msgs
