[0.176s] Invoking command in '/home/rds/Desktop/git_ws/ROS_ws/build/first_package_msgs': CMAKE_PREFIX_PATH=${CMAKE_PREFIX_PATH}:/home/rds/Desktop/git_ws/ROS_ws/install/first_package:/opt/ros/humble /usr/bin/cmake --build /home/rds/Desktop/git_ws/ROS_ws/build/first_package_msgs -- -j8 -l8
[0.189s] [33mCMake Warning (dev) at CMakeLists.txt:17:
[0.189s]   Syntax Warning in cmake code at column 26
[0.189s] 
[0.189s]   Argument not separated from preceding token by whitespace.
[0.189s] This warning is for project developers.  Use -Wno-dev to suppress it.
[0.189s] [0m
[0.191s] -- Found ament_cmake: 1.3.8 (/opt/ros/humble/share/ament_cmake/cmake)
[0.272s] -- Found rosidl_default_generators: 1.2.0 (/opt/ros/humble/share/rosidl_default_generators/cmake)
[0.273s] -- Using all available rosidl_typesupport_c: rosidl_typesupport_fastrtps_c;rosidl_typesupport_introspection_c
[0.275s] -- Found rosidl_adapter: 3.1.5 (/opt/ros/humble/share/rosidl_adapter/cmake)
[0.292s] -- Using all available rosidl_typesupport_cpp: rosidl_typesupport_fastrtps_cpp;rosidl_typesupport_introspection_cpp
[0.308s] -- Configuring incomplete, errors occurred!
[0.309s] See also "/home/rds/Desktop/git_ws/ROS_ws/build/first_package_msgs/CMakeFiles/CMakeOutput.log".
[0.309s] [31mCMake Error at /opt/ros/humble/share/rosidl_cmake/cmake/rosidl_generate_interfaces.cmake:93 (message):
[0.309s]   rosidl_generate_interfaces() the passed file ',' doesn't exist relative to
[0.309s]   the CMAKE_CURRENT_SOURCE_DIR
[0.309s]   '/home/rds/Desktop/git_ws/ROS_ws/src/first_package_msgs'
[0.309s] Call Stack (most recent call first):
[0.309s]   CMakeLists.txt:16 (rosidl_generate_interfaces)
[0.309s] 
[0.309s] [0m
[0.311s] gmake: *** [Makefile:963: cmake_check_build_system] Error 1
[0.313s] Invoked command in '/home/rds/Desktop/git_ws/ROS_ws/build/first_package_msgs' returned '2': CMAKE_PREFIX_PATH=${CMAKE_PREFIX_PATH}:/home/rds/Desktop/git_ws/ROS_ws/install/first_package:/opt/ros/humble /usr/bin/cmake --build /home/rds/Desktop/git_ws/ROS_ws/build/first_package_msgs -- -j8 -l8
