-- The C compiler identification is GNU 11.4.0
-- The CXX compiler identification is GNU 11.4.0
-- Detecting C compiler ABI info
-- Detecting C compiler ABI info - done
-- Check for working C compiler: /usr/bin/cc - skipped
-- Detecting C compile features
-- Detecting C compile features - done
-- Detecting CXX compiler ABI info
-- Detecting CXX compiler ABI info - done
-- Check for working CXX compiler: /usr/bin/c++ - skipped
-- Detecting CXX compile features
-- Detecting CXX compile features - done
-- Found ament_cmake: 1.3.8 (/opt/ros/humble/share/ament_cmake/cmake)
-- Found Python3: /usr/bin/python3 (found version "3.10.12") found components: Interpreter 
-- Found ament_lint_auto: 0.12.10 (/opt/ros/humble/share/ament_lint_auto/cmake)
-- Added test 'cppcheck' to perform static code analysis on C / C++ code
-- Configured cppcheck include dirs: $<BUILD_INTERFACE:/home/rds/Desktop/git_ws/ROS_ws/src/first_package_cpp/include>
-- Configured cppcheck exclude dirs and/or files: 
-- Added test 'lint_cmake' to check CMake code style
-- Added test 'uncrustify' to check C / C++ code style
-- Configured uncrustify additional arguments: 
-- Added test 'xmllint' to check XML markup files
-- Configuring done
-- Generating done
-- Build files have been written to: /home/rds/Desktop/git_ws/ROS_ws/build/first_package_cpp
[ 50%] [32mBuilding CXX object CMakeFiles/first_node_cpp.dir/src/first_node_cpp.cpp.o[0m
[100%] [32m[1mLinking CXX executable first_node_cpp[0m
[100%] Built target first_node_cpp
-- Install configuration: ""
-- Installing: /home/rds/Desktop/git_ws/ROS_ws/install/first_package_cpp/lib/first_package_cpp/first_node_cpp
-- Installing: /home/rds/Desktop/git_ws/ROS_ws/install/first_package_cpp/share/ament_index/resource_index/package_run_dependencies/first_package_cpp
-- Installing: /home/rds/Desktop/git_ws/ROS_ws/install/first_package_cpp/share/ament_index/resource_index/parent_prefix_path/first_package_cpp
-- Installing: /home/rds/Desktop/git_ws/ROS_ws/install/first_package_cpp/share/first_package_cpp/environment/ament_prefix_path.sh
-- Installing: /home/rds/Desktop/git_ws/ROS_ws/install/first_package_cpp/share/first_package_cpp/environment/ament_prefix_path.dsv
-- Installing: /home/rds/Desktop/git_ws/ROS_ws/install/first_package_cpp/share/first_package_cpp/environment/path.sh
-- Installing: /home/rds/Desktop/git_ws/ROS_ws/install/first_package_cpp/share/first_package_cpp/environment/path.dsv
-- Installing: /home/rds/Desktop/git_ws/ROS_ws/install/first_package_cpp/share/first_package_cpp/local_setup.bash
-- Installing: /home/rds/Desktop/git_ws/ROS_ws/install/first_package_cpp/share/first_package_cpp/local_setup.sh
-- Installing: /home/rds/Desktop/git_ws/ROS_ws/install/first_package_cpp/share/first_package_cpp/local_setup.zsh
-- Installing: /home/rds/Desktop/git_ws/ROS_ws/install/first_package_cpp/share/first_package_cpp/local_setup.dsv
-- Installing: /home/rds/Desktop/git_ws/ROS_ws/install/first_package_cpp/share/first_package_cpp/package.dsv
-- Installing: /home/rds/Desktop/git_ws/ROS_ws/install/first_package_cpp/share/ament_index/resource_index/packages/first_package_cpp
-- Installing: /home/rds/Desktop/git_ws/ROS_ws/install/first_package_cpp/share/first_package_cpp/cmake/first_package_cppConfig.cmake
-- Installing: /home/rds/Desktop/git_ws/ROS_ws/install/first_package_cpp/share/first_package_cpp/cmake/first_package_cppConfig-version.cmake
-- Installing: /home/rds/Desktop/git_ws/ROS_ws/install/first_package_cpp/share/first_package_cpp/package.xml
