[0.177s] Invoking command in '/home/rds/Desktop/git_ws/ROS_ws/build/first_package_cpp': CMAKE_PREFIX_PATH=/opt/ros/humble /usr/bin/cmake /home/rds/Desktop/git_ws/ROS_ws/src/first_package_cpp -DCMAKE_INSTALL_PREFIX=/home/rds/Desktop/git_ws/ROS_ws/install/first_package_cpp
[0.224s] -- The C compiler identification is GNU 11.4.0
[0.276s] -- The CXX compiler identification is GNU 11.4.0
[0.282s] -- Detecting C compiler ABI info
[0.333s] -- Detecting C compiler ABI info - done
[0.343s] -- Check for working C compiler: /usr/bin/cc - skipped
[0.343s] -- Detecting C compile features
[0.344s] -- Detecting C compile features - done
[0.347s] -- Detecting CXX compiler ABI info
[0.402s] -- Detecting CXX compiler ABI info - done
[0.408s] -- Check for working CXX compiler: /usr/bin/c++ - skipped
[0.408s] -- Detecting CXX compile features
[0.408s] -- Detecting CXX compile features - done
[0.411s] -- Found ament_cmake: 1.3.8 (/opt/ros/humble/share/ament_cmake/cmake)
[0.550s] -- Found Python3: /usr/bin/python3 (found version "3.10.12") found components: Interpreter 
[0.612s] -- Found ament_lint_auto: 0.12.10 (/opt/ros/humble/share/ament_lint_auto/cmake)
[0.661s] -- Added test 'cppcheck' to perform static code analysis on C / C++ code
[0.662s] -- Configured cppcheck include dirs: $<BUILD_INTERFACE:/home/rds/Desktop/git_ws/ROS_ws/src/first_package_cpp/include>
[0.662s] -- Configured cppcheck exclude dirs and/or files: 
[0.662s] -- Added test 'lint_cmake' to check CMake code style
[0.662s] -- Added test 'uncrustify' to check C / C++ code style
[0.662s] -- Configured uncrustify additional arguments: 
[0.663s] -- Added test 'xmllint' to check XML markup files
[0.663s] -- Configuring done
[0.665s] -- Generating done
[0.666s] -- Build files have been written to: /home/rds/Desktop/git_ws/ROS_ws/build/first_package_cpp
[0.675s] Invoked command in '/home/rds/Desktop/git_ws/ROS_ws/build/first_package_cpp' returned '0': CMAKE_PREFIX_PATH=/opt/ros/humble /usr/bin/cmake /home/rds/Desktop/git_ws/ROS_ws/src/first_package_cpp -DCMAKE_INSTALL_PREFIX=/home/rds/Desktop/git_ws/ROS_ws/install/first_package_cpp
[0.675s] Invoking command in '/home/rds/Desktop/git_ws/ROS_ws/build/first_package_cpp': CMAKE_PREFIX_PATH=/opt/ros/humble /usr/bin/cmake --build /home/rds/Desktop/git_ws/ROS_ws/build/first_package_cpp -- -j8 -l8
[0.710s] [ 50%] [32mBuilding CXX object CMakeFiles/first_node_cpp.dir/src/first_node_cpp.cpp.o[0m
[0.730s] [100%] [32m[1mLinking CXX executable first_node_cpp[0m
[0.762s] [100%] Built target first_node_cpp
[0.769s] Invoked command in '/home/rds/Desktop/git_ws/ROS_ws/build/first_package_cpp' returned '0': CMAKE_PREFIX_PATH=/opt/ros/humble /usr/bin/cmake --build /home/rds/Desktop/git_ws/ROS_ws/build/first_package_cpp -- -j8 -l8
[0.792s] Invoking command in '/home/rds/Desktop/git_ws/ROS_ws/build/first_package_cpp': CMAKE_PREFIX_PATH=/opt/ros/humble /usr/bin/cmake --install /home/rds/Desktop/git_ws/ROS_ws/build/first_package_cpp
[0.796s] -- Install configuration: ""
[0.797s] -- Installing: /home/rds/Desktop/git_ws/ROS_ws/install/first_package_cpp/lib/first_package_cpp/first_node_cpp
[0.797s] -- Installing: /home/rds/Desktop/git_ws/ROS_ws/install/first_package_cpp/share/ament_index/resource_index/package_run_dependencies/first_package_cpp
[0.797s] -- Installing: /home/rds/Desktop/git_ws/ROS_ws/install/first_package_cpp/share/ament_index/resource_index/parent_prefix_path/first_package_cpp
[0.797s] -- Installing: /home/rds/Desktop/git_ws/ROS_ws/install/first_package_cpp/share/first_package_cpp/environment/ament_prefix_path.sh
[0.797s] -- Installing: /home/rds/Desktop/git_ws/ROS_ws/install/first_package_cpp/share/first_package_cpp/environment/ament_prefix_path.dsv
[0.797s] -- Installing: /home/rds/Desktop/git_ws/ROS_ws/install/first_package_cpp/share/first_package_cpp/environment/path.sh
[0.797s] -- Installing: /home/rds/Desktop/git_ws/ROS_ws/install/first_package_cpp/share/first_package_cpp/environment/path.dsv
[0.797s] -- Installing: /home/rds/Desktop/git_ws/ROS_ws/install/first_package_cpp/share/first_package_cpp/local_setup.bash
[0.798s] -- Installing: /home/rds/Desktop/git_ws/ROS_ws/install/first_package_cpp/share/first_package_cpp/local_setup.sh
[0.798s] -- Installing: /home/rds/Desktop/git_ws/ROS_ws/install/first_package_cpp/share/first_package_cpp/local_setup.zsh
[0.798s] -- Installing: /home/rds/Desktop/git_ws/ROS_ws/install/first_package_cpp/share/first_package_cpp/local_setup.dsv
[0.798s] -- Installing: /home/rds/Desktop/git_ws/ROS_ws/install/first_package_cpp/share/first_package_cpp/package.dsv
[0.798s] -- Installing: /home/rds/Desktop/git_ws/ROS_ws/install/first_package_cpp/share/ament_index/resource_index/packages/first_package_cpp
[0.798s] -- Installing: /home/rds/Desktop/git_ws/ROS_ws/install/first_package_cpp/share/first_package_cpp/cmake/first_package_cppConfig.cmake
[0.798s] -- Installing: /home/rds/Desktop/git_ws/ROS_ws/install/first_package_cpp/share/first_package_cpp/cmake/first_package_cppConfig-version.cmake
[0.798s] -- Installing: /home/rds/Desktop/git_ws/ROS_ws/install/first_package_cpp/share/first_package_cpp/package.xml
[0.800s] Invoked command in '/home/rds/Desktop/git_ws/ROS_ws/build/first_package_cpp' returned '0': CMAKE_PREFIX_PATH=/opt/ros/humble /usr/bin/cmake --install /home/rds/Desktop/git_ws/ROS_ws/build/first_package_cpp
