[0.180s] Invoking command in '/home/rds/Desktop/git_ws/ROS_ws/build/first_package_msgs': CMAKE_PREFIX_PATH=${CMAKE_PREFIX_PATH}:/home/rds/Desktop/git_ws/ROS_ws/install/first_package:/opt/ros/humble /usr/bin/cmake --build /home/rds/Desktop/git_ws/ROS_ws/build/first_package_msgs -- -j8 -l8
[0.196s] -- Found ament_cmake: 1.3.8 (/opt/ros/humble/share/ament_cmake/cmake)
[0.277s] -- Found rosidl_default_generators: 1.2.0 (/opt/ros/humble/share/rosidl_default_generators/cmake)
[0.278s] -- Using all available rosidl_typesupport_c: rosidl_typesupport_fastrtps_c;rosidl_typesupport_introspection_c
[0.280s] -- Found rosidl_adapter: 3.1.5 (/opt/ros/humble/share/rosidl_adapter/cmake)
[0.297s] -- Using all available rosidl_typesupport_cpp: rosidl_typesupport_fastrtps_cpp;rosidl_typesupport_introspection_cpp
[0.483s] -- Found ament_cmake_ros: 0.10.0 (/opt/ros/humble/share/ament_cmake_ros/cmake)
[0.600s] -- Using all available rosidl_typesupport_c: rosidl_typesupport_fastrtps_c;rosidl_typesupport_introspection_c
[0.755s] -- Using all available rosidl_typesupport_cpp: rosidl_typesupport_fastrtps_cpp;rosidl_typesupport_introspection_cpp
[0.769s] -- Found python_cmake_module: 0.10.0 (/opt/ros/humble/share/python_cmake_module/cmake)
[0.784s] -- Using PYTHON_EXECUTABLE: /usr/bin/python3
[0.784s] -- Using PYTHON_INCLUDE_DIRS: /usr/include/python3.10
[0.784s] -- Using PYTHON_LIBRARIES: /usr/lib/x86_64-linux-gnu/libpython3.10.so
[0.792s] -- Found ament_lint_auto: 0.12.10 (/opt/ros/humble/share/ament_lint_auto/cmake)
[0.797s] -- Added test 'lint_cmake' to check CMake code style
[0.798s] -- Added test 'xmllint' to check XML markup files
[0.799s] -- Configuring done
[0.816s] -- Generating done
[0.817s] -- Build files have been written to: /home/rds/Desktop/git_ws/ROS_ws/build/first_package_msgs
[0.835s] [  2%] [34m[1mGenerating C code for ROS interfaces[0m
[0.842s] [  5%] [34m[1mGenerating C++ code for ROS interfaces[0m
[0.849s] [  5%] Built target ament_cmake_python_copy_first_package_msgs
[1.019s] running egg_info
[1.019s] writing first_package_msgs.egg-info/PKG-INFO
[1.020s] writing dependency_links to first_package_msgs.egg-info/dependency_links.txt
[1.020s] writing top-level names to first_package_msgs.egg-info/top_level.txt
[1.022s] reading manifest file 'first_package_msgs.egg-info/SOURCES.txt'
[1.022s] writing manifest file 'first_package_msgs.egg-info/SOURCES.txt'
[1.043s] [  5%] Built target ament_cmake_python_build_first_package_msgs_egg
[1.060s] [  5%] Built target first_package_msgs__cpp
[1.067s] [ 10%] [34m[1mGenerating C++ type support for eProsima Fast-RTPS[0m
[1.067s] [ 10%] [34m[1mGenerating C++ introspection for ROS interfaces[0m
[1.067s] [ 12%] [34m[1mGenerating C++ type support dispatch for ROS interfaces[0m
[1.074s] [35m[1mConsolidate compiler generated dependencies of target first_package_msgs__rosidl_generator_c[0m
[1.083s] [ 15%] [32mBuilding C object CMakeFiles/first_package_msgs__rosidl_generator_c.dir/rosidl_generator_c/first_package_msgs/msg/detail/cmd_and_pose_vel__functions.c.o[0m
[1.085s] [ 17%] [32mBuilding C object CMakeFiles/first_package_msgs__rosidl_generator_c.dir/rosidl_generator_c/first_package_msgs/srv/detail/multi_spawn__functions.c.o[0m
[1.136s] [ 20%] [32m[1mLinking C shared library libfirst_package_msgs__rosidl_generator_c.so[0m
[1.161s] [ 20%] Built target first_package_msgs__rosidl_generator_c
[1.171s] [ 28%] [34m[1mGenerating C type support dispatch for ROS interfaces[0m
[1.171s] [ 28%] [34m[1mGenerating C introspection for ROS interfaces[0m
[1.171s] [ 28%] [34m[1mGenerating C type support for eProsima Fast-RTPS[0m
[1.265s] [35m[1mConsolidate compiler generated dependencies of target first_package_msgs__rosidl_typesupport_introspection_cpp[0m
[1.278s] [ 33%] [32mBuilding CXX object CMakeFiles/first_package_msgs__rosidl_typesupport_introspection_cpp.dir/rosidl_typesupport_introspection_cpp/first_package_msgs/srv/detail/multi_spawn__type_support.cpp.o[0m
[1.279s] [ 33%] [32mBuilding CXX object CMakeFiles/first_package_msgs__rosidl_typesupport_introspection_cpp.dir/rosidl_typesupport_introspection_cpp/first_package_msgs/msg/detail/cmd_and_pose_vel__type_support.cpp.o[0m
[1.300s] [35m[1mConsolidate compiler generated dependencies of target first_package_msgs__rosidl_typesupport_cpp[0m
[1.326s] [ 35%] [32mBuilding CXX object CMakeFiles/first_package_msgs__rosidl_typesupport_cpp.dir/rosidl_typesupport_cpp/first_package_msgs/srv/multi_spawn__type_support.cpp.o[0m
[1.327s] [ 38%] [32mBuilding CXX object CMakeFiles/first_package_msgs__rosidl_typesupport_cpp.dir/rosidl_typesupport_cpp/first_package_msgs/msg/cmd_and_pose_vel__type_support.cpp.o[0m
[1.382s] [35m[1mConsolidate compiler generated dependencies of target first_package_msgs__rosidl_typesupport_fastrtps_cpp[0m
[1.398s] [ 41%] [32mBuilding CXX object CMakeFiles/first_package_msgs__rosidl_typesupport_fastrtps_cpp.dir/rosidl_typesupport_fastrtps_cpp/first_package_msgs/msg/detail/dds_fastrtps/cmd_and_pose_vel__type_support.cpp.o[0m
[1.443s] [35m[1mConsolidate compiler generated dependencies of target first_package_msgs__rosidl_typesupport_introspection_c[0m
[1.471s] [ 43%] [32mBuilding C object CMakeFiles/first_package_msgs__rosidl_typesupport_introspection_c.dir/rosidl_typesupport_introspection_c/first_package_msgs/msg/detail/cmd_and_pose_vel__type_support.c.o[0m
[1.473s] [35m[1mConsolidate compiler generated dependencies of target first_package_msgs__rosidl_typesupport_c[0m
[1.491s] [ 46%] [32mBuilding CXX object CMakeFiles/first_package_msgs__rosidl_typesupport_c.dir/rosidl_typesupport_c/first_package_msgs/msg/cmd_and_pose_vel__type_support.cpp.o[0m
[1.512s] [ 48%] [32mBuilding C object CMakeFiles/first_package_msgs__rosidl_typesupport_introspection_c.dir/rosidl_typesupport_introspection_c/first_package_msgs/srv/detail/multi_spawn__type_support.c.o[0m
[1.530s] [ 51%] [32mBuilding CXX object CMakeFiles/first_package_msgs__rosidl_typesupport_c.dir/rosidl_typesupport_c/first_package_msgs/srv/multi_spawn__type_support.cpp.o[0m
[1.552s] [35m[1mConsolidate compiler generated dependencies of target first_package_msgs__rosidl_typesupport_fastrtps_c[0m
[1.558s] [ 53%] [32m[1mLinking C shared library libfirst_package_msgs__rosidl_typesupport_introspection_c.so[0m
[1.569s] [ 56%] [32m[1mLinking CXX shared library libfirst_package_msgs__rosidl_typesupport_c.so[0m
[1.578s] [ 58%] [32mBuilding CXX object CMakeFiles/first_package_msgs__rosidl_typesupport_fastrtps_c.dir/rosidl_typesupport_fastrtps_c/first_package_msgs/msg/detail/cmd_and_pose_vel__type_support_c.cpp.o[0m
[1.592s] [ 58%] Built target first_package_msgs__rosidl_typesupport_introspection_c
[1.604s] [ 61%] [32mBuilding CXX object CMakeFiles/first_package_msgs__rosidl_typesupport_fastrtps_cpp.dir/rosidl_typesupport_fastrtps_cpp/first_package_msgs/srv/detail/dds_fastrtps/multi_spawn__type_support.cpp.o[0m
[1.608s] [ 64%] [32mBuilding CXX object CMakeFiles/first_package_msgs__rosidl_typesupport_fastrtps_c.dir/rosidl_typesupport_fastrtps_c/first_package_msgs/srv/detail/multi_spawn__type_support_c.cpp.o[0m
[1.610s] [ 66%] [32m[1mLinking CXX shared library libfirst_package_msgs__rosidl_typesupport_cpp.so[0m
[1.639s] [ 66%] Built target first_package_msgs__rosidl_typesupport_c
[1.676s] [ 69%] [32m[1mLinking CXX shared library libfirst_package_msgs__rosidl_typesupport_introspection_cpp.so[0m
[1.676s] [ 69%] Built target first_package_msgs__rosidl_typesupport_cpp
[1.730s] [ 69%] Built target first_package_msgs__rosidl_typesupport_introspection_cpp
[1.865s] [ 71%] [32m[1mLinking CXX shared library libfirst_package_msgs__rosidl_typesupport_fastrtps_c.so[0m
[1.914s] [ 71%] Built target first_package_msgs__rosidl_typesupport_fastrtps_c
[1.928s] [ 74%] [32m[1mLinking CXX shared library libfirst_package_msgs__rosidl_typesupport_fastrtps_cpp.so[0m
[1.985s] [ 74%] Built target first_package_msgs__rosidl_typesupport_fastrtps_cpp
[2.001s] [ 74%] Built target first_package_msgs
[2.017s] [ 76%] [34m[1mGenerating Python code for ROS interfaces[0m
[2.301s] [ 76%] Built target first_package_msgs__py
[2.308s] [35m[1mConsolidate compiler generated dependencies of target first_package_msgs__rosidl_generator_py[0m
[2.317s] [ 82%] [32mBuilding C object CMakeFiles/first_package_msgs__rosidl_generator_py.dir/rosidl_generator_py/first_package_msgs/msg/_cmd_and_pose_vel_s.c.o[0m
[2.317s] [ 82%] [32mBuilding C object CMakeFiles/first_package_msgs__rosidl_generator_py.dir/rosidl_generator_py/first_package_msgs/srv/_multi_spawn_s.c.o[0m
[2.394s] [ 84%] [32m[1mLinking C shared library rosidl_generator_py/first_package_msgs/libfirst_package_msgs__rosidl_generator_py.so[0m
[2.422s] [ 84%] Built target first_package_msgs__rosidl_generator_py
[2.430s] [35m[1mConsolidate compiler generated dependencies of target first_package_msgs__rosidl_typesupport_fastrtps_c__pyext[0m
[2.430s] [35m[1mConsolidate compiler generated dependencies of target first_package_msgs__rosidl_typesupport_introspection_c__pyext[0m
[2.430s] [35m[1mConsolidate compiler generated dependencies of target first_package_msgs__rosidl_typesupport_c__pyext[0m
[2.439s] [ 89%] [32mBuilding C object CMakeFiles/first_package_msgs__rosidl_typesupport_c__pyext.dir/rosidl_generator_py/first_package_msgs/_first_package_msgs_s.ep.rosidl_typesupport_c.c.o[0m
[2.439s] [ 92%] [32mBuilding C object CMakeFiles/first_package_msgs__rosidl_typesupport_fastrtps_c__pyext.dir/rosidl_generator_py/first_package_msgs/_first_package_msgs_s.ep.rosidl_typesupport_fastrtps_c.c.o[0m
[2.439s] [ 92%] [32mBuilding C object CMakeFiles/first_package_msgs__rosidl_typesupport_introspection_c__pyext.dir/rosidl_generator_py/first_package_msgs/_first_package_msgs_s.ep.rosidl_typesupport_introspection_c.c.o[0m
[2.502s] [ 97%] [32m[1mLinking C shared library rosidl_generator_py/first_package_msgs/first_package_msgs_s__rosidl_typesupport_introspection_c.cpython-310-x86_64-linux-gnu.so[0m
[2.502s] [ 97%] [32m[1mLinking C shared library rosidl_generator_py/first_package_msgs/first_package_msgs_s__rosidl_typesupport_c.cpython-310-x86_64-linux-gnu.so[0m
[2.503s] [100%] [32m[1mLinking C shared library rosidl_generator_py/first_package_msgs/first_package_msgs_s__rosidl_typesupport_fastrtps_c.cpython-310-x86_64-linux-gnu.so[0m
[2.524s] [100%] Built target first_package_msgs__rosidl_typesupport_fastrtps_c__pyext
[2.525s] [100%] Built target first_package_msgs__rosidl_typesupport_c__pyext
[2.525s] [100%] Built target first_package_msgs__rosidl_typesupport_introspection_c__pyext
[2.533s] Invoked command in '/home/rds/Desktop/git_ws/ROS_ws/build/first_package_msgs' returned '0': CMAKE_PREFIX_PATH=${CMAKE_PREFIX_PATH}:/home/rds/Desktop/git_ws/ROS_ws/install/first_package:/opt/ros/humble /usr/bin/cmake --build /home/rds/Desktop/git_ws/ROS_ws/build/first_package_msgs -- -j8 -l8
[2.590s] Invoking command in '/home/rds/Desktop/git_ws/ROS_ws/build/first_package_msgs': CMAKE_PREFIX_PATH=${CMAKE_PREFIX_PATH}:/home/rds/Desktop/git_ws/ROS_ws/install/first_package:/opt/ros/humble /usr/bin/cmake --install /home/rds/Desktop/git_ws/ROS_ws/build/first_package_msgs
[2.596s] -- Install configuration: ""
[2.596s] -- Installing: /home/rds/Desktop/git_ws/ROS_ws/install/first_package_msgs/share/ament_index/resource_index/rosidl_interfaces/first_package_msgs
[2.596s] -- Up-to-date: /home/rds/Desktop/git_ws/ROS_ws/install/first_package_msgs/include/first_package_msgs/first_package_msgs
[2.596s] -- Up-to-date: /home/rds/Desktop/git_ws/ROS_ws/install/first_package_msgs/include/first_package_msgs/first_package_msgs/msg
[2.596s] -- Up-to-date: /home/rds/Desktop/git_ws/ROS_ws/install/first_package_msgs/include/first_package_msgs/first_package_msgs/msg/detail
[2.596s] -- Installing: /home/rds/Desktop/git_ws/ROS_ws/install/first_package_msgs/include/first_package_msgs/first_package_msgs/msg/detail/cmd_and_pose_vel__struct.h
[2.596s] -- Installing: /home/rds/Desktop/git_ws/ROS_ws/install/first_package_msgs/include/first_package_msgs/first_package_msgs/msg/detail/cmd_and_pose_vel__functions.h
[2.596s] -- Installing: /home/rds/Desktop/git_ws/ROS_ws/install/first_package_msgs/include/first_package_msgs/first_package_msgs/msg/detail/cmd_and_pose_vel__type_support.h
[2.596s] -- Installing: /home/rds/Desktop/git_ws/ROS_ws/install/first_package_msgs/include/first_package_msgs/first_package_msgs/msg/detail/cmd_and_pose_vel__functions.c
[2.596s] -- Up-to-date: /home/rds/Desktop/git_ws/ROS_ws/install/first_package_msgs/include/first_package_msgs/first_package_msgs/msg/rosidl_generator_c__visibility_control.h
[2.596s] -- Installing: /home/rds/Desktop/git_ws/ROS_ws/install/first_package_msgs/include/first_package_msgs/first_package_msgs/msg/cmd_and_pose_vel.h
[2.596s] -- Installing: /home/rds/Desktop/git_ws/ROS_ws/install/first_package_msgs/include/first_package_msgs/first_package_msgs/srv
[2.596s] -- Installing: /home/rds/Desktop/git_ws/ROS_ws/install/first_package_msgs/include/first_package_msgs/first_package_msgs/srv/detail
[2.596s] -- Installing: /home/rds/Desktop/git_ws/ROS_ws/install/first_package_msgs/include/first_package_msgs/first_package_msgs/srv/detail/multi_spawn__struct.h
[2.596s] -- Installing: /home/rds/Desktop/git_ws/ROS_ws/install/first_package_msgs/include/first_package_msgs/first_package_msgs/srv/detail/multi_spawn__type_support.h
[2.596s] -- Installing: /home/rds/Desktop/git_ws/ROS_ws/install/first_package_msgs/include/first_package_msgs/first_package_msgs/srv/detail/multi_spawn__functions.h
[2.596s] -- Installing: /home/rds/Desktop/git_ws/ROS_ws/install/first_package_msgs/include/first_package_msgs/first_package_msgs/srv/detail/multi_spawn__functions.c
[2.596s] -- Installing: /home/rds/Desktop/git_ws/ROS_ws/install/first_package_msgs/include/first_package_msgs/first_package_msgs/srv/multi_spawn.h
[2.597s] -- Up-to-date: /home/rds/Desktop/git_ws/ROS_ws/install/first_package_msgs/share/first_package_msgs/environment/library_path.sh
[2.597s] -- Installing: /home/rds/Desktop/git_ws/ROS_ws/install/first_package_msgs/share/first_package_msgs/environment/library_path.dsv
[2.597s] -- Installing: /home/rds/Desktop/git_ws/ROS_ws/install/first_package_msgs/lib/libfirst_package_msgs__rosidl_generator_c.so
[2.597s] -- Set runtime path of "/home/rds/Desktop/git_ws/ROS_ws/install/first_package_msgs/lib/libfirst_package_msgs__rosidl_generator_c.so" to ""
[2.597s] -- Up-to-date: /home/rds/Desktop/git_ws/ROS_ws/install/first_package_msgs/include/first_package_msgs/first_package_msgs
[2.597s] -- Up-to-date: /home/rds/Desktop/git_ws/ROS_ws/install/first_package_msgs/include/first_package_msgs/first_package_msgs/msg
[2.597s] -- Up-to-date: /home/rds/Desktop/git_ws/ROS_ws/install/first_package_msgs/include/first_package_msgs/first_package_msgs/msg/detail
[2.597s] -- Installing: /home/rds/Desktop/git_ws/ROS_ws/install/first_package_msgs/include/first_package_msgs/first_package_msgs/msg/detail/cmd_and_pose_vel__rosidl_typesupport_fastrtps_c.h
[2.597s] -- Up-to-date: /home/rds/Desktop/git_ws/ROS_ws/install/first_package_msgs/include/first_package_msgs/first_package_msgs/msg/rosidl_typesupport_fastrtps_c__visibility_control.h
[2.597s] -- Up-to-date: /home/rds/Desktop/git_ws/ROS_ws/install/first_package_msgs/include/first_package_msgs/first_package_msgs/srv
[2.597s] -- Up-to-date: /home/rds/Desktop/git_ws/ROS_ws/install/first_package_msgs/include/first_package_msgs/first_package_msgs/srv/detail
[2.597s] -- Installing: /home/rds/Desktop/git_ws/ROS_ws/install/first_package_msgs/include/first_package_msgs/first_package_msgs/srv/detail/multi_spawn__rosidl_typesupport_fastrtps_c.h
[2.597s] -- Installing: /home/rds/Desktop/git_ws/ROS_ws/install/first_package_msgs/lib/libfirst_package_msgs__rosidl_typesupport_fastrtps_c.so
[2.597s] -- Set runtime path of "/home/rds/Desktop/git_ws/ROS_ws/install/first_package_msgs/lib/libfirst_package_msgs__rosidl_typesupport_fastrtps_c.so" to ""
[2.597s] -- Up-to-date: /home/rds/Desktop/git_ws/ROS_ws/install/first_package_msgs/include/first_package_msgs/first_package_msgs
[2.597s] -- Up-to-date: /home/rds/Desktop/git_ws/ROS_ws/install/first_package_msgs/include/first_package_msgs/first_package_msgs/msg
[2.597s] -- Up-to-date: /home/rds/Desktop/git_ws/ROS_ws/install/first_package_msgs/include/first_package_msgs/first_package_msgs/msg/detail
[2.597s] -- Installing: /home/rds/Desktop/git_ws/ROS_ws/install/first_package_msgs/include/first_package_msgs/first_package_msgs/msg/detail/cmd_and_pose_vel__rosidl_typesupport_introspection_c.h
[2.597s] -- Installing: /home/rds/Desktop/git_ws/ROS_ws/install/first_package_msgs/include/first_package_msgs/first_package_msgs/msg/detail/cmd_and_pose_vel__type_support.c
[2.597s] -- Up-to-date: /home/rds/Desktop/git_ws/ROS_ws/install/first_package_msgs/include/first_package_msgs/first_package_msgs/msg/rosidl_typesupport_introspection_c__visibility_control.h
[2.597s] -- Up-to-date: /home/rds/Desktop/git_ws/ROS_ws/install/first_package_msgs/include/first_package_msgs/first_package_msgs/srv
[2.598s] -- Up-to-date: /home/rds/Desktop/git_ws/ROS_ws/install/first_package_msgs/include/first_package_msgs/first_package_msgs/srv/detail
[2.598s] -- Installing: /home/rds/Desktop/git_ws/ROS_ws/install/first_package_msgs/include/first_package_msgs/first_package_msgs/srv/detail/multi_spawn__type_support.c
[2.598s] -- Installing: /home/rds/Desktop/git_ws/ROS_ws/install/first_package_msgs/include/first_package_msgs/first_package_msgs/srv/detail/multi_spawn__rosidl_typesupport_introspection_c.h
[2.598s] -- Installing: /home/rds/Desktop/git_ws/ROS_ws/install/first_package_msgs/lib/libfirst_package_msgs__rosidl_typesupport_introspection_c.so
[2.598s] -- Set runtime path of "/home/rds/Desktop/git_ws/ROS_ws/install/first_package_msgs/lib/libfirst_package_msgs__rosidl_typesupport_introspection_c.so" to ""
[2.598s] -- Installing: /home/rds/Desktop/git_ws/ROS_ws/install/first_package_msgs/lib/libfirst_package_msgs__rosidl_typesupport_c.so
[2.598s] -- Set runtime path of "/home/rds/Desktop/git_ws/ROS_ws/install/first_package_msgs/lib/libfirst_package_msgs__rosidl_typesupport_c.so" to ""
[2.598s] -- Up-to-date: /home/rds/Desktop/git_ws/ROS_ws/install/first_package_msgs/include/first_package_msgs/first_package_msgs
[2.598s] -- Up-to-date: /home/rds/Desktop/git_ws/ROS_ws/install/first_package_msgs/include/first_package_msgs/first_package_msgs/msg
[2.598s] -- Up-to-date: /home/rds/Desktop/git_ws/ROS_ws/install/first_package_msgs/include/first_package_msgs/first_package_msgs/msg/detail
[2.598s] -- Installing: /home/rds/Desktop/git_ws/ROS_ws/install/first_package_msgs/include/first_package_msgs/first_package_msgs/msg/detail/cmd_and_pose_vel__struct.hpp
[2.598s] -- Installing: /home/rds/Desktop/git_ws/ROS_ws/install/first_package_msgs/include/first_package_msgs/first_package_msgs/msg/detail/cmd_and_pose_vel__traits.hpp
[2.598s] -- Installing: /home/rds/Desktop/git_ws/ROS_ws/install/first_package_msgs/include/first_package_msgs/first_package_msgs/msg/detail/cmd_and_pose_vel__builder.hpp
[2.598s] -- Installing: /home/rds/Desktop/git_ws/ROS_ws/install/first_package_msgs/include/first_package_msgs/first_package_msgs/msg/cmd_and_pose_vel.hpp
[2.598s] -- Up-to-date: /home/rds/Desktop/git_ws/ROS_ws/install/first_package_msgs/include/first_package_msgs/first_package_msgs/srv
[2.599s] -- Installing: /home/rds/Desktop/git_ws/ROS_ws/install/first_package_msgs/include/first_package_msgs/first_package_msgs/srv/multi_spawn.hpp
[2.599s] -- Up-to-date: /home/rds/Desktop/git_ws/ROS_ws/install/first_package_msgs/include/first_package_msgs/first_package_msgs/srv/detail
[2.599s] -- Installing: /home/rds/Desktop/git_ws/ROS_ws/install/first_package_msgs/include/first_package_msgs/first_package_msgs/srv/detail/multi_spawn__struct.hpp
[2.599s] -- Installing: /home/rds/Desktop/git_ws/ROS_ws/install/first_package_msgs/include/first_package_msgs/first_package_msgs/srv/detail/multi_spawn__traits.hpp
[2.599s] -- Installing: /home/rds/Desktop/git_ws/ROS_ws/install/first_package_msgs/include/first_package_msgs/first_package_msgs/srv/detail/multi_spawn__builder.hpp
[2.599s] -- Up-to-date: /home/rds/Desktop/git_ws/ROS_ws/install/first_package_msgs/include/first_package_msgs/first_package_msgs
[2.599s] -- Up-to-date: /home/rds/Desktop/git_ws/ROS_ws/install/first_package_msgs/include/first_package_msgs/first_package_msgs/msg
[2.599s] -- Up-to-date: /home/rds/Desktop/git_ws/ROS_ws/install/first_package_msgs/include/first_package_msgs/first_package_msgs/msg/detail
[2.599s] -- Up-to-date: /home/rds/Desktop/git_ws/ROS_ws/install/first_package_msgs/include/first_package_msgs/first_package_msgs/msg/detail/dds_fastrtps
[2.599s] -- Installing: /home/rds/Desktop/git_ws/ROS_ws/install/first_package_msgs/include/first_package_msgs/first_package_msgs/msg/detail/cmd_and_pose_vel__rosidl_typesupport_fastrtps_cpp.hpp
[2.599s] -- Up-to-date: /home/rds/Desktop/git_ws/ROS_ws/install/first_package_msgs/include/first_package_msgs/first_package_msgs/msg/rosidl_typesupport_fastrtps_cpp__visibility_control.h
[2.599s] -- Up-to-date: /home/rds/Desktop/git_ws/ROS_ws/install/first_package_msgs/include/first_package_msgs/first_package_msgs/srv
[2.599s] -- Up-to-date: /home/rds/Desktop/git_ws/ROS_ws/install/first_package_msgs/include/first_package_msgs/first_package_msgs/srv/detail
[2.599s] -- Installing: /home/rds/Desktop/git_ws/ROS_ws/install/first_package_msgs/include/first_package_msgs/first_package_msgs/srv/detail/dds_fastrtps
[2.599s] -- Installing: /home/rds/Desktop/git_ws/ROS_ws/install/first_package_msgs/include/first_package_msgs/first_package_msgs/srv/detail/multi_spawn__rosidl_typesupport_fastrtps_cpp.hpp
[2.599s] -- Installing: /home/rds/Desktop/git_ws/ROS_ws/install/first_package_msgs/lib/libfirst_package_msgs__rosidl_typesupport_fastrtps_cpp.so
[2.599s] -- Set runtime path of "/home/rds/Desktop/git_ws/ROS_ws/install/first_package_msgs/lib/libfirst_package_msgs__rosidl_typesupport_fastrtps_cpp.so" to ""
[2.599s] -- Up-to-date: /home/rds/Desktop/git_ws/ROS_ws/install/first_package_msgs/include/first_package_msgs/first_package_msgs
[2.599s] -- Up-to-date: /home/rds/Desktop/git_ws/ROS_ws/install/first_package_msgs/include/first_package_msgs/first_package_msgs/msg
[2.599s] -- Up-to-date: /home/rds/Desktop/git_ws/ROS_ws/install/first_package_msgs/include/first_package_msgs/first_package_msgs/msg/detail
[2.599s] -- Installing: /home/rds/Desktop/git_ws/ROS_ws/install/first_package_msgs/include/first_package_msgs/first_package_msgs/msg/detail/cmd_and_pose_vel__rosidl_typesupport_introspection_cpp.hpp
[2.600s] -- Installing: /home/rds/Desktop/git_ws/ROS_ws/install/first_package_msgs/include/first_package_msgs/first_package_msgs/msg/detail/cmd_and_pose_vel__type_support.cpp
[2.600s] -- Up-to-date: /home/rds/Desktop/git_ws/ROS_ws/install/first_package_msgs/include/first_package_msgs/first_package_msgs/srv
[2.600s] -- Up-to-date: /home/rds/Desktop/git_ws/ROS_ws/install/first_package_msgs/include/first_package_msgs/first_package_msgs/srv/detail
[2.600s] -- Installing: /home/rds/Desktop/git_ws/ROS_ws/install/first_package_msgs/include/first_package_msgs/first_package_msgs/srv/detail/multi_spawn__type_support.cpp
[2.600s] -- Installing: /home/rds/Desktop/git_ws/ROS_ws/install/first_package_msgs/include/first_package_msgs/first_package_msgs/srv/detail/multi_spawn__rosidl_typesupport_introspection_cpp.hpp
[2.600s] -- Installing: /home/rds/Desktop/git_ws/ROS_ws/install/first_package_msgs/lib/libfirst_package_msgs__rosidl_typesupport_introspection_cpp.so
[2.600s] -- Set runtime path of "/home/rds/Desktop/git_ws/ROS_ws/install/first_package_msgs/lib/libfirst_package_msgs__rosidl_typesupport_introspection_cpp.so" to ""
[2.600s] -- Installing: /home/rds/Desktop/git_ws/ROS_ws/install/first_package_msgs/lib/libfirst_package_msgs__rosidl_typesupport_cpp.so
[2.600s] -- Set runtime path of "/home/rds/Desktop/git_ws/ROS_ws/install/first_package_msgs/lib/libfirst_package_msgs__rosidl_typesupport_cpp.so" to ""
[2.600s] -- Up-to-date: /home/rds/Desktop/git_ws/ROS_ws/install/first_package_msgs/share/first_package_msgs/environment/pythonpath.sh
[2.600s] -- Installing: /home/rds/Desktop/git_ws/ROS_ws/install/first_package_msgs/share/first_package_msgs/environment/pythonpath.dsv
[2.600s] -- Up-to-date: /home/rds/Desktop/git_ws/ROS_ws/install/first_package_msgs/local/lib/python3.10/dist-packages/first_package_msgs-0.0.0-py3.10.egg-info
[2.600s] -- Installing: /home/rds/Desktop/git_ws/ROS_ws/install/first_package_msgs/local/lib/python3.10/dist-packages/first_package_msgs-0.0.0-py3.10.egg-info/top_level.txt
[2.600s] -- Installing: /home/rds/Desktop/git_ws/ROS_ws/install/first_package_msgs/local/lib/python3.10/dist-packages/first_package_msgs-0.0.0-py3.10.egg-info/SOURCES.txt
[2.600s] -- Installing: /home/rds/Desktop/git_ws/ROS_ws/install/first_package_msgs/local/lib/python3.10/dist-packages/first_package_msgs-0.0.0-py3.10.egg-info/dependency_links.txt
[2.600s] -- Installing: /home/rds/Desktop/git_ws/ROS_ws/install/first_package_msgs/local/lib/python3.10/dist-packages/first_package_msgs-0.0.0-py3.10.egg-info/PKG-INFO
[2.600s] -- Up-to-date: /home/rds/Desktop/git_ws/ROS_ws/install/first_package_msgs/local/lib/python3.10/dist-packages/first_package_msgs
[2.600s] -- Up-to-date: /home/rds/Desktop/git_ws/ROS_ws/install/first_package_msgs/local/lib/python3.10/dist-packages/first_package_msgs/msg
[2.600s] -- Installing: /home/rds/Desktop/git_ws/ROS_ws/install/first_package_msgs/local/lib/python3.10/dist-packages/first_package_msgs/msg/__init__.py
[2.600s] -- Installing: /home/rds/Desktop/git_ws/ROS_ws/install/first_package_msgs/local/lib/python3.10/dist-packages/first_package_msgs/msg/_cmd_and_pose_vel_s.c
[2.601s] -- Installing: /home/rds/Desktop/git_ws/ROS_ws/install/first_package_msgs/local/lib/python3.10/dist-packages/first_package_msgs/msg/_cmd_and_pose_vel.py
[2.601s] -- Installing: /home/rds/Desktop/git_ws/ROS_ws/install/first_package_msgs/local/lib/python3.10/dist-packages/first_package_msgs/first_package_msgs_s__rosidl_typesupport_introspection_c.cpython-310-x86_64-linux-gnu.so
[2.601s] -- Installing: /home/rds/Desktop/git_ws/ROS_ws/install/first_package_msgs/local/lib/python3.10/dist-packages/first_package_msgs/_first_package_msgs_s.ep.rosidl_typesupport_c.c
[2.601s] -- Installing: /home/rds/Desktop/git_ws/ROS_ws/install/first_package_msgs/local/lib/python3.10/dist-packages/first_package_msgs/srv
[2.601s] -- Installing: /home/rds/Desktop/git_ws/ROS_ws/install/first_package_msgs/local/lib/python3.10/dist-packages/first_package_msgs/srv/__init__.py
[2.601s] -- Installing: /home/rds/Desktop/git_ws/ROS_ws/install/first_package_msgs/local/lib/python3.10/dist-packages/first_package_msgs/srv/_multi_spawn.py
[2.601s] -- Installing: /home/rds/Desktop/git_ws/ROS_ws/install/first_package_msgs/local/lib/python3.10/dist-packages/first_package_msgs/srv/_multi_spawn_s.c
[2.601s] -- Installing: /home/rds/Desktop/git_ws/ROS_ws/install/first_package_msgs/local/lib/python3.10/dist-packages/first_package_msgs/__init__.py
[2.601s] -- Installing: /home/rds/Desktop/git_ws/ROS_ws/install/first_package_msgs/local/lib/python3.10/dist-packages/first_package_msgs/first_package_msgs_s__rosidl_typesupport_fastrtps_c.cpython-310-x86_64-linux-gnu.so
[2.601s] -- Installing: /home/rds/Desktop/git_ws/ROS_ws/install/first_package_msgs/local/lib/python3.10/dist-packages/first_package_msgs/_first_package_msgs_s.ep.rosidl_typesupport_fastrtps_c.c
[2.601s] -- Installing: /home/rds/Desktop/git_ws/ROS_ws/install/first_package_msgs/local/lib/python3.10/dist-packages/first_package_msgs/_first_package_msgs_s.ep.rosidl_typesupport_introspection_c.c
[2.601s] -- Installing: /home/rds/Desktop/git_ws/ROS_ws/install/first_package_msgs/local/lib/python3.10/dist-packages/first_package_msgs/first_package_msgs_s__rosidl_typesupport_c.cpython-310-x86_64-linux-gnu.so
[2.601s] -- Installing: /home/rds/Desktop/git_ws/ROS_ws/install/first_package_msgs/local/lib/python3.10/dist-packages/first_package_msgs/libfirst_package_msgs__rosidl_generator_py.so
[2.626s] Listing '/home/rds/Desktop/git_ws/ROS_ws/install/first_package_msgs/local/lib/python3.10/dist-packages/first_package_msgs'...
[2.626s] Compiling '/home/rds/Desktop/git_ws/ROS_ws/install/first_package_msgs/local/lib/python3.10/dist-packages/first_package_msgs/__init__.py'...
[2.626s] Listing '/home/rds/Desktop/git_ws/ROS_ws/install/first_package_msgs/local/lib/python3.10/dist-packages/first_package_msgs/msg'...
[2.626s] Compiling '/home/rds/Desktop/git_ws/ROS_ws/install/first_package_msgs/local/lib/python3.10/dist-packages/first_package_msgs/msg/__init__.py'...
[2.626s] Compiling '/home/rds/Desktop/git_ws/ROS_ws/install/first_package_msgs/local/lib/python3.10/dist-packages/first_package_msgs/msg/_cmd_and_pose_vel.py'...
[2.626s] Listing '/home/rds/Desktop/git_ws/ROS_ws/install/first_package_msgs/local/lib/python3.10/dist-packages/first_package_msgs/srv'...
[2.626s] Compiling '/home/rds/Desktop/git_ws/ROS_ws/install/first_package_msgs/local/lib/python3.10/dist-packages/first_package_msgs/srv/__init__.py'...
[2.626s] Compiling '/home/rds/Desktop/git_ws/ROS_ws/install/first_package_msgs/local/lib/python3.10/dist-packages/first_package_msgs/srv/_multi_spawn.py'...
[2.629s] -- Installing: /home/rds/Desktop/git_ws/ROS_ws/install/first_package_msgs/local/lib/python3.10/dist-packages/first_package_msgs/first_package_msgs_s__rosidl_typesupport_fastrtps_c.cpython-310-x86_64-linux-gnu.so
[2.629s] -- Set runtime path of "/home/rds/Desktop/git_ws/ROS_ws/install/first_package_msgs/local/lib/python3.10/dist-packages/first_package_msgs/first_package_msgs_s__rosidl_typesupport_fastrtps_c.cpython-310-x86_64-linux-gnu.so" to ""
[2.629s] -- Installing: /home/rds/Desktop/git_ws/ROS_ws/install/first_package_msgs/local/lib/python3.10/dist-packages/first_package_msgs/first_package_msgs_s__rosidl_typesupport_introspection_c.cpython-310-x86_64-linux-gnu.so
[2.629s] -- Set runtime path of "/home/rds/Desktop/git_ws/ROS_ws/install/first_package_msgs/local/lib/python3.10/dist-packages/first_package_msgs/first_package_msgs_s__rosidl_typesupport_introspection_c.cpython-310-x86_64-linux-gnu.so" to ""
[2.629s] -- Installing: /home/rds/Desktop/git_ws/ROS_ws/install/first_package_msgs/local/lib/python3.10/dist-packages/first_package_msgs/first_package_msgs_s__rosidl_typesupport_c.cpython-310-x86_64-linux-gnu.so
[2.629s] -- Set runtime path of "/home/rds/Desktop/git_ws/ROS_ws/install/first_package_msgs/local/lib/python3.10/dist-packages/first_package_msgs/first_package_msgs_s__rosidl_typesupport_c.cpython-310-x86_64-linux-gnu.so" to ""
[2.629s] -- Installing: /home/rds/Desktop/git_ws/ROS_ws/install/first_package_msgs/lib/libfirst_package_msgs__rosidl_generator_py.so
[2.630s] -- Set runtime path of "/home/rds/Desktop/git_ws/ROS_ws/install/first_package_msgs/lib/libfirst_package_msgs__rosidl_generator_py.so" to ""
[2.630s] -- Up-to-date: /home/rds/Desktop/git_ws/ROS_ws/install/first_package_msgs/share/first_package_msgs/msg/CmdAndPoseVel.idl
[2.630s] -- Installing: /home/rds/Desktop/git_ws/ROS_ws/install/first_package_msgs/share/first_package_msgs/srv/MultiSpawn.idl
[2.630s] -- Up-to-date: /home/rds/Desktop/git_ws/ROS_ws/install/first_package_msgs/share/first_package_msgs/msg/CmdAndPoseVel.msg
[2.630s] -- Installing: /home/rds/Desktop/git_ws/ROS_ws/install/first_package_msgs/share/first_package_msgs/srv/MultiSpawn.srv
[2.630s] -- Installing: /home/rds/Desktop/git_ws/ROS_ws/install/first_package_msgs/share/first_package_msgs/srv/MultiSpawn_Request.msg
[2.630s] -- Installing: /home/rds/Desktop/git_ws/ROS_ws/install/first_package_msgs/share/first_package_msgs/srv/MultiSpawn_Response.msg
[2.630s] -- Up-to-date: /home/rds/Desktop/git_ws/ROS_ws/install/first_package_msgs/share/ament_index/resource_index/package_run_dependencies/first_package_msgs
[2.630s] -- Up-to-date: /home/rds/Desktop/git_ws/ROS_ws/install/first_package_msgs/share/ament_index/resource_index/parent_prefix_path/first_package_msgs
[2.630s] -- Up-to-date: /home/rds/Desktop/git_ws/ROS_ws/install/first_package_msgs/share/first_package_msgs/environment/ament_prefix_path.sh
[2.630s] -- Installing: /home/rds/Desktop/git_ws/ROS_ws/install/first_package_msgs/share/first_package_msgs/environment/ament_prefix_path.dsv
[2.631s] -- Up-to-date: /home/rds/Desktop/git_ws/ROS_ws/install/first_package_msgs/share/first_package_msgs/environment/path.sh
[2.631s] -- Installing: /home/rds/Desktop/git_ws/ROS_ws/install/first_package_msgs/share/first_package_msgs/environment/path.dsv
[2.631s] -- Up-to-date: /home/rds/Desktop/git_ws/ROS_ws/install/first_package_msgs/share/first_package_msgs/local_setup.bash
[2.631s] -- Up-to-date: /home/rds/Desktop/git_ws/ROS_ws/install/first_package_msgs/share/first_package_msgs/local_setup.sh
[2.631s] -- Up-to-date: /home/rds/Desktop/git_ws/ROS_ws/install/first_package_msgs/share/first_package_msgs/local_setup.zsh
[2.631s] -- Installing: /home/rds/Desktop/git_ws/ROS_ws/install/first_package_msgs/share/first_package_msgs/local_setup.dsv
[2.631s] -- Installing: /home/rds/Desktop/git_ws/ROS_ws/install/first_package_msgs/share/first_package_msgs/package.dsv
[2.631s] -- Up-to-date: /home/rds/Desktop/git_ws/ROS_ws/install/first_package_msgs/share/ament_index/resource_index/packages/first_package_msgs
[2.631s] -- Up-to-date: /home/rds/Desktop/git_ws/ROS_ws/install/first_package_msgs/share/first_package_msgs/cmake/export_first_package_msgs__rosidl_generator_cExport.cmake
[2.631s] -- Up-to-date: /home/rds/Desktop/git_ws/ROS_ws/install/first_package_msgs/share/first_package_msgs/cmake/export_first_package_msgs__rosidl_generator_cExport-noconfig.cmake
[2.631s] -- Up-to-date: /home/rds/Desktop/git_ws/ROS_ws/install/first_package_msgs/share/first_package_msgs/cmake/export_first_package_msgs__rosidl_typesupport_fastrtps_cExport.cmake
[2.631s] -- Up-to-date: /home/rds/Desktop/git_ws/ROS_ws/install/first_package_msgs/share/first_package_msgs/cmake/export_first_package_msgs__rosidl_typesupport_fastrtps_cExport-noconfig.cmake
[2.631s] -- Up-to-date: /home/rds/Desktop/git_ws/ROS_ws/install/first_package_msgs/share/first_package_msgs/cmake/first_package_msgs__rosidl_typesupport_introspection_cExport.cmake
[2.631s] -- Up-to-date: /home/rds/Desktop/git_ws/ROS_ws/install/first_package_msgs/share/first_package_msgs/cmake/first_package_msgs__rosidl_typesupport_introspection_cExport-noconfig.cmake
[2.631s] -- Up-to-date: /home/rds/Desktop/git_ws/ROS_ws/install/first_package_msgs/share/first_package_msgs/cmake/first_package_msgs__rosidl_typesupport_cExport.cmake
[2.631s] -- Up-to-date: /home/rds/Desktop/git_ws/ROS_ws/install/first_package_msgs/share/first_package_msgs/cmake/first_package_msgs__rosidl_typesupport_cExport-noconfig.cmake
[2.631s] -- Up-to-date: /home/rds/Desktop/git_ws/ROS_ws/install/first_package_msgs/share/first_package_msgs/cmake/export_first_package_msgs__rosidl_generator_cppExport.cmake
[2.631s] -- Up-to-date: /home/rds/Desktop/git_ws/ROS_ws/install/first_package_msgs/share/first_package_msgs/cmake/export_first_package_msgs__rosidl_typesupport_fastrtps_cppExport.cmake
[2.632s] -- Up-to-date: /home/rds/Desktop/git_ws/ROS_ws/install/first_package_msgs/share/first_package_msgs/cmake/export_first_package_msgs__rosidl_typesupport_fastrtps_cppExport-noconfig.cmake
[2.632s] -- Up-to-date: /home/rds/Desktop/git_ws/ROS_ws/install/first_package_msgs/share/first_package_msgs/cmake/first_package_msgs__rosidl_typesupport_introspection_cppExport.cmake
[2.632s] -- Up-to-date: /home/rds/Desktop/git_ws/ROS_ws/install/first_package_msgs/share/first_package_msgs/cmake/first_package_msgs__rosidl_typesupport_introspection_cppExport-noconfig.cmake
[2.632s] -- Up-to-date: /home/rds/Desktop/git_ws/ROS_ws/install/first_package_msgs/share/first_package_msgs/cmake/first_package_msgs__rosidl_typesupport_cppExport.cmake
[2.632s] -- Up-to-date: /home/rds/Desktop/git_ws/ROS_ws/install/first_package_msgs/share/first_package_msgs/cmake/first_package_msgs__rosidl_typesupport_cppExport-noconfig.cmake
[2.632s] -- Up-to-date: /home/rds/Desktop/git_ws/ROS_ws/install/first_package_msgs/share/first_package_msgs/cmake/export_first_package_msgs__rosidl_generator_pyExport.cmake
[2.632s] -- Up-to-date: /home/rds/Desktop/git_ws/ROS_ws/install/first_package_msgs/share/first_package_msgs/cmake/export_first_package_msgs__rosidl_generator_pyExport-noconfig.cmake
[2.632s] -- Installing: /home/rds/Desktop/git_ws/ROS_ws/install/first_package_msgs/share/first_package_msgs/cmake/rosidl_cmake-extras.cmake
[2.632s] -- Up-to-date: /home/rds/Desktop/git_ws/ROS_ws/install/first_package_msgs/share/first_package_msgs/cmake/ament_cmake_export_include_directories-extras.cmake
[2.632s] -- Up-to-date: /home/rds/Desktop/git_ws/ROS_ws/install/first_package_msgs/share/first_package_msgs/cmake/ament_cmake_export_libraries-extras.cmake
[2.632s] -- Up-to-date: /home/rds/Desktop/git_ws/ROS_ws/install/first_package_msgs/share/first_package_msgs/cmake/ament_cmake_export_targets-extras.cmake
[2.632s] -- Up-to-date: /home/rds/Desktop/git_ws/ROS_ws/install/first_package_msgs/share/first_package_msgs/cmake/rosidl_cmake_export_typesupport_targets-extras.cmake
[2.632s] -- Up-to-date: /home/rds/Desktop/git_ws/ROS_ws/install/first_package_msgs/share/first_package_msgs/cmake/ament_cmake_export_dependencies-extras.cmake
[2.632s] -- Up-to-date: /home/rds/Desktop/git_ws/ROS_ws/install/first_package_msgs/share/first_package_msgs/cmake/rosidl_cmake_export_typesupport_libraries-extras.cmake
[2.632s] -- Up-to-date: /home/rds/Desktop/git_ws/ROS_ws/install/first_package_msgs/share/first_package_msgs/cmake/first_package_msgsConfig.cmake
[2.632s] -- Up-to-date: /home/rds/Desktop/git_ws/ROS_ws/install/first_package_msgs/share/first_package_msgs/cmake/first_package_msgsConfig-version.cmake
[2.632s] -- Up-to-date: /home/rds/Desktop/git_ws/ROS_ws/install/first_package_msgs/share/first_package_msgs/package.xml
[2.633s] Invoked command in '/home/rds/Desktop/git_ws/ROS_ws/build/first_package_msgs' returned '0': CMAKE_PREFIX_PATH=${CMAKE_PREFIX_PATH}:/home/rds/Desktop/git_ws/ROS_ws/install/first_package:/opt/ros/humble /usr/bin/cmake --install /home/rds/Desktop/git_ws/ROS_ws/build/first_package_msgs
