[0.017s] Invoking command in '/home/rds/Desktop/git_ws/ROS_ws/build/first_cpp_pkg': CMAKE_PREFIX_PATH=${CMAKE_PREFIX_PATH}:/home/rds/Desktop/git_ws/ROS_ws/install/opencv_tutorials:/home/rds/Desktop/git_ws/ROS_ws/install/first_package:/opt/ros/humble /usr/bin/cmake --build /home/rds/Desktop/git_ws/ROS_ws/build/first_cpp_pkg -- -j8 -l8
[0.202s] -- Found ament_cmake: 1.3.8 (/opt/ros/humble/share/ament_cmake/cmake)
[0.202s] -- Found rclcpp: 16.0.8 (/opt/ros/humble/share/rclcpp/cmake)
[0.202s] -- Found rosidl_generator_c: 3.1.5 (/opt/ros/humble/share/rosidl_generator_c/cmake)
[0.202s] -- Found rosidl_adapter: 3.1.5 (/opt/ros/humble/share/rosidl_adapter/cmake)
[0.203s] -- Found rosidl_generator_cpp: 3.1.5 (/opt/ros/humble/share/rosidl_generator_cpp/cmake)
[0.203s] -- Using all available rosidl_typesupport_c: rosidl_typesupport_fastrtps_c;rosidl_typesupport_introspection_c
[0.203s] -- Using all available rosidl_typesupport_cpp: rosidl_typesupport_fastrtps_cpp;rosidl_typesupport_introspection_cpp
[0.203s] -- Found rmw_implementation_cmake: 6.1.1 (/opt/ros/humble/share/rmw_implementation_cmake/cmake)
[0.203s] -- Found rmw_fastrtps_cpp: 6.2.6 (/opt/ros/humble/share/rmw_fastrtps_cpp/cmake)
[0.290s] -- Using RMW implementation 'rmw_fastrtps_cpp' as default
[0.405s] -- Found geometry_msgs: 4.2.3 (/opt/ros/humble/share/geometry_msgs/cmake)
[0.439s] -- Found ament_lint_auto: 0.12.10 (/opt/ros/humble/share/ament_lint_auto/cmake)
[0.532s] -- Added test 'cppcheck' to perform static code analysis on C / C++ code
[0.532s] -- Configured cppcheck include dirs: 
[0.532s] -- Configured cppcheck exclude dirs and/or files: 
[0.532s] -- Added test 'lint_cmake' to check CMake code style
[0.532s] -- Added test 'uncrustify' to check C / C++ code style
[0.532s] -- Configured uncrustify additional arguments: 
[0.532s] -- Added test 'xmllint' to check XML markup files
[0.534s] -- Configuring done
[0.556s] -- Generating done
[0.557s] -- Build files have been written to: /home/rds/Desktop/git_ws/ROS_ws/build/first_cpp_pkg
[0.588s] [35m[1mConsolidate compiler generated dependencies of target listener[0m
[0.589s] [35m[1mConsolidate compiler generated dependencies of target talker[0m
[0.600s] [ 16%] [32mBuilding CXX object CMakeFiles/turtle_talker.dir/src/publisher.cpp.o[0m
[0.607s] [ 50%] Built target listener
[0.608s] [ 83%] Built target talker
[3.713s] [100%] [32m[1mLinking CXX executable turtle_talker[0m
[3.867s] [100%] Built target turtle_talker
[3.876s] Invoked command in '/home/rds/Desktop/git_ws/ROS_ws/build/first_cpp_pkg' returned '0': CMAKE_PREFIX_PATH=${CMAKE_PREFIX_PATH}:/home/rds/Desktop/git_ws/ROS_ws/install/opencv_tutorials:/home/rds/Desktop/git_ws/ROS_ws/install/first_package:/opt/ros/humble /usr/bin/cmake --build /home/rds/Desktop/git_ws/ROS_ws/build/first_cpp_pkg -- -j8 -l8
[3.898s] Invoking command in '/home/rds/Desktop/git_ws/ROS_ws/build/first_cpp_pkg': CMAKE_PREFIX_PATH=${CMAKE_PREFIX_PATH}:/home/rds/Desktop/git_ws/ROS_ws/install/opencv_tutorials:/home/rds/Desktop/git_ws/ROS_ws/install/first_package:/opt/ros/humble /usr/bin/cmake --install /home/rds/Desktop/git_ws/ROS_ws/build/first_cpp_pkg
[3.904s] -- Install configuration: ""
[3.904s] -- Up-to-date: /home/rds/Desktop/git_ws/ROS_ws/install/first_cpp_pkg/lib/first_cpp_pkg/talker
[3.904s] -- Up-to-date: /home/rds/Desktop/git_ws/ROS_ws/install/first_cpp_pkg/lib/first_cpp_pkg/listener
[3.904s] -- Up-to-date: /home/rds/Desktop/git_ws/ROS_ws/install/first_cpp_pkg/share/ament_index/resource_index/package_run_dependencies/first_cpp_pkg
[3.904s] -- Installing: /home/rds/Desktop/git_ws/ROS_ws/install/first_cpp_pkg/share/ament_index/resource_index/parent_prefix_path/first_cpp_pkg
[3.904s] -- Up-to-date: /home/rds/Desktop/git_ws/ROS_ws/install/first_cpp_pkg/share/first_cpp_pkg/environment/ament_prefix_path.sh
[3.905s] -- Installing: /home/rds/Desktop/git_ws/ROS_ws/install/first_cpp_pkg/share/first_cpp_pkg/environment/ament_prefix_path.dsv
[3.905s] -- Up-to-date: /home/rds/Desktop/git_ws/ROS_ws/install/first_cpp_pkg/share/first_cpp_pkg/environment/path.sh
[3.905s] -- Installing: /home/rds/Desktop/git_ws/ROS_ws/install/first_cpp_pkg/share/first_cpp_pkg/environment/path.dsv
[3.905s] -- Up-to-date: /home/rds/Desktop/git_ws/ROS_ws/install/first_cpp_pkg/share/first_cpp_pkg/local_setup.bash
[3.905s] -- Up-to-date: /home/rds/Desktop/git_ws/ROS_ws/install/first_cpp_pkg/share/first_cpp_pkg/local_setup.sh
[3.905s] -- Up-to-date: /home/rds/Desktop/git_ws/ROS_ws/install/first_cpp_pkg/share/first_cpp_pkg/local_setup.zsh
[3.905s] -- Installing: /home/rds/Desktop/git_ws/ROS_ws/install/first_cpp_pkg/share/first_cpp_pkg/local_setup.dsv
[3.905s] -- Installing: /home/rds/Desktop/git_ws/ROS_ws/install/first_cpp_pkg/share/first_cpp_pkg/package.dsv
[3.905s] -- Up-to-date: /home/rds/Desktop/git_ws/ROS_ws/install/first_cpp_pkg/share/ament_index/resource_index/packages/first_cpp_pkg
[3.905s] -- Up-to-date: /home/rds/Desktop/git_ws/ROS_ws/install/first_cpp_pkg/share/first_cpp_pkg/cmake/first_cpp_pkgConfig.cmake
[3.905s] -- Up-to-date: /home/rds/Desktop/git_ws/ROS_ws/install/first_cpp_pkg/share/first_cpp_pkg/cmake/first_cpp_pkgConfig-version.cmake
[3.905s] -- Up-to-date: /home/rds/Desktop/git_ws/ROS_ws/install/first_cpp_pkg/share/first_cpp_pkg/package.xml
[3.907s] Invoked command in '/home/rds/Desktop/git_ws/ROS_ws/build/first_cpp_pkg' returned '0': CMAKE_PREFIX_PATH=${CMAKE_PREFIX_PATH}:/home/rds/Desktop/git_ws/ROS_ws/install/opencv_tutorials:/home/rds/Desktop/git_ws/ROS_ws/install/first_package:/opt/ros/humble /usr/bin/cmake --install /home/rds/Desktop/git_ws/ROS_ws/build/first_cpp_pkg
