[35m[1mConsolidate compiler generated dependencies of target service_server[0m
[35m[1mConsolidate compiler generated dependencies of target turtle_cmd_and_pose[0m
[ 25%] Built target turtle_listener
[ 50%] Built target turtle_talker
[ 62%] [32mBuilding CXX object CMakeFiles/service_server.dir/src/service_server.cpp.o[0m
[ 87%] Built target turtle_cmd_and_pose
[01m[K/home/rds/Desktop/git_ws/ROS_ws/src/first_cpp_pkg/src/service_server.cpp:[m[K In constructor ‘[01m[KMultiSpawning::MultiSpawning()[m[K’:
[01m[K/home/rds/Desktop/git_ws/ROS_ws/src/first_cpp_pkg/src/service_server.cpp:10:91:[m[K [01;31m[Kerror: [m[Kinvalid use of non-static member function ‘[01m[Kvoid MultiSpawning::Service_callback(first_package_msgs::srv::MultiSpawn&)[m[K’
   10 |         server = this->create_service<first_package_msgs::srv::MultiSpawn>("multi_spawn", [01;31m[KService_callback[m[K);
      |                                                                                           [01;31m[K^~~~~~~~~~~~~~~~[m[K
[01m[K/home/rds/Desktop/git_ws/ROS_ws/src/first_cpp_pkg/src/service_server.cpp:14:10:[m[K [01;36m[Knote: [m[Kdeclared here
   14 |     void [01;36m[KService_callback[m[K(first_package_msgs::srv::MultiSpawn & req){
      |          [01;36m[K^~~~~~~~~~~~~~~~[m[K
[01m[K/home/rds/Desktop/git_ws/ROS_ws/src/first_cpp_pkg/src/service_server.cpp:[m[K In member function ‘[01m[Kvoid MultiSpawning::Service_callback(first_package_msgs::srv::MultiSpawn&)[m[K’:
[01m[K/home/rds/Desktop/git_ws/ROS_ws/src/first_cpp_pkg/src/service_server.cpp:14:65:[m[K [01;35m[Kwarning: [m[Kunused parameter ‘[01m[Kreq[m[K’ [[01;35m[K]8;;https://gcc.gnu.org/onlinedocs/gcc/Warning-Options.html#index-Wunused-parameter-Wunused-parameter]8;;[m[K]
   14 |     void Service_callback([01;35m[Kfirst_package_msgs::srv::MultiSpawn & req[m[K){
      |                           [01;35m[K~~~~~~~~~~~~~~~~~~~~~~~~~~~~~~~~~~~~~~^~~[m[K
gmake[2]: *** [CMakeFiles/service_server.dir/build.make:76: CMakeFiles/service_server.dir/src/service_server.cpp.o] Error 1
gmake[1]: *** [CMakeFiles/Makefile2:221: CMakeFiles/service_server.dir/all] Error 2
gmake: *** [Makefile:146: all] Error 2
