[0.013s] Invoking command in '/home/rds/Desktop/git_ws/ROS_ws/build/first_cpp_pkg': CMAKE_PREFIX_PATH=/home/rds/Desktop/git_ws/ROS_ws/install/first_package_msgs:/home/rds/Desktop/git_ws/ROS_ws/install/first_cpp_pkg:/home/rds/Desktop/git_ws/ROS_ws/install/first_package_cpp:/home/rds/Desktop/git_ws/ROS_ws/install/opencv_tutorials:/home/rds/Desktop/git_ws/ROS_ws/install/first_package:/opt/ros/humble LD_LIBRARY_PATH=/home/rds/Desktop/git_ws/ROS_ws/install/first_package_msgs/lib:/opt/ros/humble/opt/rviz_ogre_vendor/lib:/opt/ros/humble/lib/x86_64-linux-gnu:/opt/ros/humble/lib:/usr/local/cuda-11.8/lib64:/usr/local/cuda-11.8/lib64/ /usr/bin/cmake --build /home/rds/Desktop/git_ws/ROS_ws/build/first_cpp_pkg -- -j8 -l8
[0.049s] [35m[1mConsolidate compiler generated dependencies of target service_server[0m
[0.058s] [35m[1mConsolidate compiler generated dependencies of target turtle_cmd_and_pose[0m
[0.066s] [ 25%] Built target turtle_listener
[0.071s] [ 50%] Built target turtle_talker
[0.071s] [ 62%] [32mBuilding CXX object CMakeFiles/service_server.dir/src/service_server.cpp.o[0m
[0.074s] [ 87%] Built target turtle_cmd_and_pose
[1.824s] [01m[K/home/rds/Desktop/git_ws/ROS_ws/src/first_cpp_pkg/src/service_server.cpp:[m[K In constructor ‘[01m[KMultiSpawning::MultiSpawning()[m[K’:
[1.825s] [01m[K/home/rds/Desktop/git_ws/ROS_ws/src/first_cpp_pkg/src/service_server.cpp:10:91:[m[K [01;31m[Kerror: [m[Kinvalid use of non-static member function ‘[01m[Kvoid MultiSpawning::Service_callback(first_package_msgs::srv::MultiSpawn&)[m[K’
[1.825s]    10 |         server = this->create_service<first_package_msgs::srv::MultiSpawn>("multi_spawn", [01;31m[KService_callback[m[K);
[1.825s]       |                                                                                           [01;31m[K^~~~~~~~~~~~~~~~[m[K
[1.825s] [01m[K/home/rds/Desktop/git_ws/ROS_ws/src/first_cpp_pkg/src/service_server.cpp:14:10:[m[K [01;36m[Knote: [m[Kdeclared here
[1.825s]    14 |     void [01;36m[KService_callback[m[K(first_package_msgs::srv::MultiSpawn & req){
[1.825s]       |          [01;36m[K^~~~~~~~~~~~~~~~[m[K
[1.825s] [01m[K/home/rds/Desktop/git_ws/ROS_ws/src/first_cpp_pkg/src/service_server.cpp:[m[K In member function ‘[01m[Kvoid MultiSpawning::Service_callback(first_package_msgs::srv::MultiSpawn&)[m[K’:
[1.825s] [01m[K/home/rds/Desktop/git_ws/ROS_ws/src/first_cpp_pkg/src/service_server.cpp:14:65:[m[K [01;35m[Kwarning: [m[Kunused parameter ‘[01m[Kreq[m[K’ [[01;35m[K]8;;https://gcc.gnu.org/onlinedocs/gcc/Warning-Options.html#index-Wunused-parameter-Wunused-parameter]8;;[m[K]
[1.825s]    14 |     void Service_callback([01;35m[Kfirst_package_msgs::srv::MultiSpawn & req[m[K){
[1.825s]       |                           [01;35m[K~~~~~~~~~~~~~~~~~~~~~~~~~~~~~~~~~~~~~~^~~[m[K
[2.153s] gmake[2]: *** [CMakeFiles/service_server.dir/build.make:76: CMakeFiles/service_server.dir/src/service_server.cpp.o] Error 1
[2.153s] gmake[1]: *** [CMakeFiles/Makefile2:221: CMakeFiles/service_server.dir/all] Error 2
[2.153s] gmake: *** [Makefile:146: all] Error 2
[2.155s] Invoked command in '/home/rds/Desktop/git_ws/ROS_ws/build/first_cpp_pkg' returned '2': CMAKE_PREFIX_PATH=/home/rds/Desktop/git_ws/ROS_ws/install/first_package_msgs:/home/rds/Desktop/git_ws/ROS_ws/install/first_cpp_pkg:/home/rds/Desktop/git_ws/ROS_ws/install/first_package_cpp:/home/rds/Desktop/git_ws/ROS_ws/install/opencv_tutorials:/home/rds/Desktop/git_ws/ROS_ws/install/first_package:/opt/ros/humble LD_LIBRARY_PATH=/home/rds/Desktop/git_ws/ROS_ws/install/first_package_msgs/lib:/opt/ros/humble/opt/rviz_ogre_vendor/lib:/opt/ros/humble/lib/x86_64-linux-gnu:/opt/ros/humble/lib:/usr/local/cuda-11.8/lib64:/usr/local/cuda-11.8/lib64/ /usr/bin/cmake --build /home/rds/Desktop/git_ws/ROS_ws/build/first_cpp_pkg -- -j8 -l8
