[0.422s] Invoking command in '/home/rds/Desktop/git_ws/ROS_ws/src/first_package': PYTHONPATH=/home/rds/Desktop/git_ws/ROS_ws/build/first_package/prefix_override:/home/rds/Desktop/git_ws/ROS_ws/install/first_package/lib/python3.10/site-packages:${PYTHONPATH} /usr/bin/python3 -W ignore:setup.py install is deprecated setup.py egg_info --egg-base ../../build/first_package build --build-base /home/rds/Desktop/git_ws/ROS_ws/build/first_package/build install --record /home/rds/Desktop/git_ws/ROS_ws/build/first_package/install.log --single-version-externally-managed install_data
[0.581s] running egg_info
[0.582s] writing ../../build/first_package/first_package.egg-info/PKG-INFO
[0.582s] writing dependency_links to ../../build/first_package/first_package.egg-info/dependency_links.txt
[0.582s] writing entry points to ../../build/first_package/first_package.egg-info/entry_points.txt
[0.582s] writing requirements to ../../build/first_package/first_package.egg-info/requires.txt
[0.582s] writing top-level names to ../../build/first_package/first_package.egg-info/top_level.txt
[0.583s] reading manifest file '../../build/first_package/first_package.egg-info/SOURCES.txt'
[0.583s] writing manifest file '../../build/first_package/first_package.egg-info/SOURCES.txt'
[0.583s] running build
[0.583s] running build_py
[0.583s] copying first_package/turtle_cmd_and_pose.py -> /home/rds/Desktop/git_ws/ROS_ws/build/first_package/build/lib/first_package
[0.584s] running install
[0.584s] running install_lib
[0.585s] copying /home/rds/Desktop/git_ws/ROS_ws/build/first_package/build/lib/first_package/turtle_cmd_and_pose.py -> /home/rds/Desktop/git_ws/ROS_ws/install/first_package/lib/python3.10/site-packages/first_package
[0.585s] byte-compiling /home/rds/Desktop/git_ws/ROS_ws/install/first_package/lib/python3.10/site-packages/first_package/turtle_cmd_and_pose.py to turtle_cmd_and_pose.cpython-310.pyc
[0.585s] running install_data
[0.585s] running install_egg_info
[0.586s] removing '/home/rds/Desktop/git_ws/ROS_ws/install/first_package/lib/python3.10/site-packages/first_package-0.0.0-py3.10.egg-info' (and everything under it)
[0.587s] Copying ../../build/first_package/first_package.egg-info to /home/rds/Desktop/git_ws/ROS_ws/install/first_package/lib/python3.10/site-packages/first_package-0.0.0-py3.10.egg-info
[0.587s] running install_scripts
[0.601s] Installing first_node script to /home/rds/Desktop/git_ws/ROS_ws/install/first_package/lib/first_package
[0.602s] Installing publisher script to /home/rds/Desktop/git_ws/ROS_ws/install/first_package/lib/first_package
[0.602s] Installing subscriber script to /home/rds/Desktop/git_ws/ROS_ws/install/first_package/lib/first_package
[0.602s] Installing turtle_cmd_and_pose script to /home/rds/Desktop/git_ws/ROS_ws/install/first_package/lib/first_package
[0.602s] writing list of installed files to '/home/rds/Desktop/git_ws/ROS_ws/build/first_package/install.log'
[0.620s] Invoked command in '/home/rds/Desktop/git_ws/ROS_ws/src/first_package' returned '0': PYTHONPATH=/home/rds/Desktop/git_ws/ROS_ws/build/first_package/prefix_override:/home/rds/Desktop/git_ws/ROS_ws/install/first_package/lib/python3.10/site-packages:${PYTHONPATH} /usr/bin/python3 -W ignore:setup.py install is deprecated setup.py egg_info --egg-base ../../build/first_package build --build-base /home/rds/Desktop/git_ws/ROS_ws/build/first_package/build install --record /home/rds/Desktop/git_ws/ROS_ws/build/first_package/install.log --single-version-externally-managed install_data
