[0.068s] DEBUG:colcon:Command line arguments: ['/usr/bin/colcon', 'build']
[0.068s] DEBUG:colcon:Parsed command line arguments: Namespace(log_base=None, log_level=None, verb_name='build', build_base='build', install_base='install', merge_install=False, symlink_install=False, test_result_base=None, continue_on_error=False, executor='parallel', parallel_workers=8, event_handlers=None, ignore_user_meta=False, metas=['./colcon.meta'], base_paths=['.'], packages_ignore=None, packages_ignore_regex=None, paths=None, packages_up_to=None, packages_up_to_regex=None, packages_above=None, packages_above_and_dependencies=None, packages_above_depth=None, packages_select_by_dep=None, packages_skip_by_dep=None, packages_skip_up_to=None, packages_select_build_failed=False, packages_skip_build_finished=False, packages_select_test_failures=False, packages_skip_test_passed=False, packages_select=None, packages_skip=None, packages_select_regex=None, packages_skip_regex=None, packages_start=None, packages_end=None, allow_overriding=[], cmake_args=None, cmake_target=None, cmake_target_skip_unavailable=False, cmake_clean_cache=False, cmake_clean_first=False, cmake_force_configure=False, ament_cmake_args=None, catkin_cmake_args=None, catkin_skip_building_tests=False, verb_parser=<colcon_defaults.argument_parser.defaults.DefaultArgumentsDecorator object at 0x7ddf7abf6da0>, verb_extension=<colcon_core.verb.build.BuildVerb object at 0x7ddf7acdb940>, main=<bound method BuildVerb.main of <colcon_core.verb.build.BuildVerb object at 0x7ddf7acdb940>>)
[0.187s] Level 1:colcon.colcon_core.package_discovery:discover_packages(colcon_meta) check parameters
[0.187s] Level 1:colcon.colcon_core.package_discovery:discover_packages(recursive) check parameters
[0.187s] Level 1:colcon.colcon_core.package_discovery:discover_packages(ignore) check parameters
[0.187s] Level 1:colcon.colcon_core.package_discovery:discover_packages(path) check parameters
[0.188s] Level 1:colcon.colcon_core.package_discovery:discover_packages(colcon_meta) discover
[0.188s] Level 1:colcon.colcon_core.package_discovery:discover_packages(recursive) discover
[0.188s] INFO:colcon.colcon_core.package_discovery:Crawling recursively for packages in '/home/rds/Desktop/git_ws/ROS_ws'
[0.188s] Level 1:colcon.colcon_core.package_identification:_identify(.) by extensions ['ignore', 'ignore_ament_install']
[0.188s] Level 1:colcon.colcon_core.package_identification:_identify(.) by extension 'ignore'
[0.188s] Level 1:colcon.colcon_core.package_identification:_identify(.) by extension 'ignore_ament_install'
[0.188s] Level 1:colcon.colcon_core.package_identification:_identify(.) by extensions ['colcon_pkg']
[0.188s] Level 1:colcon.colcon_core.package_identification:_identify(.) by extension 'colcon_pkg'
[0.188s] Level 1:colcon.colcon_core.package_identification:_identify(.) by extensions ['colcon_meta']
[0.188s] Level 1:colcon.colcon_core.package_identification:_identify(.) by extension 'colcon_meta'
[0.188s] Level 1:colcon.colcon_core.package_identification:_identify(.) by extensions ['ros']
[0.188s] Level 1:colcon.colcon_core.package_identification:_identify(.) by extension 'ros'
[0.195s] Level 1:colcon.colcon_core.package_identification:_identify(.) by extensions ['cmake', 'python']
[0.195s] Level 1:colcon.colcon_core.package_identification:_identify(.) by extension 'cmake'
[0.195s] Level 1:colcon.colcon_core.package_identification:_identify(.) by extension 'python'
[0.195s] Level 1:colcon.colcon_core.package_identification:_identify(.) by extensions ['python_setup_py']
[0.195s] Level 1:colcon.colcon_core.package_identification:_identify(.) by extension 'python_setup_py'
[0.195s] Level 1:colcon.colcon_core.package_identification:_identify(bag_1) by extensions ['ignore', 'ignore_ament_install']
[0.195s] Level 1:colcon.colcon_core.package_identification:_identify(bag_1) by extension 'ignore'
[0.195s] Level 1:colcon.colcon_core.package_identification:_identify(bag_1) by extension 'ignore_ament_install'
[0.195s] Level 1:colcon.colcon_core.package_identification:_identify(bag_1) by extensions ['colcon_pkg']
[0.195s] Level 1:colcon.colcon_core.package_identification:_identify(bag_1) by extension 'colcon_pkg'
[0.195s] Level 1:colcon.colcon_core.package_identification:_identify(bag_1) by extensions ['colcon_meta']
[0.195s] Level 1:colcon.colcon_core.package_identification:_identify(bag_1) by extension 'colcon_meta'
[0.195s] Level 1:colcon.colcon_core.package_identification:_identify(bag_1) by extensions ['ros']
[0.195s] Level 1:colcon.colcon_core.package_identification:_identify(bag_1) by extension 'ros'
[0.195s] Level 1:colcon.colcon_core.package_identification:_identify(bag_1) by extensions ['cmake', 'python']
[0.195s] Level 1:colcon.colcon_core.package_identification:_identify(bag_1) by extension 'cmake'
[0.195s] Level 1:colcon.colcon_core.package_identification:_identify(bag_1) by extension 'python'
[0.195s] Level 1:colcon.colcon_core.package_identification:_identify(bag_1) by extensions ['python_setup_py']
[0.195s] Level 1:colcon.colcon_core.package_identification:_identify(bag_1) by extension 'python_setup_py'
[0.196s] Level 1:colcon.colcon_core.package_identification:_identify(build) by extensions ['ignore', 'ignore_ament_install']
[0.196s] Level 1:colcon.colcon_core.package_identification:_identify(build) by extension 'ignore'
[0.196s] Level 1:colcon.colcon_core.package_identification:_identify(build) ignored
[0.196s] Level 1:colcon.colcon_core.package_identification:_identify(install) by extensions ['ignore', 'ignore_ament_install']
[0.196s] Level 1:colcon.colcon_core.package_identification:_identify(install) by extension 'ignore'
[0.196s] Level 1:colcon.colcon_core.package_identification:_identify(install) ignored
[0.196s] Level 1:colcon.colcon_core.package_identification:_identify(log) by extensions ['ignore', 'ignore_ament_install']
[0.196s] Level 1:colcon.colcon_core.package_identification:_identify(log) by extension 'ignore'
[0.196s] Level 1:colcon.colcon_core.package_identification:_identify(log) ignored
[0.196s] Level 1:colcon.colcon_core.package_identification:_identify(src) by extensions ['ignore', 'ignore_ament_install']
[0.196s] Level 1:colcon.colcon_core.package_identification:_identify(src) by extension 'ignore'
[0.196s] Level 1:colcon.colcon_core.package_identification:_identify(src) by extension 'ignore_ament_install'
[0.196s] Level 1:colcon.colcon_core.package_identification:_identify(src) by extensions ['colcon_pkg']
[0.196s] Level 1:colcon.colcon_core.package_identification:_identify(src) by extension 'colcon_pkg'
[0.196s] Level 1:colcon.colcon_core.package_identification:_identify(src) by extensions ['colcon_meta']
[0.196s] Level 1:colcon.colcon_core.package_identification:_identify(src) by extension 'colcon_meta'
[0.196s] Level 1:colcon.colcon_core.package_identification:_identify(src) by extensions ['ros']
[0.196s] Level 1:colcon.colcon_core.package_identification:_identify(src) by extension 'ros'
[0.196s] Level 1:colcon.colcon_core.package_identification:_identify(src) by extensions ['cmake', 'python']
[0.196s] Level 1:colcon.colcon_core.package_identification:_identify(src) by extension 'cmake'
[0.196s] Level 1:colcon.colcon_core.package_identification:_identify(src) by extension 'python'
[0.196s] Level 1:colcon.colcon_core.package_identification:_identify(src) by extensions ['python_setup_py']
[0.196s] Level 1:colcon.colcon_core.package_identification:_identify(src) by extension 'python_setup_py'
[0.197s] Level 1:colcon.colcon_core.package_identification:_identify(src/first_cpp_pkg) by extensions ['ignore', 'ignore_ament_install']
[0.197s] Level 1:colcon.colcon_core.package_identification:_identify(src/first_cpp_pkg) by extension 'ignore'
[0.197s] Level 1:colcon.colcon_core.package_identification:_identify(src/first_cpp_pkg) by extension 'ignore_ament_install'
[0.197s] Level 1:colcon.colcon_core.package_identification:_identify(src/first_cpp_pkg) by extensions ['colcon_pkg']
[0.197s] Level 1:colcon.colcon_core.package_identification:_identify(src/first_cpp_pkg) by extension 'colcon_pkg'
[0.197s] Level 1:colcon.colcon_core.package_identification:_identify(src/first_cpp_pkg) by extensions ['colcon_meta']
[0.197s] Level 1:colcon.colcon_core.package_identification:_identify(src/first_cpp_pkg) by extension 'colcon_meta'
[0.197s] Level 1:colcon.colcon_core.package_identification:_identify(src/first_cpp_pkg) by extensions ['ros']
[0.197s] Level 1:colcon.colcon_core.package_identification:_identify(src/first_cpp_pkg) by extension 'ros'
[0.199s] DEBUG:colcon.colcon_core.package_identification:Package 'src/first_cpp_pkg' with type 'ros.ament_cmake' and name 'first_cpp_pkg'
[0.199s] Level 1:colcon.colcon_core.package_identification:_identify(src/first_package) by extensions ['ignore', 'ignore_ament_install']
[0.199s] Level 1:colcon.colcon_core.package_identification:_identify(src/first_package) by extension 'ignore'
[0.199s] Level 1:colcon.colcon_core.package_identification:_identify(src/first_package) by extension 'ignore_ament_install'
[0.199s] Level 1:colcon.colcon_core.package_identification:_identify(src/first_package) by extensions ['colcon_pkg']
[0.199s] Level 1:colcon.colcon_core.package_identification:_identify(src/first_package) by extension 'colcon_pkg'
[0.199s] Level 1:colcon.colcon_core.package_identification:_identify(src/first_package) by extensions ['colcon_meta']
[0.199s] Level 1:colcon.colcon_core.package_identification:_identify(src/first_package) by extension 'colcon_meta'
[0.199s] Level 1:colcon.colcon_core.package_identification:_identify(src/first_package) by extensions ['ros']
[0.199s] Level 1:colcon.colcon_core.package_identification:_identify(src/first_package) by extension 'ros'
[0.199s] DEBUG:colcon.colcon_core.package_identification:Package 'src/first_package' with type 'ros.ament_python' and name 'first_package'
[0.199s] Level 1:colcon.colcon_core.package_identification:_identify(src/first_package_msgs) by extensions ['ignore', 'ignore_ament_install']
[0.199s] Level 1:colcon.colcon_core.package_identification:_identify(src/first_package_msgs) by extension 'ignore'
[0.199s] Level 1:colcon.colcon_core.package_identification:_identify(src/first_package_msgs) by extension 'ignore_ament_install'
[0.199s] Level 1:colcon.colcon_core.package_identification:_identify(src/first_package_msgs) by extensions ['colcon_pkg']
[0.199s] Level 1:colcon.colcon_core.package_identification:_identify(src/first_package_msgs) by extension 'colcon_pkg'
[0.199s] Level 1:colcon.colcon_core.package_identification:_identify(src/first_package_msgs) by extensions ['colcon_meta']
[0.199s] Level 1:colcon.colcon_core.package_identification:_identify(src/first_package_msgs) by extension 'colcon_meta'
[0.199s] Level 1:colcon.colcon_core.package_identification:_identify(src/first_package_msgs) by extensions ['ros']
[0.199s] Level 1:colcon.colcon_core.package_identification:_identify(src/first_package_msgs) by extension 'ros'
[0.200s] DEBUG:colcon.colcon_core.package_identification:Package 'src/first_package_msgs' with type 'ros.ament_cmake' and name 'first_package_msgs'
[0.200s] Level 1:colcon.colcon_core.package_identification:_identify(src/opencv_tutorials) by extensions ['ignore', 'ignore_ament_install']
[0.200s] Level 1:colcon.colcon_core.package_identification:_identify(src/opencv_tutorials) by extension 'ignore'
[0.200s] Level 1:colcon.colcon_core.package_identification:_identify(src/opencv_tutorials) by extension 'ignore_ament_install'
[0.200s] Level 1:colcon.colcon_core.package_identification:_identify(src/opencv_tutorials) by extensions ['colcon_pkg']
[0.200s] Level 1:colcon.colcon_core.package_identification:_identify(src/opencv_tutorials) by extension 'colcon_pkg'
[0.200s] Level 1:colcon.colcon_core.package_identification:_identify(src/opencv_tutorials) by extensions ['colcon_meta']
[0.200s] Level 1:colcon.colcon_core.package_identification:_identify(src/opencv_tutorials) by extension 'colcon_meta'
[0.200s] Level 1:colcon.colcon_core.package_identification:_identify(src/opencv_tutorials) by extensions ['ros']
[0.200s] Level 1:colcon.colcon_core.package_identification:_identify(src/opencv_tutorials) by extension 'ros'
[0.201s] DEBUG:colcon.colcon_core.package_identification:Package 'src/opencv_tutorials' with type 'ros.ament_python' and name 'opencv_tutorials'
[0.201s] Level 1:colcon.colcon_core.package_identification:_identify(turtle_test) by extensions ['ignore', 'ignore_ament_install']
[0.201s] Level 1:colcon.colcon_core.package_identification:_identify(turtle_test) by extension 'ignore'
[0.201s] Level 1:colcon.colcon_core.package_identification:_identify(turtle_test) by extension 'ignore_ament_install'
[0.201s] Level 1:colcon.colcon_core.package_identification:_identify(turtle_test) by extensions ['colcon_pkg']
[0.201s] Level 1:colcon.colcon_core.package_identification:_identify(turtle_test) by extension 'colcon_pkg'
[0.201s] Level 1:colcon.colcon_core.package_identification:_identify(turtle_test) by extensions ['colcon_meta']
[0.201s] Level 1:colcon.colcon_core.package_identification:_identify(turtle_test) by extension 'colcon_meta'
[0.201s] Level 1:colcon.colcon_core.package_identification:_identify(turtle_test) by extensions ['ros']
[0.202s] Level 1:colcon.colcon_core.package_identification:_identify(turtle_test) by extension 'ros'
[0.202s] Level 1:colcon.colcon_core.package_identification:_identify(turtle_test) by extensions ['cmake', 'python']
[0.202s] Level 1:colcon.colcon_core.package_identification:_identify(turtle_test) by extension 'cmake'
[0.202s] Level 1:colcon.colcon_core.package_identification:_identify(turtle_test) by extension 'python'
[0.202s] Level 1:colcon.colcon_core.package_identification:_identify(turtle_test) by extensions ['python_setup_py']
[0.202s] Level 1:colcon.colcon_core.package_identification:_identify(turtle_test) by extension 'python_setup_py'
[0.202s] Level 1:colcon.colcon_core.package_discovery:discover_packages(recursive) using defaults
[0.202s] Level 1:colcon.colcon_core.package_discovery:discover_packages(ignore) discover
[0.202s] Level 1:colcon.colcon_core.package_discovery:discover_packages(ignore) using defaults
[0.202s] Level 1:colcon.colcon_core.package_discovery:discover_packages(path) discover
[0.202s] Level 1:colcon.colcon_core.package_discovery:discover_packages(path) using defaults
[0.223s] Level 1:colcon.colcon_core.package_discovery:discover_packages(prefix_path) check parameters
[0.223s] Level 1:colcon.colcon_core.package_discovery:discover_packages(prefix_path) discover
[0.225s] DEBUG:colcon.colcon_installed_package_information.package_discovery:Found 5 installed packages in /home/rds/Desktop/git_ws/ROS_ws/install
[0.226s] DEBUG:colcon.colcon_installed_package_information.package_discovery:Found 291 installed packages in /opt/ros/humble
[0.227s] Level 1:colcon.colcon_core.package_discovery:discover_packages(prefix_path) using defaults
[0.251s] Level 5:colcon.colcon_core.verb:set package 'first_package' build argument 'cmake_args' from command line to 'None'
[0.251s] Level 5:colcon.colcon_core.verb:set package 'first_package' build argument 'cmake_target' from command line to 'None'
[0.251s] Level 5:colcon.colcon_core.verb:set package 'first_package' build argument 'cmake_target_skip_unavailable' from command line to 'False'
[0.251s] Level 5:colcon.colcon_core.verb:set package 'first_package' build argument 'cmake_clean_cache' from command line to 'False'
[0.251s] Level 5:colcon.colcon_core.verb:set package 'first_package' build argument 'cmake_clean_first' from command line to 'False'
[0.251s] Level 5:colcon.colcon_core.verb:set package 'first_package' build argument 'cmake_force_configure' from command line to 'False'
[0.251s] Level 5:colcon.colcon_core.verb:set package 'first_package' build argument 'ament_cmake_args' from command line to 'None'
[0.251s] Level 5:colcon.colcon_core.verb:set package 'first_package' build argument 'catkin_cmake_args' from command line to 'None'
[0.251s] Level 5:colcon.colcon_core.verb:set package 'first_package' build argument 'catkin_skip_building_tests' from command line to 'False'
[0.251s] DEBUG:colcon.colcon_core.verb:Building package 'first_package' with the following arguments: {'ament_cmake_args': None, 'build_base': '/home/rds/Desktop/git_ws/ROS_ws/build/first_package', 'catkin_cmake_args': None, 'catkin_skip_building_tests': False, 'cmake_args': None, 'cmake_clean_cache': False, 'cmake_clean_first': False, 'cmake_force_configure': False, 'cmake_target': None, 'cmake_target_skip_unavailable': False, 'install_base': '/home/rds/Desktop/git_ws/ROS_ws/install/first_package', 'merge_install': False, 'path': '/home/rds/Desktop/git_ws/ROS_ws/src/first_package', 'symlink_install': False, 'test_result_base': None}
[0.251s] Level 5:colcon.colcon_core.verb:set package 'first_package_msgs' build argument 'cmake_args' from command line to 'None'
[0.251s] Level 5:colcon.colcon_core.verb:set package 'first_package_msgs' build argument 'cmake_target' from command line to 'None'
[0.251s] Level 5:colcon.colcon_core.verb:set package 'first_package_msgs' build argument 'cmake_target_skip_unavailable' from command line to 'False'
[0.251s] Level 5:colcon.colcon_core.verb:set package 'first_package_msgs' build argument 'cmake_clean_cache' from command line to 'False'
[0.251s] Level 5:colcon.colcon_core.verb:set package 'first_package_msgs' build argument 'cmake_clean_first' from command line to 'False'
[0.251s] Level 5:colcon.colcon_core.verb:set package 'first_package_msgs' build argument 'cmake_force_configure' from command line to 'False'
[0.251s] Level 5:colcon.colcon_core.verb:set package 'first_package_msgs' build argument 'ament_cmake_args' from command line to 'None'
[0.251s] Level 5:colcon.colcon_core.verb:set package 'first_package_msgs' build argument 'catkin_cmake_args' from command line to 'None'
[0.251s] Level 5:colcon.colcon_core.verb:set package 'first_package_msgs' build argument 'catkin_skip_building_tests' from command line to 'False'
[0.251s] DEBUG:colcon.colcon_core.verb:Building package 'first_package_msgs' with the following arguments: {'ament_cmake_args': None, 'build_base': '/home/rds/Desktop/git_ws/ROS_ws/build/first_package_msgs', 'catkin_cmake_args': None, 'catkin_skip_building_tests': False, 'cmake_args': None, 'cmake_clean_cache': False, 'cmake_clean_first': False, 'cmake_force_configure': False, 'cmake_target': None, 'cmake_target_skip_unavailable': False, 'install_base': '/home/rds/Desktop/git_ws/ROS_ws/install/first_package_msgs', 'merge_install': False, 'path': '/home/rds/Desktop/git_ws/ROS_ws/src/first_package_msgs', 'symlink_install': False, 'test_result_base': None}
[0.251s] Level 5:colcon.colcon_core.verb:set package 'opencv_tutorials' build argument 'cmake_args' from command line to 'None'
[0.251s] Level 5:colcon.colcon_core.verb:set package 'opencv_tutorials' build argument 'cmake_target' from command line to 'None'
[0.251s] Level 5:colcon.colcon_core.verb:set package 'opencv_tutorials' build argument 'cmake_target_skip_unavailable' from command line to 'False'
[0.251s] Level 5:colcon.colcon_core.verb:set package 'opencv_tutorials' build argument 'cmake_clean_cache' from command line to 'False'
[0.251s] Level 5:colcon.colcon_core.verb:set package 'opencv_tutorials' build argument 'cmake_clean_first' from command line to 'False'
[0.251s] Level 5:colcon.colcon_core.verb:set package 'opencv_tutorials' build argument 'cmake_force_configure' from command line to 'False'
[0.251s] Level 5:colcon.colcon_core.verb:set package 'opencv_tutorials' build argument 'ament_cmake_args' from command line to 'None'
[0.251s] Level 5:colcon.colcon_core.verb:set package 'opencv_tutorials' build argument 'catkin_cmake_args' from command line to 'None'
[0.252s] Level 5:colcon.colcon_core.verb:set package 'opencv_tutorials' build argument 'catkin_skip_building_tests' from command line to 'False'
[0.252s] DEBUG:colcon.colcon_core.verb:Building package 'opencv_tutorials' with the following arguments: {'ament_cmake_args': None, 'build_base': '/home/rds/Desktop/git_ws/ROS_ws/build/opencv_tutorials', 'catkin_cmake_args': None, 'catkin_skip_building_tests': False, 'cmake_args': None, 'cmake_clean_cache': False, 'cmake_clean_first': False, 'cmake_force_configure': False, 'cmake_target': None, 'cmake_target_skip_unavailable': False, 'install_base': '/home/rds/Desktop/git_ws/ROS_ws/install/opencv_tutorials', 'merge_install': False, 'path': '/home/rds/Desktop/git_ws/ROS_ws/src/opencv_tutorials', 'symlink_install': False, 'test_result_base': None}
[0.252s] Level 5:colcon.colcon_core.verb:set package 'first_cpp_pkg' build argument 'cmake_args' from command line to 'None'
[0.252s] Level 5:colcon.colcon_core.verb:set package 'first_cpp_pkg' build argument 'cmake_target' from command line to 'None'
[0.252s] Level 5:colcon.colcon_core.verb:set package 'first_cpp_pkg' build argument 'cmake_target_skip_unavailable' from command line to 'False'
[0.252s] Level 5:colcon.colcon_core.verb:set package 'first_cpp_pkg' build argument 'cmake_clean_cache' from command line to 'False'
[0.252s] Level 5:colcon.colcon_core.verb:set package 'first_cpp_pkg' build argument 'cmake_clean_first' from command line to 'False'
[0.252s] Level 5:colcon.colcon_core.verb:set package 'first_cpp_pkg' build argument 'cmake_force_configure' from command line to 'False'
[0.252s] Level 5:colcon.colcon_core.verb:set package 'first_cpp_pkg' build argument 'ament_cmake_args' from command line to 'None'
[0.252s] Level 5:colcon.colcon_core.verb:set package 'first_cpp_pkg' build argument 'catkin_cmake_args' from command line to 'None'
[0.252s] Level 5:colcon.colcon_core.verb:set package 'first_cpp_pkg' build argument 'catkin_skip_building_tests' from command line to 'False'
[0.252s] DEBUG:colcon.colcon_core.verb:Building package 'first_cpp_pkg' with the following arguments: {'ament_cmake_args': None, 'build_base': '/home/rds/Desktop/git_ws/ROS_ws/build/first_cpp_pkg', 'catkin_cmake_args': None, 'catkin_skip_building_tests': False, 'cmake_args': None, 'cmake_clean_cache': False, 'cmake_clean_first': False, 'cmake_force_configure': False, 'cmake_target': None, 'cmake_target_skip_unavailable': False, 'install_base': '/home/rds/Desktop/git_ws/ROS_ws/install/first_cpp_pkg', 'merge_install': False, 'path': '/home/rds/Desktop/git_ws/ROS_ws/src/first_cpp_pkg', 'symlink_install': False, 'test_result_base': None}
[0.252s] INFO:colcon.colcon_core.executor:Executing jobs using 'parallel' executor
[0.253s] DEBUG:colcon.colcon_parallel_executor.executor.parallel:run_until_complete
[0.254s] INFO:colcon.colcon_ros.task.ament_cmake.build:Building ROS package in '/home/rds/Desktop/git_ws/ROS_ws/src/first_package_msgs' with build type 'ament_cmake'
[0.254s] INFO:colcon.colcon_cmake.task.cmake.build:Building CMake package in '/home/rds/Desktop/git_ws/ROS_ws/src/first_package_msgs'
[0.255s] INFO:colcon.colcon_core.plugin_system:Skipping extension 'colcon_core.shell.bat': Not used on non-Windows systems
[0.255s] INFO:colcon.colcon_core.shell:Skip shell extension 'powershell' for command environment: Not usable outside of PowerShell
[0.255s] DEBUG:colcon.colcon_core.shell:Skip shell extension 'dsv' for command environment
[0.258s] INFO:colcon.colcon_ros.task.ament_python.build:Building ROS package in '/home/rds/Desktop/git_ws/ROS_ws/src/first_package' with build type 'ament_python'
[0.258s] Level 1:colcon.colcon_core.shell:create_environment_hook('first_package', 'ament_prefix_path')
[0.258s] INFO:colcon.colcon_core.shell:Creating environment hook '/home/rds/Desktop/git_ws/ROS_ws/install/first_package/share/first_package/hook/ament_prefix_path.ps1'
[0.258s] INFO:colcon.colcon_core.shell:Creating environment descriptor '/home/rds/Desktop/git_ws/ROS_ws/install/first_package/share/first_package/hook/ament_prefix_path.dsv'
[0.259s] INFO:colcon.colcon_core.shell:Creating environment hook '/home/rds/Desktop/git_ws/ROS_ws/install/first_package/share/first_package/hook/ament_prefix_path.sh'
[0.259s] INFO:colcon.colcon_core.shell:Skip shell extension 'powershell' for command environment: Not usable outside of PowerShell
[0.259s] DEBUG:colcon.colcon_core.shell:Skip shell extension 'dsv' for command environment
[0.261s] INFO:colcon.colcon_ros.task.ament_python.build:Building ROS package in '/home/rds/Desktop/git_ws/ROS_ws/src/opencv_tutorials' with build type 'ament_python'
[0.262s] Level 1:colcon.colcon_core.shell:create_environment_hook('opencv_tutorials', 'ament_prefix_path')
[0.262s] INFO:colcon.colcon_core.shell:Creating environment hook '/home/rds/Desktop/git_ws/ROS_ws/install/opencv_tutorials/share/opencv_tutorials/hook/ament_prefix_path.ps1'
[0.262s] INFO:colcon.colcon_core.shell:Creating environment descriptor '/home/rds/Desktop/git_ws/ROS_ws/install/opencv_tutorials/share/opencv_tutorials/hook/ament_prefix_path.dsv'
[0.262s] INFO:colcon.colcon_core.shell:Creating environment hook '/home/rds/Desktop/git_ws/ROS_ws/install/opencv_tutorials/share/opencv_tutorials/hook/ament_prefix_path.sh'
[0.263s] INFO:colcon.colcon_core.shell:Skip shell extension 'powershell' for command environment: Not usable outside of PowerShell
[0.263s] DEBUG:colcon.colcon_core.shell:Skip shell extension 'dsv' for command environment
[0.269s] DEBUG:colcon.colcon_core.event_handler.log_command:Invoking command in '/home/rds/Desktop/git_ws/ROS_ws/build/first_package_msgs': CMAKE_PREFIX_PATH=${CMAKE_PREFIX_PATH}:/home/rds/Desktop/git_ws/ROS_ws/install/opencv_tutorials:/home/rds/Desktop/git_ws/ROS_ws/install/first_package:/opt/ros/humble /usr/bin/cmake --build /home/rds/Desktop/git_ws/ROS_ws/build/first_package_msgs -- -j8 -l8
[0.485s] INFO:colcon.colcon_core.task.python.build:Building Python package in '/home/rds/Desktop/git_ws/ROS_ws/src/first_package'
[0.486s] INFO:colcon.colcon_core.shell:Skip shell extension 'powershell' for command environment: Not usable outside of PowerShell
[0.486s] DEBUG:colcon.colcon_core.shell:Skip shell extension 'dsv' for command environment
[0.677s] INFO:colcon.colcon_core.task.python.build:Building Python package in '/home/rds/Desktop/git_ws/ROS_ws/src/opencv_tutorials'
[0.678s] INFO:colcon.colcon_core.shell:Skip shell extension 'powershell' for command environment: Not usable outside of PowerShell
[0.678s] DEBUG:colcon.colcon_core.shell:Skip shell extension 'dsv' for command environment
[0.684s] DEBUG:colcon.colcon_core.event_handler.log_command:Invoked command in '/home/rds/Desktop/git_ws/ROS_ws/build/first_package_msgs' returned '0': CMAKE_PREFIX_PATH=${CMAKE_PREFIX_PATH}:/home/rds/Desktop/git_ws/ROS_ws/install/opencv_tutorials:/home/rds/Desktop/git_ws/ROS_ws/install/first_package:/opt/ros/humble /usr/bin/cmake --build /home/rds/Desktop/git_ws/ROS_ws/build/first_package_msgs -- -j8 -l8
[0.788s] DEBUG:colcon.colcon_core.event_handler.log_command:Invoking command in '/home/rds/Desktop/git_ws/ROS_ws/build/first_package_msgs': CMAKE_PREFIX_PATH=${CMAKE_PREFIX_PATH}:/home/rds/Desktop/git_ws/ROS_ws/install/opencv_tutorials:/home/rds/Desktop/git_ws/ROS_ws/install/first_package:/opt/ros/humble /usr/bin/cmake --install /home/rds/Desktop/git_ws/ROS_ws/build/first_package_msgs
[0.830s] Level 1:colcon.colcon_core.environment:create_environment_scripts_only(first_package_msgs)
[0.830s] DEBUG:colcon.colcon_core.event_handler.log_command:Invoked command in '/home/rds/Desktop/git_ws/ROS_ws/build/first_package_msgs' returned '0': CMAKE_PREFIX_PATH=${CMAKE_PREFIX_PATH}:/home/rds/Desktop/git_ws/ROS_ws/install/opencv_tutorials:/home/rds/Desktop/git_ws/ROS_ws/install/first_package:/opt/ros/humble /usr/bin/cmake --install /home/rds/Desktop/git_ws/ROS_ws/build/first_package_msgs
[0.831s] Level 1:colcon.colcon_core.environment:checking '/home/rds/Desktop/git_ws/ROS_ws/install/first_package_msgs' for CMake module files
[0.832s] Level 1:colcon.colcon_core.environment:checking '/home/rds/Desktop/git_ws/ROS_ws/install/first_package_msgs' for CMake config files
[0.832s] Level 1:colcon.colcon_core.shell:create_environment_hook('first_package_msgs', 'cmake_prefix_path')
[0.833s] INFO:colcon.colcon_core.shell:Creating environment hook '/home/rds/Desktop/git_ws/ROS_ws/install/first_package_msgs/share/first_package_msgs/hook/cmake_prefix_path.ps1'
[0.833s] INFO:colcon.colcon_core.shell:Creating environment descriptor '/home/rds/Desktop/git_ws/ROS_ws/install/first_package_msgs/share/first_package_msgs/hook/cmake_prefix_path.dsv'
[0.833s] INFO:colcon.colcon_core.shell:Creating environment hook '/home/rds/Desktop/git_ws/ROS_ws/install/first_package_msgs/share/first_package_msgs/hook/cmake_prefix_path.sh'
[0.834s] Level 1:colcon.colcon_core.environment:checking '/home/rds/Desktop/git_ws/ROS_ws/install/first_package_msgs/lib'
[0.834s] Level 1:colcon.colcon_core.shell:create_environment_hook('first_package_msgs', 'ld_library_path_lib')
[0.834s] INFO:colcon.colcon_core.shell:Creating environment hook '/home/rds/Desktop/git_ws/ROS_ws/install/first_package_msgs/share/first_package_msgs/hook/ld_library_path_lib.ps1'
[0.834s] INFO:colcon.colcon_core.shell:Creating environment descriptor '/home/rds/Desktop/git_ws/ROS_ws/install/first_package_msgs/share/first_package_msgs/hook/ld_library_path_lib.dsv'
[0.834s] INFO:colcon.colcon_core.shell:Creating environment hook '/home/rds/Desktop/git_ws/ROS_ws/install/first_package_msgs/share/first_package_msgs/hook/ld_library_path_lib.sh'
[0.835s] Level 1:colcon.colcon_core.environment:checking '/home/rds/Desktop/git_ws/ROS_ws/install/first_package_msgs/bin'
[0.835s] Level 1:colcon.colcon_core.environment:checking '/home/rds/Desktop/git_ws/ROS_ws/install/first_package_msgs/lib/pkgconfig/first_package_msgs.pc'
[0.835s] Level 1:colcon.colcon_core.environment:checking '/home/rds/Desktop/git_ws/ROS_ws/install/first_package_msgs/lib/python3.10/site-packages'
[0.835s] Level 1:colcon.colcon_core.environment:checking '/home/rds/Desktop/git_ws/ROS_ws/install/first_package_msgs/bin'
[0.835s] INFO:colcon.colcon_core.shell:Creating package script '/home/rds/Desktop/git_ws/ROS_ws/install/first_package_msgs/share/first_package_msgs/package.ps1'
[0.836s] INFO:colcon.colcon_core.shell:Creating package descriptor '/home/rds/Desktop/git_ws/ROS_ws/install/first_package_msgs/share/first_package_msgs/package.dsv'
[0.836s] INFO:colcon.colcon_core.shell:Creating package script '/home/rds/Desktop/git_ws/ROS_ws/install/first_package_msgs/share/first_package_msgs/package.sh'
[0.836s] INFO:colcon.colcon_core.shell:Creating package script '/home/rds/Desktop/git_ws/ROS_ws/install/first_package_msgs/share/first_package_msgs/package.bash'
[0.837s] INFO:colcon.colcon_core.shell:Creating package script '/home/rds/Desktop/git_ws/ROS_ws/install/first_package_msgs/share/first_package_msgs/package.zsh'
[0.837s] Level 1:colcon.colcon_core.environment:create_file_with_runtime_dependencies(/home/rds/Desktop/git_ws/ROS_ws/install/first_package_msgs/share/colcon-core/packages/first_package_msgs)
[0.927s] Level 1:colcon.colcon_core.environment:create_environment_scripts_only(first_package_msgs)
[0.927s] Level 1:colcon.colcon_core.environment:checking '/home/rds/Desktop/git_ws/ROS_ws/install/first_package_msgs' for CMake module files
[0.928s] Level 1:colcon.colcon_core.environment:checking '/home/rds/Desktop/git_ws/ROS_ws/install/first_package_msgs' for CMake config files
[0.928s] Level 1:colcon.colcon_core.shell:create_environment_hook('first_package_msgs', 'cmake_prefix_path')
[0.929s] INFO:colcon.colcon_core.shell:Creating environment hook '/home/rds/Desktop/git_ws/ROS_ws/install/first_package_msgs/share/first_package_msgs/hook/cmake_prefix_path.ps1'
[0.929s] INFO:colcon.colcon_core.shell:Creating environment descriptor '/home/rds/Desktop/git_ws/ROS_ws/install/first_package_msgs/share/first_package_msgs/hook/cmake_prefix_path.dsv'
[0.929s] INFO:colcon.colcon_core.shell:Creating environment hook '/home/rds/Desktop/git_ws/ROS_ws/install/first_package_msgs/share/first_package_msgs/hook/cmake_prefix_path.sh'
[0.930s] Level 1:colcon.colcon_core.environment:checking '/home/rds/Desktop/git_ws/ROS_ws/install/first_package_msgs/lib'
[0.930s] Level 1:colcon.colcon_core.shell:create_environment_hook('first_package_msgs', 'ld_library_path_lib')
[0.930s] INFO:colcon.colcon_core.shell:Creating environment hook '/home/rds/Desktop/git_ws/ROS_ws/install/first_package_msgs/share/first_package_msgs/hook/ld_library_path_lib.ps1'
[0.930s] INFO:colcon.colcon_core.shell:Creating environment descriptor '/home/rds/Desktop/git_ws/ROS_ws/install/first_package_msgs/share/first_package_msgs/hook/ld_library_path_lib.dsv'
[0.930s] INFO:colcon.colcon_core.shell:Creating environment hook '/home/rds/Desktop/git_ws/ROS_ws/install/first_package_msgs/share/first_package_msgs/hook/ld_library_path_lib.sh'
[0.931s] Level 1:colcon.colcon_core.environment:checking '/home/rds/Desktop/git_ws/ROS_ws/install/first_package_msgs/bin'
[0.931s] Level 1:colcon.colcon_core.environment:checking '/home/rds/Desktop/git_ws/ROS_ws/install/first_package_msgs/lib/pkgconfig/first_package_msgs.pc'
[0.931s] Level 1:colcon.colcon_core.environment:checking '/home/rds/Desktop/git_ws/ROS_ws/install/first_package_msgs/lib/python3.10/site-packages'
[0.931s] Level 1:colcon.colcon_core.environment:checking '/home/rds/Desktop/git_ws/ROS_ws/install/first_package_msgs/bin'
[0.932s] INFO:colcon.colcon_core.shell:Creating package script '/home/rds/Desktop/git_ws/ROS_ws/install/first_package_msgs/share/first_package_msgs/package.ps1'
[0.932s] INFO:colcon.colcon_core.shell:Creating package descriptor '/home/rds/Desktop/git_ws/ROS_ws/install/first_package_msgs/share/first_package_msgs/package.dsv'
[0.932s] INFO:colcon.colcon_core.shell:Creating package script '/home/rds/Desktop/git_ws/ROS_ws/install/first_package_msgs/share/first_package_msgs/package.sh'
[0.933s] INFO:colcon.colcon_core.shell:Creating package script '/home/rds/Desktop/git_ws/ROS_ws/install/first_package_msgs/share/first_package_msgs/package.bash'
[0.933s] INFO:colcon.colcon_core.shell:Creating package script '/home/rds/Desktop/git_ws/ROS_ws/install/first_package_msgs/share/first_package_msgs/package.zsh'
[0.933s] Level 1:colcon.colcon_core.environment:create_file_with_runtime_dependencies(/home/rds/Desktop/git_ws/ROS_ws/install/first_package_msgs/share/colcon-core/packages/first_package_msgs)
[0.934s] INFO:colcon.colcon_ros.task.ament_cmake.build:Building ROS package in '/home/rds/Desktop/git_ws/ROS_ws/src/first_cpp_pkg' with build type 'ament_cmake'
[0.934s] INFO:colcon.colcon_cmake.task.cmake.build:Building CMake package in '/home/rds/Desktop/git_ws/ROS_ws/src/first_cpp_pkg'
[0.934s] INFO:colcon.colcon_core.shell:Skip shell extension 'powershell' for command environment: Not usable outside of PowerShell
[0.934s] DEBUG:colcon.colcon_core.shell:Skip shell extension 'dsv' for command environment
[0.941s] DEBUG:colcon.colcon_core.event_handler.log_command:Invoking command in '/home/rds/Desktop/git_ws/ROS_ws/build/first_cpp_pkg': CMAKE_PREFIX_PATH=/home/rds/Desktop/git_ws/ROS_ws/install/first_package_msgs:/home/rds/Desktop/git_ws/ROS_ws/install/first_cpp_pkg:/home/rds/Desktop/git_ws/ROS_ws/install/first_package_cpp:/home/rds/Desktop/git_ws/ROS_ws/install/opencv_tutorials:/home/rds/Desktop/git_ws/ROS_ws/install/first_package:/opt/ros/humble LD_LIBRARY_PATH=/home/rds/Desktop/git_ws/ROS_ws/install/first_package_msgs/lib:/opt/ros/humble/opt/rviz_ogre_vendor/lib:/opt/ros/humble/lib/x86_64-linux-gnu:/opt/ros/humble/lib:/usr/local/cuda-11.8/lib64:/usr/local/cuda-11.8/lib64/ /usr/bin/cmake --build /home/rds/Desktop/git_ws/ROS_ws/build/first_cpp_pkg -- -j8 -l8
[1.042s] DEBUG:colcon.colcon_core.event_handler.log_command:Invoking command in '/home/rds/Desktop/git_ws/ROS_ws/src/first_package': PYTHONPATH=/home/rds/Desktop/git_ws/ROS_ws/build/first_package/prefix_override:/home/rds/Desktop/git_ws/ROS_ws/install/first_package/lib/python3.10/site-packages:${PYTHONPATH} /usr/bin/python3 -W ignore:setup.py install is deprecated setup.py egg_info --egg-base ../../build/first_package build --build-base /home/rds/Desktop/git_ws/ROS_ws/build/first_package/build install --record /home/rds/Desktop/git_ws/ROS_ws/build/first_package/install.log --single-version-externally-managed install_data
[1.062s] DEBUG:colcon.colcon_core.event_handler.log_command:Invoking command in '/home/rds/Desktop/git_ws/ROS_ws/src/opencv_tutorials': PYTHONPATH=/home/rds/Desktop/git_ws/ROS_ws/build/opencv_tutorials/prefix_override:/home/rds/Desktop/git_ws/ROS_ws/install/opencv_tutorials/lib/python3.10/site-packages:${PYTHONPATH} /usr/bin/python3 -W ignore:setup.py install is deprecated setup.py egg_info --egg-base ../../build/opencv_tutorials build --build-base /home/rds/Desktop/git_ws/ROS_ws/build/opencv_tutorials/build install --record /home/rds/Desktop/git_ws/ROS_ws/build/opencv_tutorials/install.log --single-version-externally-managed install_data
[1.295s] Level 1:colcon.colcon_core.environment:checking '/home/rds/Desktop/git_ws/ROS_ws/install/first_package' for CMake module files
[1.296s] DEBUG:colcon.colcon_core.event_handler.log_command:Invoked command in '/home/rds/Desktop/git_ws/ROS_ws/src/first_package' returned '0': PYTHONPATH=/home/rds/Desktop/git_ws/ROS_ws/build/first_package/prefix_override:/home/rds/Desktop/git_ws/ROS_ws/install/first_package/lib/python3.10/site-packages:${PYTHONPATH} /usr/bin/python3 -W ignore:setup.py install is deprecated setup.py egg_info --egg-base ../../build/first_package build --build-base /home/rds/Desktop/git_ws/ROS_ws/build/first_package/build install --record /home/rds/Desktop/git_ws/ROS_ws/build/first_package/install.log --single-version-externally-managed install_data
[1.296s] Level 1:colcon.colcon_core.environment:checking '/home/rds/Desktop/git_ws/ROS_ws/install/first_package' for CMake config files
[1.297s] Level 1:colcon.colcon_core.environment:checking '/home/rds/Desktop/git_ws/ROS_ws/install/first_package/lib'
[1.297s] Level 1:colcon.colcon_core.environment:checking '/home/rds/Desktop/git_ws/ROS_ws/install/first_package/bin'
[1.297s] Level 1:colcon.colcon_core.environment:checking '/home/rds/Desktop/git_ws/ROS_ws/install/first_package/lib/pkgconfig/first_package.pc'
[1.297s] Level 1:colcon.colcon_core.environment:checking '/home/rds/Desktop/git_ws/ROS_ws/install/first_package/lib/python3.10/site-packages'
[1.297s] Level 1:colcon.colcon_core.shell:create_environment_hook('first_package', 'pythonpath')
[1.298s] INFO:colcon.colcon_core.shell:Creating environment hook '/home/rds/Desktop/git_ws/ROS_ws/install/first_package/share/first_package/hook/pythonpath.ps1'
[1.298s] INFO:colcon.colcon_core.shell:Creating environment descriptor '/home/rds/Desktop/git_ws/ROS_ws/install/first_package/share/first_package/hook/pythonpath.dsv'
[1.298s] INFO:colcon.colcon_core.shell:Creating environment hook '/home/rds/Desktop/git_ws/ROS_ws/install/first_package/share/first_package/hook/pythonpath.sh'
[1.299s] Level 1:colcon.colcon_core.environment:checking '/home/rds/Desktop/git_ws/ROS_ws/install/first_package/bin'
[1.299s] Level 1:colcon.colcon_core.environment:create_environment_scripts_only(first_package)
[1.300s] INFO:colcon.colcon_core.shell:Creating package script '/home/rds/Desktop/git_ws/ROS_ws/install/first_package/share/first_package/package.ps1'
[1.300s] INFO:colcon.colcon_core.shell:Creating package descriptor '/home/rds/Desktop/git_ws/ROS_ws/install/first_package/share/first_package/package.dsv'
[1.300s] INFO:colcon.colcon_core.shell:Creating package script '/home/rds/Desktop/git_ws/ROS_ws/install/first_package/share/first_package/package.sh'
[1.301s] INFO:colcon.colcon_core.shell:Creating package script '/home/rds/Desktop/git_ws/ROS_ws/install/first_package/share/first_package/package.bash'
[1.301s] INFO:colcon.colcon_core.shell:Creating package script '/home/rds/Desktop/git_ws/ROS_ws/install/first_package/share/first_package/package.zsh'
[1.301s] Level 1:colcon.colcon_core.environment:create_file_with_runtime_dependencies(/home/rds/Desktop/git_ws/ROS_ws/install/first_package/share/colcon-core/packages/first_package)
[1.305s] Level 1:colcon.colcon_core.environment:checking '/home/rds/Desktop/git_ws/ROS_ws/install/opencv_tutorials' for CMake module files
[1.305s] DEBUG:colcon.colcon_core.event_handler.log_command:Invoked command in '/home/rds/Desktop/git_ws/ROS_ws/src/opencv_tutorials' returned '0': PYTHONPATH=/home/rds/Desktop/git_ws/ROS_ws/build/opencv_tutorials/prefix_override:/home/rds/Desktop/git_ws/ROS_ws/install/opencv_tutorials/lib/python3.10/site-packages:${PYTHONPATH} /usr/bin/python3 -W ignore:setup.py install is deprecated setup.py egg_info --egg-base ../../build/opencv_tutorials build --build-base /home/rds/Desktop/git_ws/ROS_ws/build/opencv_tutorials/build install --record /home/rds/Desktop/git_ws/ROS_ws/build/opencv_tutorials/install.log --single-version-externally-managed install_data
[1.306s] Level 1:colcon.colcon_core.environment:checking '/home/rds/Desktop/git_ws/ROS_ws/install/opencv_tutorials' for CMake config files
[1.306s] Level 1:colcon.colcon_core.environment:checking '/home/rds/Desktop/git_ws/ROS_ws/install/opencv_tutorials/lib'
[1.306s] Level 1:colcon.colcon_core.environment:checking '/home/rds/Desktop/git_ws/ROS_ws/install/opencv_tutorials/bin'
[1.307s] Level 1:colcon.colcon_core.environment:checking '/home/rds/Desktop/git_ws/ROS_ws/install/opencv_tutorials/lib/pkgconfig/opencv_tutorials.pc'
[1.307s] Level 1:colcon.colcon_core.environment:checking '/home/rds/Desktop/git_ws/ROS_ws/install/opencv_tutorials/lib/python3.10/site-packages'
[1.307s] Level 1:colcon.colcon_core.shell:create_environment_hook('opencv_tutorials', 'pythonpath')
[1.307s] INFO:colcon.colcon_core.shell:Creating environment hook '/home/rds/Desktop/git_ws/ROS_ws/install/opencv_tutorials/share/opencv_tutorials/hook/pythonpath.ps1'
[1.308s] INFO:colcon.colcon_core.shell:Creating environment descriptor '/home/rds/Desktop/git_ws/ROS_ws/install/opencv_tutorials/share/opencv_tutorials/hook/pythonpath.dsv'
[1.308s] INFO:colcon.colcon_core.shell:Creating environment hook '/home/rds/Desktop/git_ws/ROS_ws/install/opencv_tutorials/share/opencv_tutorials/hook/pythonpath.sh'
[1.308s] Level 1:colcon.colcon_core.environment:checking '/home/rds/Desktop/git_ws/ROS_ws/install/opencv_tutorials/bin'
[1.309s] Level 1:colcon.colcon_core.environment:create_environment_scripts_only(opencv_tutorials)
[1.309s] INFO:colcon.colcon_core.shell:Creating package script '/home/rds/Desktop/git_ws/ROS_ws/install/opencv_tutorials/share/opencv_tutorials/package.ps1'
[1.309s] INFO:colcon.colcon_core.shell:Creating package descriptor '/home/rds/Desktop/git_ws/ROS_ws/install/opencv_tutorials/share/opencv_tutorials/package.dsv'
[1.310s] INFO:colcon.colcon_core.shell:Creating package script '/home/rds/Desktop/git_ws/ROS_ws/install/opencv_tutorials/share/opencv_tutorials/package.sh'
[1.310s] INFO:colcon.colcon_core.shell:Creating package script '/home/rds/Desktop/git_ws/ROS_ws/install/opencv_tutorials/share/opencv_tutorials/package.bash'
[1.311s] INFO:colcon.colcon_core.shell:Creating package script '/home/rds/Desktop/git_ws/ROS_ws/install/opencv_tutorials/share/opencv_tutorials/package.zsh'
[1.311s] Level 1:colcon.colcon_core.environment:create_file_with_runtime_dependencies(/home/rds/Desktop/git_ws/ROS_ws/install/opencv_tutorials/share/colcon-core/packages/opencv_tutorials)
[3.166s] DEBUG:colcon.colcon_core.event_handler.log_command:Invoked command in '/home/rds/Desktop/git_ws/ROS_ws/build/first_cpp_pkg' returned '2': CMAKE_PREFIX_PATH=/home/rds/Desktop/git_ws/ROS_ws/install/first_package_msgs:/home/rds/Desktop/git_ws/ROS_ws/install/first_cpp_pkg:/home/rds/Desktop/git_ws/ROS_ws/install/first_package_cpp:/home/rds/Desktop/git_ws/ROS_ws/install/opencv_tutorials:/home/rds/Desktop/git_ws/ROS_ws/install/first_package:/opt/ros/humble LD_LIBRARY_PATH=/home/rds/Desktop/git_ws/ROS_ws/install/first_package_msgs/lib:/opt/ros/humble/opt/rviz_ogre_vendor/lib:/opt/ros/humble/lib/x86_64-linux-gnu:/opt/ros/humble/lib:/usr/local/cuda-11.8/lib64:/usr/local/cuda-11.8/lib64/ /usr/bin/cmake --build /home/rds/Desktop/git_ws/ROS_ws/build/first_cpp_pkg -- -j8 -l8
[3.190s] Level 1:colcon.colcon_core.environment:create_environment_scripts_only(first_cpp_pkg)
[3.190s] Level 1:colcon.colcon_core.environment:checking '/home/rds/Desktop/git_ws/ROS_ws/install/first_cpp_pkg' for CMake module files
[3.191s] Level 1:colcon.colcon_core.environment:checking '/home/rds/Desktop/git_ws/ROS_ws/install/first_cpp_pkg' for CMake config files
[3.191s] Level 1:colcon.colcon_core.shell:create_environment_hook('first_cpp_pkg', 'cmake_prefix_path')
[3.191s] INFO:colcon.colcon_core.shell:Creating environment hook '/home/rds/Desktop/git_ws/ROS_ws/install/first_cpp_pkg/share/first_cpp_pkg/hook/cmake_prefix_path.ps1'
[3.191s] INFO:colcon.colcon_core.shell:Creating environment descriptor '/home/rds/Desktop/git_ws/ROS_ws/install/first_cpp_pkg/share/first_cpp_pkg/hook/cmake_prefix_path.dsv'
[3.192s] INFO:colcon.colcon_core.shell:Creating environment hook '/home/rds/Desktop/git_ws/ROS_ws/install/first_cpp_pkg/share/first_cpp_pkg/hook/cmake_prefix_path.sh'
[3.192s] Level 1:colcon.colcon_core.environment:checking '/home/rds/Desktop/git_ws/ROS_ws/install/first_cpp_pkg/lib'
[3.192s] Level 1:colcon.colcon_core.environment:checking '/home/rds/Desktop/git_ws/ROS_ws/install/first_cpp_pkg/bin'
[3.192s] Level 1:colcon.colcon_core.environment:checking '/home/rds/Desktop/git_ws/ROS_ws/install/first_cpp_pkg/lib/pkgconfig/first_cpp_pkg.pc'
[3.192s] Level 1:colcon.colcon_core.environment:checking '/home/rds/Desktop/git_ws/ROS_ws/install/first_cpp_pkg/lib/python3.10/site-packages'
[3.193s] Level 1:colcon.colcon_core.environment:checking '/home/rds/Desktop/git_ws/ROS_ws/install/first_cpp_pkg/bin'
[3.193s] INFO:colcon.colcon_core.shell:Creating package script '/home/rds/Desktop/git_ws/ROS_ws/install/first_cpp_pkg/share/first_cpp_pkg/package.ps1'
[3.193s] INFO:colcon.colcon_core.shell:Creating package descriptor '/home/rds/Desktop/git_ws/ROS_ws/install/first_cpp_pkg/share/first_cpp_pkg/package.dsv'
[3.194s] INFO:colcon.colcon_core.shell:Creating package script '/home/rds/Desktop/git_ws/ROS_ws/install/first_cpp_pkg/share/first_cpp_pkg/package.sh'
[3.194s] INFO:colcon.colcon_core.shell:Creating package script '/home/rds/Desktop/git_ws/ROS_ws/install/first_cpp_pkg/share/first_cpp_pkg/package.bash'
[3.194s] INFO:colcon.colcon_core.shell:Creating package script '/home/rds/Desktop/git_ws/ROS_ws/install/first_cpp_pkg/share/first_cpp_pkg/package.zsh'
[3.194s] Level 1:colcon.colcon_core.environment:create_file_with_runtime_dependencies(/home/rds/Desktop/git_ws/ROS_ws/install/first_cpp_pkg/share/colcon-core/packages/first_cpp_pkg)
[3.205s] DEBUG:colcon.colcon_parallel_executor.executor.parallel:closing loop
[3.205s] DEBUG:colcon.colcon_parallel_executor.executor.parallel:loop closed
[3.205s] DEBUG:colcon.colcon_parallel_executor.executor.parallel:run_until_complete finished with '2'
[3.205s] DEBUG:colcon.colcon_core.event_reactor:joining thread
[3.210s] INFO:colcon.colcon_core.plugin_system:Skipping extension 'colcon_notification.desktop_notification.terminal_notifier': Not used on non-Darwin systems
[3.210s] INFO:colcon.colcon_core.plugin_system:Skipping extension 'colcon_notification.desktop_notification.win32': Not used on non-Windows systems
[3.210s] INFO:colcon.colcon_notification.desktop_notification:Sending desktop notification using 'notify2'
[3.218s] DEBUG:colcon.colcon_core.event_reactor:joined thread
[3.218s] INFO:colcon.colcon_core.shell:Creating prefix script '/home/rds/Desktop/git_ws/ROS_ws/install/local_setup.ps1'
[3.219s] INFO:colcon.colcon_core.shell:Creating prefix util module '/home/rds/Desktop/git_ws/ROS_ws/install/_local_setup_util_ps1.py'
[3.220s] INFO:colcon.colcon_core.shell:Creating prefix chain script '/home/rds/Desktop/git_ws/ROS_ws/install/setup.ps1'
[3.222s] INFO:colcon.colcon_core.shell:Creating prefix script '/home/rds/Desktop/git_ws/ROS_ws/install/local_setup.sh'
[3.222s] INFO:colcon.colcon_core.shell:Creating prefix util module '/home/rds/Desktop/git_ws/ROS_ws/install/_local_setup_util_sh.py'
[3.223s] INFO:colcon.colcon_core.shell:Creating prefix chain script '/home/rds/Desktop/git_ws/ROS_ws/install/setup.sh'
[3.223s] INFO:colcon.colcon_core.shell:Creating prefix script '/home/rds/Desktop/git_ws/ROS_ws/install/local_setup.bash'
[3.224s] INFO:colcon.colcon_core.shell:Creating prefix chain script '/home/rds/Desktop/git_ws/ROS_ws/install/setup.bash'
[3.224s] INFO:colcon.colcon_core.shell:Creating prefix script '/home/rds/Desktop/git_ws/ROS_ws/install/local_setup.zsh'
[3.225s] INFO:colcon.colcon_core.shell:Creating prefix chain script '/home/rds/Desktop/git_ws/ROS_ws/install/setup.zsh'
