[0.441s] Invoking command in '/home/rds/Desktop/git_ws/ROS_ws/src/first_package': PYTHONPATH=/home/rds/Desktop/git_ws/ROS_ws/build/first_package/prefix_override:/home/rds/Desktop/git_ws/ROS_ws/install/first_package/lib/python3.10/site-packages:${PYTHONPATH} /usr/bin/python3 -W ignore:setup.py install is deprecated setup.py egg_info --egg-base ../../build/first_package build --build-base /home/rds/Desktop/git_ws/ROS_ws/build/first_package/build install --record /home/rds/Desktop/git_ws/ROS_ws/build/first_package/install.log --single-version-externally-managed install_data
[0.603s] running egg_info
[0.603s] writing ../../build/first_package/first_package.egg-info/PKG-INFO
[0.603s] writing dependency_links to ../../build/first_package/first_package.egg-info/dependency_links.txt
[0.603s] writing entry points to ../../build/first_package/first_package.egg-info/entry_points.txt
[0.603s] writing requirements to ../../build/first_package/first_package.egg-info/requires.txt
[0.603s] writing top-level names to ../../build/first_package/first_package.egg-info/top_level.txt
[0.604s] reading manifest file '../../build/first_package/first_package.egg-info/SOURCES.txt'
[0.605s] writing manifest file '../../build/first_package/first_package.egg-info/SOURCES.txt'
[0.605s] running build
[0.605s] running build_py
[0.605s] running install
[0.605s] running install_lib
[0.606s] running install_data
[0.606s] running install_egg_info
[0.607s] removing '/home/rds/Desktop/git_ws/ROS_ws/install/first_package/lib/python3.10/site-packages/first_package-0.0.0-py3.10.egg-info' (and everything under it)
[0.608s] Copying ../../build/first_package/first_package.egg-info to /home/rds/Desktop/git_ws/ROS_ws/install/first_package/lib/python3.10/site-packages/first_package-0.0.0-py3.10.egg-info
[0.608s] running install_scripts
[0.622s] Installing first_node script to /home/rds/Desktop/git_ws/ROS_ws/install/first_package/lib/first_package
[0.622s] Installing publisher script to /home/rds/Desktop/git_ws/ROS_ws/install/first_package/lib/first_package
[0.622s] Installing subscriber script to /home/rds/Desktop/git_ws/ROS_ws/install/first_package/lib/first_package
[0.622s] writing list of installed files to '/home/rds/Desktop/git_ws/ROS_ws/build/first_package/install.log'
