[0.009s] Invoking command in '/home/rds/Desktop/git_ws/ROS_ws/build/first_cpp_pkg': CMAKE_PREFIX_PATH=/home/rds/Desktop/git_ws/ROS_ws/install/first_package_msgs:/home/rds/Desktop/git_ws/urdf_ws/src/install/urdf_ws:/home/rds/Desktop/git_ws/ROS_ws/install/first_package_cpp:/home/rds/Desktop/git_ws/ROS_ws/install/first_cpp_pkg:/home/rds/Desktop/git_ws/ROS_ws/install/opencv_tutorials:/home/rds/Desktop/git_ws/ROS_ws/install/first_package:/opt/ros/humble LD_LIBRARY_PATH=/home/rds/Desktop/git_ws/ROS_ws/install/first_package_msgs/lib:/opt/ros/humble/opt/rviz_ogre_vendor/lib:/opt/ros/humble/lib/x86_64-linux-gnu:/opt/ros/humble/lib:/usr/local/cuda-11.8/lib64:/usr/local/cuda-11.8/lib64/ /usr/bin/cmake --build /home/rds/Desktop/git_ws/ROS_ws/build/first_cpp_pkg -- -j8 -l8
[0.053s] [35m[1mConsolidate compiler generated dependencies of target turtle_cmd_and_pose[0m
[0.067s] [ 33%] Built target turtle_talker
[0.073s] [ 66%] Built target turtle_listener
[0.080s] [ 83%] [32mBuilding CXX object CMakeFiles/turtle_cmd_and_pose.dir/src/turtle_cmd_and_pose.cpp.o[0m
[2.143s] In file included from [01m[K/opt/ros/humble/include/rclcpp/rclcpp/logging.hpp:24[m[K,
[2.143s]                  from [01m[K/opt/ros/humble/include/rclcpp/rclcpp/client.hpp:40[m[K,
[2.144s]                  from [01m[K/opt/ros/humble/include/rclcpp/rclcpp/callback_group.hpp:24[m[K,
[2.144s]                  from [01m[K/opt/ros/humble/include/rclcpp/rclcpp/any_executable.hpp:20[m[K,
[2.144s]                  from [01m[K/opt/ros/humble/include/rclcpp/rclcpp/memory_strategy.hpp:25[m[K,
[2.144s]                  from [01m[K/opt/ros/humble/include/rclcpp/rclcpp/memory_strategies.hpp:18[m[K,
[2.144s]                  from [01m[K/opt/ros/humble/include/rclcpp/rclcpp/executor_options.hpp:20[m[K,
[2.144s]                  from [01m[K/opt/ros/humble/include/rclcpp/rclcpp/executor.hpp:37[m[K,
[2.144s]                  from [01m[K/opt/ros/humble/include/rclcpp/rclcpp/executors/multi_threaded_executor.hpp:25[m[K,
[2.144s]                  from [01m[K/opt/ros/humble/include/rclcpp/rclcpp/executors.hpp:21[m[K,
[2.144s]                  from [01m[K/opt/ros/humble/include/rclcpp/rclcpp/rclcpp.hpp:155[m[K,
[2.144s]                  from [01m[K/home/rds/Desktop/git_ws/ROS_ws/src/first_cpp_pkg/src/turtle_cmd_and_pose.cpp:3[m[K:
[2.144s] [01m[K/home/rds/Desktop/git_ws/ROS_ws/src/first_cpp_pkg/src/turtle_cmd_and_pose.cpp:[m[K In member function ‘[01m[Kvoid CmdAndPose::callback_cmd(const Twist&)[m[K’:
[2.144s] [01m[K/home/rds/Desktop/git_ws/ROS_ws/src/first_cpp_pkg/src/turtle_cmd_and_pose.cpp:42:41:[m[K [01;35m[Kwarning: [m[Kformat ‘[01m[K%f[m[K’ expects argument of type ‘[01m[Kdouble[m[K’, but argument 5 has type ‘[01m[Kconst Twist[m[K’ {aka ‘[01m[Kconst geometry_msgs::msg::Twist_<std::allocator<void> >[m[K’} [[01;35m[K]8;;https://gcc.gnu.org/onlinedocs/gcc/Warning-Options.html#index-Wformat=-Wformat=]8;;[m[K]
[2.144s]    42 |         RCLCPP_INFO(this->get_logger(), [01;35m[K"test_msg %f "[m[K, [32m[Kmsg[m[K);
[2.144s]       |                                         [01;35m[K^~~~~~~~~~~~~~[m[K  [32m[K~~~[m[K
[2.144s]       |                                                         [32m[K|[m[K
[2.144s]       |                                                         [32m[Kconst Twist {aka const geometry_msgs::msg::Twist_<std::allocator<void> >}[m[K
[2.144s] [01m[K/home/rds/Desktop/git_ws/ROS_ws/src/first_cpp_pkg/src/turtle_cmd_and_pose.cpp:42:52:[m[K [01;36m[Knote: [m[Kformat string is defined here
[2.144s]    42 |         RCLCPP_INFO(this->get_logger(), "test_msg [01;36m[K%f[m[K ", msg);
[2.144s]       |                                                   [01;36m[K~^[m[K
[2.144s]       |                                                    [01;36m[K|[m[K
[2.144s]       |                                                    [01;36m[Kdouble[m[K
[8.894s] [100%] [32m[1mLinking CXX executable turtle_cmd_and_pose[0m
[9.418s] [100%] Built target turtle_cmd_and_pose
[9.431s] Invoked command in '/home/rds/Desktop/git_ws/ROS_ws/build/first_cpp_pkg' returned '0': CMAKE_PREFIX_PATH=/home/rds/Desktop/git_ws/ROS_ws/install/first_package_msgs:/home/rds/Desktop/git_ws/urdf_ws/src/install/urdf_ws:/home/rds/Desktop/git_ws/ROS_ws/install/first_package_cpp:/home/rds/Desktop/git_ws/ROS_ws/install/first_cpp_pkg:/home/rds/Desktop/git_ws/ROS_ws/install/opencv_tutorials:/home/rds/Desktop/git_ws/ROS_ws/install/first_package:/opt/ros/humble LD_LIBRARY_PATH=/home/rds/Desktop/git_ws/ROS_ws/install/first_package_msgs/lib:/opt/ros/humble/opt/rviz_ogre_vendor/lib:/opt/ros/humble/lib/x86_64-linux-gnu:/opt/ros/humble/lib:/usr/local/cuda-11.8/lib64:/usr/local/cuda-11.8/lib64/ /usr/bin/cmake --build /home/rds/Desktop/git_ws/ROS_ws/build/first_cpp_pkg -- -j8 -l8
[9.457s] Invoking command in '/home/rds/Desktop/git_ws/ROS_ws/build/first_cpp_pkg': CMAKE_PREFIX_PATH=/home/rds/Desktop/git_ws/ROS_ws/install/first_package_msgs:/home/rds/Desktop/git_ws/urdf_ws/src/install/urdf_ws:/home/rds/Desktop/git_ws/ROS_ws/install/first_package_cpp:/home/rds/Desktop/git_ws/ROS_ws/install/first_cpp_pkg:/home/rds/Desktop/git_ws/ROS_ws/install/opencv_tutorials:/home/rds/Desktop/git_ws/ROS_ws/install/first_package:/opt/ros/humble LD_LIBRARY_PATH=/home/rds/Desktop/git_ws/ROS_ws/install/first_package_msgs/lib:/opt/ros/humble/opt/rviz_ogre_vendor/lib:/opt/ros/humble/lib/x86_64-linux-gnu:/opt/ros/humble/lib:/usr/local/cuda-11.8/lib64:/usr/local/cuda-11.8/lib64/ /usr/bin/cmake --install /home/rds/Desktop/git_ws/ROS_ws/build/first_cpp_pkg
[9.466s] -- Install configuration: ""
[9.466s] -- Up-to-date: /home/rds/Desktop/git_ws/ROS_ws/install/first_cpp_pkg/lib/first_cpp_pkg/turtle_talker
[9.466s] -- Up-to-date: /home/rds/Desktop/git_ws/ROS_ws/install/first_cpp_pkg/lib/first_cpp_pkg/turtle_listener
[9.466s] -- Installing: /home/rds/Desktop/git_ws/ROS_ws/install/first_cpp_pkg/lib/first_cpp_pkg/turtle_cmd_and_pose
[9.471s] -- Set runtime path of "/home/rds/Desktop/git_ws/ROS_ws/install/first_cpp_pkg/lib/first_cpp_pkg/turtle_cmd_and_pose" to ""
[9.471s] -- Up-to-date: /home/rds/Desktop/git_ws/ROS_ws/install/first_cpp_pkg/share/ament_index/resource_index/package_run_dependencies/first_cpp_pkg
[9.472s] -- Up-to-date: /home/rds/Desktop/git_ws/ROS_ws/install/first_cpp_pkg/share/ament_index/resource_index/parent_prefix_path/first_cpp_pkg
[9.472s] -- Up-to-date: /home/rds/Desktop/git_ws/ROS_ws/install/first_cpp_pkg/share/first_cpp_pkg/environment/ament_prefix_path.sh
[9.472s] -- Up-to-date: /home/rds/Desktop/git_ws/ROS_ws/install/first_cpp_pkg/share/first_cpp_pkg/environment/ament_prefix_path.dsv
[9.472s] -- Up-to-date: /home/rds/Desktop/git_ws/ROS_ws/install/first_cpp_pkg/share/first_cpp_pkg/environment/path.sh
[9.472s] -- Up-to-date: /home/rds/Desktop/git_ws/ROS_ws/install/first_cpp_pkg/share/first_cpp_pkg/environment/path.dsv
[9.472s] -- Up-to-date: /home/rds/Desktop/git_ws/ROS_ws/install/first_cpp_pkg/share/first_cpp_pkg/local_setup.bash
[9.472s] -- Up-to-date: /home/rds/Desktop/git_ws/ROS_ws/install/first_cpp_pkg/share/first_cpp_pkg/local_setup.sh
[9.472s] -- Up-to-date: /home/rds/Desktop/git_ws/ROS_ws/install/first_cpp_pkg/share/first_cpp_pkg/local_setup.zsh
[9.472s] -- Up-to-date: /home/rds/Desktop/git_ws/ROS_ws/install/first_cpp_pkg/share/first_cpp_pkg/local_setup.dsv
[9.472s] -- Installing: /home/rds/Desktop/git_ws/ROS_ws/install/first_cpp_pkg/share/first_cpp_pkg/package.dsv
[9.472s] -- Up-to-date: /home/rds/Desktop/git_ws/ROS_ws/install/first_cpp_pkg/share/ament_index/resource_index/packages/first_cpp_pkg
[9.472s] -- Up-to-date: /home/rds/Desktop/git_ws/ROS_ws/install/first_cpp_pkg/share/first_cpp_pkg/cmake/first_cpp_pkgConfig.cmake
[9.472s] -- Up-to-date: /home/rds/Desktop/git_ws/ROS_ws/install/first_cpp_pkg/share/first_cpp_pkg/cmake/first_cpp_pkgConfig-version.cmake
[9.472s] -- Up-to-date: /home/rds/Desktop/git_ws/ROS_ws/install/first_cpp_pkg/share/first_cpp_pkg/package.xml
[9.474s] Invoked command in '/home/rds/Desktop/git_ws/ROS_ws/build/first_cpp_pkg' returned '0': CMAKE_PREFIX_PATH=/home/rds/Desktop/git_ws/ROS_ws/install/first_package_msgs:/home/rds/Desktop/git_ws/urdf_ws/src/install/urdf_ws:/home/rds/Desktop/git_ws/ROS_ws/install/first_package_cpp:/home/rds/Desktop/git_ws/ROS_ws/install/first_cpp_pkg:/home/rds/Desktop/git_ws/ROS_ws/install/opencv_tutorials:/home/rds/Desktop/git_ws/ROS_ws/install/first_package:/opt/ros/humble LD_LIBRARY_PATH=/home/rds/Desktop/git_ws/ROS_ws/install/first_package_msgs/lib:/opt/ros/humble/opt/rviz_ogre_vendor/lib:/opt/ros/humble/lib/x86_64-linux-gnu:/opt/ros/humble/lib:/usr/local/cuda-11.8/lib64:/usr/local/cuda-11.8/lib64/ /usr/bin/cmake --install /home/rds/Desktop/git_ws/ROS_ws/build/first_cpp_pkg
