[0.762s] Invoking command in '/home/rds/Desktop/git_ws/ROS_ws/src/opencv_tutorials': PYTHONPATH=/home/rds/Desktop/git_ws/ROS_ws/build/opencv_tutorials/prefix_override:/home/rds/Desktop/git_ws/ROS_ws/install/opencv_tutorials/lib/python3.10/site-packages:${PYTHONPATH} /usr/bin/python3 -W ignore:setup.py install is deprecated setup.py egg_info --egg-base ../../build/opencv_tutorials build --build-base /home/rds/Desktop/git_ws/ROS_ws/build/opencv_tutorials/build install --record /home/rds/Desktop/git_ws/ROS_ws/build/opencv_tutorials/install.log --single-version-externally-managed install_data
[0.942s] running egg_info
[0.942s] writing ../../build/opencv_tutorials/opencv_tutorials.egg-info/PKG-INFO
[0.942s] writing dependency_links to ../../build/opencv_tutorials/opencv_tutorials.egg-info/dependency_links.txt
[0.942s] writing entry points to ../../build/opencv_tutorials/opencv_tutorials.egg-info/entry_points.txt
[0.943s] writing requirements to ../../build/opencv_tutorials/opencv_tutorials.egg-info/requires.txt
[0.943s] writing top-level names to ../../build/opencv_tutorials/opencv_tutorials.egg-info/top_level.txt
[0.944s] reading manifest file '../../build/opencv_tutorials/opencv_tutorials.egg-info/SOURCES.txt'
[0.944s] writing manifest file '../../build/opencv_tutorials/opencv_tutorials.egg-info/SOURCES.txt'
[0.944s] running build
[0.945s] running build_py
[0.945s] running install
[0.945s] running install_lib
[0.946s] running install_data
[0.946s] running install_egg_info
[0.947s] removing '/home/rds/Desktop/git_ws/ROS_ws/install/opencv_tutorials/lib/python3.10/site-packages/opencv_tutorials-0.0.0-py3.10.egg-info' (and everything under it)
[0.947s] Copying ../../build/opencv_tutorials/opencv_tutorials.egg-info to /home/rds/Desktop/git_ws/ROS_ws/install/opencv_tutorials/lib/python3.10/site-packages/opencv_tutorials-0.0.0-py3.10.egg-info
[0.948s] running install_scripts
[0.963s] Installing pub_comp_image script to /home/rds/Desktop/git_ws/ROS_ws/install/opencv_tutorials/lib/opencv_tutorials
[0.963s] Installing pub_image script to /home/rds/Desktop/git_ws/ROS_ws/install/opencv_tutorials/lib/opencv_tutorials
[0.963s] Installing sub_comp_image script to /home/rds/Desktop/git_ws/ROS_ws/install/opencv_tutorials/lib/opencv_tutorials
[0.963s] Installing sub_image script to /home/rds/Desktop/git_ws/ROS_ws/install/opencv_tutorials/lib/opencv_tutorials
[0.963s] writing list of installed files to '/home/rds/Desktop/git_ws/ROS_ws/build/opencv_tutorials/install.log'
[0.985s] Invoked command in '/home/rds/Desktop/git_ws/ROS_ws/src/opencv_tutorials' returned '0': PYTHONPATH=/home/rds/Desktop/git_ws/ROS_ws/build/opencv_tutorials/prefix_override:/home/rds/Desktop/git_ws/ROS_ws/install/opencv_tutorials/lib/python3.10/site-packages:${PYTHONPATH} /usr/bin/python3 -W ignore:setup.py install is deprecated setup.py egg_info --egg-base ../../build/opencv_tutorials build --build-base /home/rds/Desktop/git_ws/ROS_ws/build/opencv_tutorials/build install --record /home/rds/Desktop/git_ws/ROS_ws/build/opencv_tutorials/install.log --single-version-externally-managed install_data
