[0.009s] Invoking command in '/home/rds/Desktop/git_ws/ROS_ws/build/first_cpp_pkg': CMAKE_PREFIX_PATH=/home/rds/Desktop/git_ws/ROS_ws/install/first_package_msgs:/home/rds/Desktop/git_ws/ROS_ws/install/first_cpp_pkg:/home/rds/Desktop/git_ws/ROS_ws/install/first_package_cpp:/home/rds/Desktop/git_ws/ROS_ws/install/opencv_tutorials:/home/rds/Desktop/git_ws/ROS_ws/install/first_package:/opt/ros/humble LD_LIBRARY_PATH=/home/rds/Desktop/git_ws/ROS_ws/install/first_package_msgs/lib:/opt/ros/humble/opt/rviz_ogre_vendor/lib:/opt/ros/humble/lib/x86_64-linux-gnu:/opt/ros/humble/lib:/usr/local/cuda-11.8/lib64:/usr/local/cuda-11.8/lib64/ /usr/bin/cmake --build /home/rds/Desktop/git_ws/ROS_ws/build/first_cpp_pkg -- -j8 -l8
[0.049s] [35m[1mConsolidate compiler generated dependencies of target service_server[0m
[0.062s] [ 25%] Built target turtle_listener
[0.064s] [ 62%] Built target turtle_cmd_and_pose
[0.064s] [ 75%] Built target turtle_talker
[0.071s] [ 87%] [32mBuilding CXX object CMakeFiles/service_server.dir/src/service_server.cpp.o[0m
[1.868s] [01m[K/home/rds/Desktop/git_ws/ROS_ws/src/first_cpp_pkg/src/service_server.cpp:[m[K In constructor ‘[01m[KMultiSpawning::MultiSpawning()[m[K’:
[1.868s] [01m[K/home/rds/Desktop/git_ws/ROS_ws/src/first_cpp_pkg/src/service_server.cpp:17:54:[m[K [01;31m[Kerror: [m[Kuse of ‘[01m[Kauto MultiSpawning::Service_callback(std::shared_ptr<first_package_msgs::srv::MultiSpawn_Request_<std::allocator<void> > >, std::shared_ptr<first_package_msgs::srv::MultiSpawn_Response_<std::allocator<void> > >)[m[K’ before deduction of ‘[01m[Kauto[m[K’
[1.868s]    17 |             "multi_spawn", std::bind(&MultiSpawning::[01;31m[KService_callback[m[K, this, _1, _2));
[1.868s]       |                                                      [01;31m[K^~~~~~~~~~~~~~~~[m[K
[1.868s] [01m[K/home/rds/Desktop/git_ws/ROS_ws/src/first_cpp_pkg/src/service_server.cpp:[m[K In member function ‘[01m[Kfloat MultiSpawning::calc_position(int, float)[m[K’:
[1.868s] [01m[K/home/rds/Desktop/git_ws/ROS_ws/src/first_cpp_pkg/src/service_server.cpp:24:15:[m[K [01;35m[Kwarning: [m[Kunused variable ‘[01m[Ktheta[m[K’ [[01;35m[K]8;;https://gcc.gnu.org/onlinedocs/gcc/Warning-Options.html#index-Wunused-variable-Wunused-variable]8;;[m[K]
[1.868s]    24 |         float [01;35m[Ktheta[m[K = 2 * 3.14 / num;
[1.868s]       |               [01;35m[K^~~~~[m[K
[1.872s] [01m[K/home/rds/Desktop/git_ws/ROS_ws/src/first_cpp_pkg/src/service_server.cpp:[m[K In member function ‘[01m[Kauto MultiSpawning::Service_callback(std::shared_ptr<first_package_msgs::srv::MultiSpawn_Request_<std::allocator<void> > >, std::shared_ptr<first_package_msgs::srv::MultiSpawn_Response_<std::allocator<void> > >)[m[K’:
[1.872s] [01m[K/home/rds/Desktop/git_ws/ROS_ws/src/first_cpp_pkg/src/service_server.cpp:28:95:[m[K [01;35m[Kwarning: [m[Kunused parameter ‘[01m[Kreq[m[K’ [[01;35m[K]8;;https://gcc.gnu.org/onlinedocs/gcc/Warning-Options.html#index-Wunused-parameter-Wunused-parameter]8;;[m[K]
[1.872s]    28 |     auto Service_callback([01;35m[Kconst std::shared_ptr<first_package_msgs::srv::MultiSpawn::Request> req[m[K,
[1.872s]       |                           [01;35m[K~~~~~~~~~~~~~~~~~~~~~~~~~~~~~~~~~~~~~~~~~~~~~~~~~~~~~~~~~~~~~~~~~~~~^~~[m[K
[2.195s] gmake[2]: *** [CMakeFiles/service_server.dir/build.make:76: CMakeFiles/service_server.dir/src/service_server.cpp.o] Error 1
[2.196s] gmake[1]: *** [CMakeFiles/Makefile2:221: CMakeFiles/service_server.dir/all] Error 2
[2.196s] gmake: *** [Makefile:146: all] Error 2
[2.197s] Invoked command in '/home/rds/Desktop/git_ws/ROS_ws/build/first_cpp_pkg' returned '2': CMAKE_PREFIX_PATH=/home/rds/Desktop/git_ws/ROS_ws/install/first_package_msgs:/home/rds/Desktop/git_ws/ROS_ws/install/first_cpp_pkg:/home/rds/Desktop/git_ws/ROS_ws/install/first_package_cpp:/home/rds/Desktop/git_ws/ROS_ws/install/opencv_tutorials:/home/rds/Desktop/git_ws/ROS_ws/install/first_package:/opt/ros/humble LD_LIBRARY_PATH=/home/rds/Desktop/git_ws/ROS_ws/install/first_package_msgs/lib:/opt/ros/humble/opt/rviz_ogre_vendor/lib:/opt/ros/humble/lib/x86_64-linux-gnu:/opt/ros/humble/lib:/usr/local/cuda-11.8/lib64:/usr/local/cuda-11.8/lib64/ /usr/bin/cmake --build /home/rds/Desktop/git_ws/ROS_ws/build/first_cpp_pkg -- -j8 -l8
