/home/rds/Desktop/git_ws/ROS_ws/install/first_package/lib/python3.10/site-packages/first_package/subscriber.py
/home/rds/Desktop/git_ws/ROS_ws/install/first_package/lib/python3.10/site-packages/first_package/__init__.py
/home/rds/Desktop/git_ws/ROS_ws/install/first_package/lib/python3.10/site-packages/first_package/first_node.py
/home/rds/Desktop/git_ws/ROS_ws/install/first_package/lib/python3.10/site-packages/first_package/publisher.py
/home/rds/Desktop/git_ws/ROS_ws/install/first_package/lib/python3.10/site-packages/first_package/__pycache__/subscriber.cpython-310.pyc
/home/rds/Desktop/git_ws/ROS_ws/install/first_package/lib/python3.10/site-packages/first_package/__pycache__/__init__.cpython-310.pyc
/home/rds/Desktop/git_ws/ROS_ws/install/first_package/lib/python3.10/site-packages/first_package/__pycache__/first_node.cpython-310.pyc
/home/rds/Desktop/git_ws/ROS_ws/install/first_package/lib/python3.10/site-packages/first_package/__pycache__/publisher.cpython-310.pyc
/home/rds/Desktop/git_ws/ROS_ws/install/first_package/share/ament_index/resource_index/packages/first_package
/home/rds/Desktop/git_ws/ROS_ws/install/first_package/share/first_package/package.xml
/home/rds/Desktop/git_ws/ROS_ws/install/first_package/lib/python3.10/site-packages/first_package-0.0.0-py3.10.egg-info/zip-safe
/home/rds/Desktop/git_ws/ROS_ws/install/first_package/lib/python3.10/site-packages/first_package-0.0.0-py3.10.egg-info/top_level.txt
/home/rds/Desktop/git_ws/ROS_ws/install/first_package/lib/python3.10/site-packages/first_package-0.0.0-py3.10.egg-info/entry_points.txt
/home/rds/Desktop/git_ws/ROS_ws/install/first_package/lib/python3.10/site-packages/first_package-0.0.0-py3.10.egg-info/SOURCES.txt
/home/rds/Desktop/git_ws/ROS_ws/install/first_package/lib/python3.10/site-packages/first_package-0.0.0-py3.10.egg-info/dependency_links.txt
/home/rds/Desktop/git_ws/ROS_ws/install/first_package/lib/python3.10/site-packages/first_package-0.0.0-py3.10.egg-info/requires.txt
/home/rds/Desktop/git_ws/ROS_ws/install/first_package/lib/python3.10/site-packages/first_package-0.0.0-py3.10.egg-info/PKG-INFO
/home/rds/Desktop/git_ws/ROS_ws/install/first_package/lib/first_package/first_node
/home/rds/Desktop/git_ws/ROS_ws/install/first_package/lib/first_package/publisher
/home/rds/Desktop/git_ws/ROS_ws/install/first_package/lib/first_package/subscriber
