[0.437s] Invoking command in '/home/rds/Desktop/git_ws/ROS_ws/src/first_package': PYTHONPATH=/home/rds/Desktop/git_ws/ROS_ws/build/first_package/prefix_override:/home/rds/Desktop/git_ws/ROS_ws/install/first_package/lib/python3.10/site-packages:${PYTHONPATH} /usr/bin/python3 -W ignore:setup.py install is deprecated setup.py egg_info --egg-base ../../build/first_package build --build-base /home/rds/Desktop/git_ws/ROS_ws/build/first_package/build install --record /home/rds/Desktop/git_ws/ROS_ws/build/first_package/install.log --single-version-externally-managed install_data
[0.642s] running egg_info
[0.643s] writing ../../build/first_package/first_package.egg-info/PKG-INFO
[0.643s] writing dependency_links to ../../build/first_package/first_package.egg-info/dependency_links.txt
[0.643s] writing entry points to ../../build/first_package/first_package.egg-info/entry_points.txt
[0.643s] writing requirements to ../../build/first_package/first_package.egg-info/requires.txt
[0.643s] writing top-level names to ../../build/first_package/first_package.egg-info/top_level.txt
[0.644s] reading manifest file '../../build/first_package/first_package.egg-info/SOURCES.txt'
[0.645s] writing manifest file '../../build/first_package/first_package.egg-info/SOURCES.txt'
[0.645s] running build
[0.645s] running build_py
[0.645s] copying first_package/dist_turtle_action_server.py -> /home/rds/Desktop/git_ws/ROS_ws/build/first_package/build/lib/first_package
[0.646s] running install
[0.646s] running install_lib
[0.647s] copying /home/rds/Desktop/git_ws/ROS_ws/build/first_package/build/lib/first_package/dist_turtle_action_server.py -> /home/rds/Desktop/git_ws/ROS_ws/install/first_package/lib/python3.10/site-packages/first_package
[0.647s] byte-compiling /home/rds/Desktop/git_ws/ROS_ws/install/first_package/lib/python3.10/site-packages/first_package/dist_turtle_action_server.py to dist_turtle_action_server.cpython-310.pyc
[0.648s] running install_data
[0.648s] running install_egg_info
[0.649s] removing '/home/rds/Desktop/git_ws/ROS_ws/install/first_package/lib/python3.10/site-packages/first_package-0.0.0-py3.10.egg-info' (and everything under it)
[0.649s] Copying ../../build/first_package/first_package.egg-info to /home/rds/Desktop/git_ws/ROS_ws/install/first_package/lib/python3.10/site-packages/first_package-0.0.0-py3.10.egg-info
[0.649s] running install_scripts
[0.663s] Installing Dist_turtle_server script to /home/rds/Desktop/git_ws/ROS_ws/install/first_package/lib/first_package
[0.663s] Installing first_node script to /home/rds/Desktop/git_ws/ROS_ws/install/first_package/lib/first_package
[0.663s] Installing pub_comp_image script to /home/rds/Desktop/git_ws/ROS_ws/install/first_package/lib/first_package
[0.663s] Installing pub_image script to /home/rds/Desktop/git_ws/ROS_ws/install/first_package/lib/first_package
[0.663s] Installing publisher script to /home/rds/Desktop/git_ws/ROS_ws/install/first_package/lib/first_package
[0.663s] Installing service_server script to /home/rds/Desktop/git_ws/ROS_ws/install/first_package/lib/first_package
[0.664s] Installing sub_comp_image script to /home/rds/Desktop/git_ws/ROS_ws/install/first_package/lib/first_package
[0.664s] Installing sub_image script to /home/rds/Desktop/git_ws/ROS_ws/install/first_package/lib/first_package
[0.664s] Installing subscriber script to /home/rds/Desktop/git_ws/ROS_ws/install/first_package/lib/first_package
[0.664s] Installing turtle_cmd_and_pose script to /home/rds/Desktop/git_ws/ROS_ws/install/first_package/lib/first_package
[0.664s] writing list of installed files to '/home/rds/Desktop/git_ws/ROS_ws/build/first_package/install.log'
[0.684s] Invoked command in '/home/rds/Desktop/git_ws/ROS_ws/src/first_package' returned '0': PYTHONPATH=/home/rds/Desktop/git_ws/ROS_ws/build/first_package/prefix_override:/home/rds/Desktop/git_ws/ROS_ws/install/first_package/lib/python3.10/site-packages:${PYTHONPATH} /usr/bin/python3 -W ignore:setup.py install is deprecated setup.py egg_info --egg-base ../../build/first_package build --build-base /home/rds/Desktop/git_ws/ROS_ws/build/first_package/build install --record /home/rds/Desktop/git_ws/ROS_ws/build/first_package/install.log --single-version-externally-managed install_data
