[0.833s] Invoking command in '/home/rds/Desktop/git_ws/ROS_ws/src/opencv_tutorials': PYTHONPATH=/home/rds/Desktop/git_ws/ROS_ws/build/opencv_tutorials/prefix_override:/home/rds/Desktop/git_ws/ROS_ws/install/opencv_tutorials/lib/python3.10/site-packages:${PYTHONPATH} /usr/bin/python3 -W ignore:setup.py install is deprecated setup.py egg_info --egg-base ../../build/opencv_tutorials build --build-base /home/rds/Desktop/git_ws/ROS_ws/build/opencv_tutorials/build install --record /home/rds/Desktop/git_ws/ROS_ws/build/opencv_tutorials/install.log --single-version-externally-managed install_data
[1.027s] running egg_info
[1.027s] writing ../../build/opencv_tutorials/opencv_tutorials.egg-info/PKG-INFO
[1.028s] writing dependency_links to ../../build/opencv_tutorials/opencv_tutorials.egg-info/dependency_links.txt
[1.028s] writing entry points to ../../build/opencv_tutorials/opencv_tutorials.egg-info/entry_points.txt
[1.028s] writing requirements to ../../build/opencv_tutorials/opencv_tutorials.egg-info/requires.txt
[1.028s] writing top-level names to ../../build/opencv_tutorials/opencv_tutorials.egg-info/top_level.txt
[1.029s] reading manifest file '../../build/opencv_tutorials/opencv_tutorials.egg-info/SOURCES.txt'
[1.030s] writing manifest file '../../build/opencv_tutorials/opencv_tutorials.egg-info/SOURCES.txt'
[1.030s] running build
[1.030s] running build_py
[1.030s] running install
[1.030s] running install_lib
[1.031s] running install_data
[1.031s] running install_egg_info
[1.033s] removing '/home/rds/Desktop/git_ws/ROS_ws/install/opencv_tutorials/lib/python3.10/site-packages/opencv_tutorials-0.0.0-py3.10.egg-info' (and everything under it)
[1.033s] Copying ../../build/opencv_tutorials/opencv_tutorials.egg-info to /home/rds/Desktop/git_ws/ROS_ws/install/opencv_tutorials/lib/python3.10/site-packages/opencv_tutorials-0.0.0-py3.10.egg-info
[1.033s] running install_scripts
[1.049s] Installing pub_comp_image script to /home/rds/Desktop/git_ws/ROS_ws/install/opencv_tutorials/lib/opencv_tutorials
[1.050s] Installing pub_image script to /home/rds/Desktop/git_ws/ROS_ws/install/opencv_tutorials/lib/opencv_tutorials
[1.050s] Installing sub_comp_image script to /home/rds/Desktop/git_ws/ROS_ws/install/opencv_tutorials/lib/opencv_tutorials
[1.050s] Installing sub_image script to /home/rds/Desktop/git_ws/ROS_ws/install/opencv_tutorials/lib/opencv_tutorials
[1.051s] writing list of installed files to '/home/rds/Desktop/git_ws/ROS_ws/build/opencv_tutorials/install.log'
[1.081s] Invoked command in '/home/rds/Desktop/git_ws/ROS_ws/src/opencv_tutorials' returned '0': PYTHONPATH=/home/rds/Desktop/git_ws/ROS_ws/build/opencv_tutorials/prefix_override:/home/rds/Desktop/git_ws/ROS_ws/install/opencv_tutorials/lib/python3.10/site-packages:${PYTHONPATH} /usr/bin/python3 -W ignore:setup.py install is deprecated setup.py egg_info --egg-base ../../build/opencv_tutorials build --build-base /home/rds/Desktop/git_ws/ROS_ws/build/opencv_tutorials/build install --record /home/rds/Desktop/git_ws/ROS_ws/build/opencv_tutorials/install.log --single-version-externally-managed install_data
